#
# A fatal error has been detected by the Java Runtime Environment:
#
#  EXCEPTION_ACCESS_VIOLATION (0xc0000005) at pc=0x000007fee60ec96d, pid=4356, tid=12096
#
# JRE version: 7.0_21-b11
# Java VM: Java HotSpot(TM) 64-Bit Server VM (23.21-b01 mixed mode windows-amd64 compressed oops)
# Problematic frame:
# C  [opencv_core248.dll+0x13c96d]  cvKMeans2+0x9ad
#
# Failed to write core dump. Minidumps are not enabled by default on client versions of Windows
#
# If you would like to submit a bug report, please visit:
#   http://bugreport.sun.com/bugreport/crash.jsp
# The crash happened outside the Java Virtual Machine in native code.
# See problematic frame for where to report the bug.
#

---------------  T H R E A D  ---------------

Current thread (0x000000000240b000):  JavaThread "main" [_thread_in_native, id=12096, stack(0x00000000027f0000,0x00000000028f0000)]

siginfo: ExceptionCode=0xc0000005, writing address 0x0000000001d20000

Registers:
RAX=0x00000000028ee1b0, RBX=0x000000000c5c8920, RCX=0x4f2f295f1d970000, RDX=0x0000000000989810
RSP=0x00000000028ee570, RBP=0x00000000028ee670, RSI=0x0000000001d20000, RDI=0x000000000c5c8a60
R8 =0x000000000000037f, R9 =0xfeeefeeefeeefeee, R10=0x0000000001d50158, R11=0x00000000028ee528
R12=0x000000000000000a, R13=0x00000000028ee960, R14=0x0000000000000000, R15=0x000000000c5c8920
RIP=0x000007fee60ec96d, EFLAGS=0x0000000000010206

Top of Stack: (sp=0x00000000028ee570)
0x00000000028ee570:   000000000c5c8920 ffffffffffffffff
0x00000000028ee580:   000000000c5c8920 0000000001d20000
0x00000000028ee590:   0000000000000003 0000000000000001
0x00000000028ee5a0:   00000000028ee5c0 0000000000000000
0x00000000028ee5b0:   0000006400000002 3ff0000000000000
0x00000000028ee5c0:   000007fee6180238 0000000000010000
0x00000000028ee5d0:   00000000028ee6c0 0000000000000000
0x00000000028ee5e0:   fffffffffffffffe 000007fee616c7f8
0x00000000028ee5f0:   0000000000010000 00000000028ee720
0x00000000028ee600:   0000000000000000 00000000000000a9
0x00000000028ee610:   0000000002407850 00001532b2b32b35
0x00000000028ee620:   00000000000000b8 000000006e9cdc8d
0x00000000028ee630:   000000000240bb80 000007fee6180238
0x00000000028ee640:   0000000000010000 00000000028ee780
0x00000000028ee650:   0000000000000000 000000006ea09bf0
0x00000000028ee660:   0000000242ff4005 0000008000000000 

Instructions: (pc=0x000007fee60ec96d)
0x000007fee60ec94d:   00 89 44 24 20 4c 8d 4c 24 40 4c 8d 45 c8 41 8b
0x000007fee60ec95d:   d4 48 8d 4c 24 78 e8 b8 d6 ff ff 48 85 f6 74 04
0x000007fee60ec96d:   f2 0f 11 06 48 8b 4d 68 48 85 c9 74 36 83 ca ff
0x000007fee60ec97d:   e8 0e b2 04 00 83 f8 01 75 29 48 8b 8d 88 00 00 


Register to memory mapping:

RAX=0x00000000028ee1b0 is pointing into the stack for thread: 0x000000000240b000
RBX=0x000000000c5c8920 is an unknown value
RCX=0x4f2f295f1d970000 is an unknown value
RDX=0x0000000000989810 is an unknown value
RSP=0x00000000028ee570 is pointing into the stack for thread: 0x000000000240b000
RBP=0x00000000028ee670 is pointing into the stack for thread: 0x000000000240b000
RSI=0x0000000001d20000 is an unknown value
RDI=0x000000000c5c8a60 is an unknown value
R8 =0x000000000000037f is an unknown value
R9 =0xfeeefeeefeeefeee is an unknown value
R10=0x0000000001d50158 is an unknown value
R11=0x00000000028ee528 is pointing into the stack for thread: 0x000000000240b000
R12=0x000000000000000a is an unknown value
R13=0x00000000028ee960 is pointing into the stack for thread: 0x000000000240b000
R14=0x0000000000000000 is an unknown value
R15=0x000000000c5c8920 is an unknown value


Stack: [0x00000000027f0000,0x00000000028f0000],  sp=0x00000000028ee570,  free space=1017k
Native frames: (J=compiled Java code, j=interpreted, Vv=VM code, C=native code)
C  [opencv_core248.dll+0x13c96d]  cvKMeans2+0x9ad

Java frames: (J=compiled Java code, j=interpreted, Vv=VM code)
j  com.googlecode.javacv.cpp.opencv_core.cvKMeans2(Lcom/googlecode/javacv/cpp/opencv_core$CvArr;ILcom/googlecode/javacv/cpp/opencv_core$CvArr;Lcom/googlecode/javacv/cpp/opencv_core$CvTermCriteria;ILcom/googlecode/javacv/cpp/opencv_core$CvRNG;ILcom/googlecode/javacv/cpp/opencv_core$CvArr;[D)I+0
J  com.wendy.plsa.BuildKmeans.main([Ljava/lang/String;)V
v  ~StubRoutines::call_stub
j  sun.reflect.NativeMethodAccessorImpl.invoke0(Ljava/lang/reflect/Method;Ljava/lang/Object;[Ljava/lang/Object;)Ljava/lang/Object;+0
j  sun.reflect.NativeMethodAccessorImpl.invoke(Ljava/lang/Object;[Ljava/lang/Object;)Ljava/lang/Object;+87
j  sun.reflect.DelegatingMethodAccessorImpl.invoke(Ljava/lang/Object;[Ljava/lang/Object;)Ljava/lang/Object;+6
j  java.lang.reflect.Method.invoke(Ljava/lang/Object;[Ljava/lang/Object;)Ljava/lang/Object;+57
j  com.intellij.rt.execution.application.AppMain.main([Ljava/lang/String;)V+140
v  ~StubRoutines::call_stub

---------------  P R O C E S S  ---------------

Java Threads: ( => current thread )
  0x000000000c885800 JavaThread "Java2D Disposer" daemon [_thread_blocked, id=11540, stack(0x000000000cf90000,0x000000000d090000)]
  0x000000000c786000 JavaThread "Monitor Ctrl-Break" daemon [_thread_in_native, id=2372, stack(0x000000000cd70000,0x000000000ce70000)]
  0x000000000a605800 JavaThread "Service Thread" daemon [_thread_blocked, id=1644, stack(0x000000000bee0000,0x000000000bfe0000)]
  0x000000000a5fd800 JavaThread "C2 CompilerThread1" daemon [_thread_blocked, id=9704, stack(0x000000000bc70000,0x000000000bd70000)]
  0x000000000a5f3800 JavaThread "C2 CompilerThread0" daemon [_thread_blocked, id=11780, stack(0x000000000ba30000,0x000000000bb30000)]
  0x000000000a5f2800 JavaThread "Attach Listener" daemon [_thread_blocked, id=6800, stack(0x000000000b830000,0x000000000b930000)]
  0x000000000a5eb000 JavaThread "Signal Dispatcher" daemon [_thread_blocked, id=11468, stack(0x000000000b330000,0x000000000b430000)]
  0x00000000024cb800 JavaThread "Finalizer" daemon [_thread_blocked, id=10100, stack(0x000000000b6f0000,0x000000000b7f0000)]
  0x000000000a543800 JavaThread "Reference Handler" daemon [_thread_blocked, id=8940, stack(0x000000000b5c0000,0x000000000b6c0000)]
=>0x000000000240b000 JavaThread "main" [_thread_in_native, id=12096, stack(0x00000000027f0000,0x00000000028f0000)]

Other Threads:
  0x000000000a542000 VMThread [stack: 0x000000000b490000,0x000000000b590000] [id=9384]
  0x000000000a62f000 WatcherThread [stack: 0x000000000c3e0000,0x000000000c4e0000] [id=11732]

VM state:not at safepoint (normal execution)

VM Mutex/Monitor currently owned by a thread: None

Heap
 PSYoungGen      total 400384K, used 121104K [0x00000000e10b0000, 0x00000000fffe0000, 0x0000000100000000)
  eden space 353984K, 27% used [0x00000000e10b0000,0x00000000e6ff3870,0x00000000f6a60000)
  from space 46400K, 50% used [0x00000000f6a60000,0x00000000f8160800,0x00000000f97b0000)
  to   space 45312K, 0% used [0x00000000fd3a0000,0x00000000fd3a0000,0x00000000fffe0000)
 ParOldGen       total 89472K, used 46459K [0x00000000a3200000, 0x00000000a8960000, 0x00000000e10b0000)
  object space 89472K, 51% used [0x00000000a3200000,0x00000000a5f5ef68,0x00000000a8960000)
 PSPermGen       total 21248K, used 5934K [0x000000009e000000, 0x000000009f4c0000, 0x00000000a3200000)
  object space 21248K, 27% used [0x000000009e000000,0x000000009e5cbbf0,0x000000009f4c0000)

Card table byte_map: [0x00000000058f0000,0x0000000005c10000] byte_map_base: 0x0000000005400000

Polling page: 0x0000000000130000

Code Cache  [0x00000000028f0000, 0x0000000002b60000, 0x00000000058f0000)
 total_blobs=419 nmethods=123 adapters=247 free_code_cache=48396Kb largest_free_block=49544192

Compilation events (10 events):
Event: 12.999 Thread 0x000000000a5fd800 nmethod 102 0x00000000029a92d0 code [0x00000000029a9420, 0x00000000029a9588]
Event: 13.001 Thread 0x000000000a5f3800 nmethod 103 0x00000000029ad050 code [0x00000000029ad1a0, 0x00000000029ad3f8]
Event: 13.003 Thread 0x000000000a5fd800  104             java.net.URI$Parser::charAt (9 bytes)
Event: 13.004 Thread 0x000000000a5fd800 nmethod 104 0x00000000029a8f90 code [0x00000000029a90e0, 0x00000000029a9198]
Event: 13.006 Thread 0x000000000a5f3800  105             java.net.URI::match (56 bytes)
Event: 13.007 Thread 0x000000000a5f3800 nmethod 105 0x00000000029ad590 code [0x00000000029ad6c0, 0x00000000029ad738]
Event: 13.018 Thread 0x000000000a5fd800  107             com.googlecode.javacpp.IntPointer::put (7 bytes)
Event: 13.019 Thread 0x000000000a5fd800 nmethod 107 0x00000000029ac410 code [0x00000000029ac560, 0x00000000029ac5e8]
Event: 13.019 Thread 0x000000000a5f3800   15 %           com.wendy.plsa.BuildKmeans::main @ 93 (165 bytes)
Event: 13.033 Thread 0x000000000a5f3800 nmethod 15% 0x00000000029ae710 code [0x00000000029ae8e0, 0x00000000029aef80]

GC Heap History (10 events):
Event: 5.344 GC heap before
{Heap before GC invocations=10 (full 1):
 PSYoungGen      total 203392K, used 179648K [0x00000000e10b0000, 0x00000000f0fb0000, 0x0000000100000000)
  eden space 179648K, 100% used [0x00000000e10b0000,0x00000000ec020000,0x00000000ec020000)
  from space 23744K, 0% used [0x00000000ee260000,0x00000000ee260000,0x00000000ef990000)
  to   space 35072K, 0% used [0x00000000ec020000,0x00000000ec020000,0x00000000ee260000)
 ParOldGen       total 89472K, used 39270K [0x00000000a3200000, 0x00000000a8960000, 0x00000000e10b0000)
  object space 89472K, 43% used [0x00000000a3200000,0x00000000a5859b38,0x00000000a8960000)
 PSPermGen       total 21248K, used 4667K [0x000000009e000000, 0x000000009f4c0000, 0x00000000a3200000)
  object space 21248K, 21% used [0x000000009e000000,0x000000009e48ee88,0x000000009f4c0000)
Event: 5.360 GC heap after
Heap after GC invocations=10 (full 1):
 PSYoungGen      total 214720K, used 35060K [0x00000000e10b0000, 0x00000000f6080000, 0x0000000100000000)
  eden space 179648K, 0% used [0x00000000e10b0000,0x00000000e10b0000,0x00000000ec020000)
  from space 35072K, 99% used [0x00000000ec020000,0x00000000ee25d0f0,0x00000000ee260000)
  to   space 42816K, 0% used [0x00000000f36b0000,0x00000000f36b0000,0x00000000f6080000)
 ParOldGen       total 89472K, used 42552K [0x00000000a3200000, 0x00000000a8960000, 0x00000000e10b0000)
  object space 89472K, 47% used [0x00000000a3200000,0x00000000a5b8e360,0x00000000a8960000)
 PSPermGen       total 21248K, used 4667K [0x000000009e000000, 0x000000009f4c0000, 0x00000000a3200000)
  object space 21248K, 21% used [0x000000009e000000,0x000000009e48ee88,0x000000009f4c0000)
}
Event: 6.330 GC heap before
{Heap before GC invocations=11 (full 1):
 PSYoungGen      total 214720K, used 214708K [0x00000000e10b0000, 0x00000000f6080000, 0x0000000100000000)
  eden space 179648K, 100% used [0x00000000e10b0000,0x00000000ec020000,0x00000000ec020000)
  from space 35072K, 99% used [0x00000000ec020000,0x00000000ee25d0f0,0x00000000ee260000)
  to   space 42816K, 0% used [0x00000000f36b0000,0x00000000f36b0000,0x00000000f6080000)
 ParOldGen       total 89472K, used 42552K [0x00000000a3200000, 0x00000000a8960000, 0x00000000e10b0000)
  object space 89472K, 47% used [0x00000000a3200000,0x00000000a5b8e360,0x00000000a8960000)
 PSPermGen       total 21248K, used 4667K [0x000000009e000000, 0x000000009f4c0000, 0x00000000a3200000)
  object space 21248K, 21% used [0x000000009e000000,0x000000009e48ee88,0x000000009f4c0000)
Event: 6.342 GC heap after
Heap after GC invocations=11 (full 1):
 PSYoungGen      total 297216K, used 26512K [0x00000000e10b0000, 0x00000000f5fd0000, 0x0000000100000000)
  eden space 255104K, 0% used [0x00000000e10b0000,0x00000000e10b0000,0x00000000f09d0000)
  from space 42112K, 62% used [0x00000000f36b0000,0x00000000f50940b0,0x00000000f5fd0000)
  to   space 44032K, 0% used [0x00000000f09d0000,0x00000000f09d0000,0x00000000f34d0000)
 ParOldGen       total 89472K, used 42552K [0x00000000a3200000, 0x00000000a8960000, 0x00000000e10b0000)
  object space 89472K, 47% used [0x00000000a3200000,0x00000000a5b8e360,0x00000000a8960000)
 PSPermGen       total 21248K, used 4667K [0x000000009e000000, 0x000000009f4c0000, 0x00000000a3200000)
  object space 21248K, 21% used [0x000000009e000000,0x000000009e48ee88,0x000000009f4c0000)
}
Event: 8.057 GC heap before
{Heap before GC invocations=12 (full 1):
 PSYoungGen      total 297216K, used 281616K [0x00000000e10b0000, 0x00000000f5fd0000, 0x0000000100000000)
  eden space 255104K, 100% used [0x00000000e10b0000,0x00000000f09d0000,0x00000000f09d0000)
  from space 42112K, 62% used [0x00000000f36b0000,0x00000000f50940b0,0x00000000f5fd0000)
  to   space 44032K, 0% used [0x00000000f09d0000,0x00000000f09d0000,0x00000000f34d0000)
 ParOldGen       total 89472K, used 42552K [0x00000000a3200000, 0x00000000a8960000, 0x00000000e10b0000)
  object space 89472K, 47% used [0x00000000a3200000,0x00000000a5b8e360,0x00000000a8960000)
 PSPermGen       total 21248K, used 4668K [0x000000009e000000, 0x000000009f4c0000, 0x00000000a3200000)
  object space 21248K, 21% used [0x000000009e000000,0x000000009e48f1b8,0x000000009f4c0000)
Event: 8.077 GC heap after
Heap after GC invocations=12 (full 1):
 PSYoungGen      total 299136K, used 26517K [0x00000000e10b0000, 0x00000000fc580000, 0x0000000100000000)
  eden space 255104K, 0% used [0x00000000e10b0000,0x00000000e10b0000,0x00000000f09d0000)
  from space 44032K, 60% used [0x00000000f09d0000,0x00000000f23b5680,0x00000000f34d0000)
  to   space 44864K, 0% used [0x00000000f99b0000,0x00000000f99b0000,0x00000000fc580000)
 ParOldGen       total 89472K, used 43795K [0x00000000a3200000, 0x00000000a8960000, 0x00000000e10b0000)
  object space 89472K, 48% used [0x00000000a3200000,0x00000000a5cc4f68,0x00000000a8960000)
 PSPermGen       total 21248K, used 4668K [0x000000009e000000, 0x000000009f4c0000, 0x00000000a3200000)
  object space 21248K, 21% used [0x000000009e000000,0x000000009e48f1b8,0x000000009f4c0000)
}
Event: 9.841 GC heap before
{Heap before GC invocations=13 (full 1):
 PSYoungGen      total 299136K, used 281621K [0x00000000e10b0000, 0x00000000fc580000, 0x0000000100000000)
  eden space 255104K, 100% used [0x00000000e10b0000,0x00000000f09d0000,0x00000000f09d0000)
  from space 44032K, 60% used [0x00000000f09d0000,0x00000000f23b5680,0x00000000f34d0000)
  to   space 44864K, 0% used [0x00000000f99b0000,0x00000000f99b0000,0x00000000fc580000)
 ParOldGen       total 89472K, used 43795K [0x00000000a3200000, 0x00000000a8960000, 0x00000000e10b0000)
  object space 89472K, 48% used [0x00000000a3200000,0x00000000a5cc4f68,0x00000000a8960000)
 PSPermGen       total 21248K, used 4668K [0x000000009e000000, 0x000000009f4c0000, 0x00000000a3200000)
  object space 21248K, 21% used [0x000000009e000000,0x000000009e48f1b8,0x000000009f4c0000)
Event: 9.864 GC heap after
Heap after GC invocations=13 (full 1):
 PSYoungGen      total 398336K, used 29309K [0x00000000e10b0000, 0x00000000fc500000, 0x0000000100000000)
  eden space 353984K, 0% used [0x00000000e10b0000,0x00000000e10b0000,0x00000000f6a60000)
  from space 44352K, 66% used [0x00000000f99b0000,0x00000000fb64f658,0x00000000fc500000)
  to   space 46400K, 0% used [0x00000000f6a60000,0x00000000f6a60000,0x00000000f97b0000)
 ParOldGen       total 89472K, used 45347K [0x00000000a3200000, 0x00000000a8960000, 0x00000000e10b0000)
  object space 89472K, 50% used [0x00000000a3200000,0x00000000a5e48f68,0x00000000a8960000)
 PSPermGen       total 21248K, used 4668K [0x000000009e000000, 0x000000009f4c0000, 0x00000000a3200000)
  object space 21248K, 21% used [0x000000009e000000,0x000000009e48f1b8,0x000000009f4c0000)
}
Event: 12.520 GC heap before
{Heap before GC invocations=14 (full 1):
 PSYoungGen      total 398336K, used 383293K [0x00000000e10b0000, 0x00000000fc500000, 0x0000000100000000)
  eden space 353984K, 100% used [0x00000000e10b0000,0x00000000f6a60000,0x00000000f6a60000)
  from space 44352K, 66% used [0x00000000f99b0000,0x00000000fb64f658,0x00000000fc500000)
  to   space 46400K, 0% used [0x00000000f6a60000,0x00000000f6a60000,0x00000000f97b0000)
 ParOldGen       total 89472K, used 45347K [0x00000000a3200000, 0x00000000a8960000, 0x00000000e10b0000)
  object space 89472K, 50% used [0x00000000a3200000,0x00000000a5e48f68,0x00000000a8960000)
 PSPermGen       total 21248K, used 4669K [0x000000009e000000, 0x000000009f4c0000, 0x00000000a3200000)
  object space 21248K, 21% used [0x000000009e000000,0x000000009e48f7f0,0x000000009f4c0000)
Event: 12.571 GC heap after
Heap after GC invocations=14 (full 1):
 PSYoungGen      total 400384K, used 23554K [0x00000000e10b0000, 0x00000000fffe0000, 0x0000000100000000)
  eden space 353984K, 0% used [0x00000000e10b0000,0x00000000e10b0000,0x00000000f6a60000)
  from space 46400K, 50% used [0x00000000f6a60000,0x00000000f8160800,0x00000000f97b0000)
  to   space 45312K, 0% used [0x00000000fd3a0000,0x00000000fd3a0000,0x00000000fffe0000)
 ParOldGen       total 89472K, used 46459K [0x00000000a3200000, 0x00000000a8960000, 0x00000000e10b0000)
  object space 89472K, 51% used [0x00000000a3200000,0x00000000a5f5ef68,0x00000000a8960000)
 PSPermGen       total 21248K, used 4669K [0x000000009e000000, 0x000000009f4c0000, 0x00000000a3200000)
  object space 21248K, 21% used [0x000000009e000000,0x000000009e48f7f0,0x000000009f4c0000)
}

Deoptimization events (4 events):
Event: 0.676 Thread 0x000000000240b000 Uncommon trap -83 fr.pc 0x0000000002970f18
Event: 0.678 Thread 0x000000000240b000 Uncommon trap -83 fr.pc 0x0000000002968520
Event: 1.154 Thread 0x000000000240b000 Uncommon trap 27 fr.pc 0x000000000297e920
Event: 12.831 Thread 0x000000000240b000 Uncommon trap -34 fr.pc 0x00000000029a21d8

Internal exceptions (10 events):
Event: 12.975 Thread 0x000000000240b000 Threw 0x00000000e31b8c60 at C:\jdk7u2_64p\jdk7u21\hotspot\src\share\vm\prims\jvm.cpp:1166
Event: 12.975 Thread 0x000000000240b000 Threw 0x00000000e31bd9c8 at C:\jdk7u2_64p\jdk7u21\hotspot\src\share\vm\prims\jvm.cpp:1166
Event: 12.976 Thread 0x000000000240b000 Threw 0x00000000e31c2580 at C:\jdk7u2_64p\jdk7u21\hotspot\src\share\vm\prims\jvm.cpp:1166
Event: 12.976 Thread 0x000000000240b000 Threw 0x00000000e31c7e88 at C:\jdk7u2_64p\jdk7u21\hotspot\src\share\vm\prims\jvm.cpp:1166
Event: 12.977 Thread 0x000000000240b000 Threw 0x00000000e31cd038 at C:\jdk7u2_64p\jdk7u21\hotspot\src\share\vm\prims\jvm.cpp:1166
Event: 13.007 Thread 0x000000000240b000 Threw 0x00000000e323a8f8 at C:\jdk7u2_64p\jdk7u21\hotspot\src\share\vm\prims\jvm.cpp:1166
Event: 13.008 Thread 0x000000000240b000 Threw 0x00000000e323ecd8 at C:\jdk7u2_64p\jdk7u21\hotspot\src\share\vm\prims\jvm.cpp:1166
Event: 13.010 Thread 0x000000000240b000 Threw 0x00000000e3248478 at C:\jdk7u2_64p\jdk7u21\hotspot\src\share\vm\prims\jvm.cpp:1166
Event: 13.011 Thread 0x000000000240b000 Threw 0x00000000e324d248 at C:\jdk7u2_64p\jdk7u21\hotspot\src\share\vm\prims\jvm.cpp:1166
Event: 13.013 Thread 0x000000000240b000 Threw 0x00000000e3252778 at C:\jdk7u2_64p\jdk7u21\hotspot\src\share\vm\prims\jvm.cpp:1166

Events (10 events):
Event: 13.008 loading class 0x000000000c3dcfe0
Event: 13.008 loading class 0x000000000c3dcfe0 done
Event: 13.010 loading class 0x000000000c3dd530
Event: 13.010 loading class 0x000000000c3dd530 done
Event: 13.011 loading class 0x000000000c3dd4e0
Event: 13.011 loading class 0x000000000c3dd4e0 done
Event: 13.013 loading class 0x000000000c38cb40
Event: 13.013 loading class 0x000000000c38cb40 done
Event: 13.014 loading class 0x000000000a56bea0
Event: 13.014 loading class 0x000000000a56bea0 done


Dynamic libraries:
0x000000013fc20000 - 0x000000013fc53000 	C:\Program Files\Java\jdk1.7.0_21\bin\java.exe
0x00000000771a0000 - 0x0000000077349000 	C:\Windows\SYSTEM32\ntdll.dll
0x0000000076f40000 - 0x000000007705f000 	C:\Windows\system32\kernel32.dll
0x000007fefcf70000 - 0x000007fefcfdb000 	C:\Windows\system32\KERNELBASE.dll
0x000007fefd8d0000 - 0x000007fefd9ab000 	C:\Windows\system32\ADVAPI32.dll
0x000007fefe840000 - 0x000007fefe8df000 	C:\Windows\system32\msvcrt.dll
0x000007fefd680000 - 0x000007fefd69f000 	C:\Windows\SYSTEM32\sechost.dll
0x000007fefd450000 - 0x000007fefd57d000 	C:\Windows\system32\RPCRT4.dll
0x0000000076e40000 - 0x0000000076f3a000 	C:\Windows\system32\USER32.dll
0x000007feff360000 - 0x000007feff3c7000 	C:\Windows\system32\GDI32.dll
0x000007feff350000 - 0x000007feff35e000 	C:\Windows\system32\LPK.dll
0x000007fefe930000 - 0x000007fefe9f9000 	C:\Windows\system32\USP10.dll
0x000007fefb7b0000 - 0x000007fefb9a4000 	C:\Windows\WinSxS\amd64_microsoft.windows.common-controls_6595b64144ccf1df_6.0.7601.17514_none_fa396087175ac9ac\COMCTL32.dll
0x000007fefedc0000 - 0x000007fefee31000 	C:\Windows\system32\SHLWAPI.dll
0x000007fefeb10000 - 0x000007fefeb3e000 	C:\Windows\system32\IMM32.DLL
0x000007fefea00000 - 0x000007fefeb09000 	C:\Windows\system32\MSCTF.dll
0x000000005ec40000 - 0x000000005ed11000 	C:\Program Files\Java\jdk1.7.0_21\jre\bin\msvcr100.dll
0x000000006e7a0000 - 0x000000006eec1000 	C:\Program Files\Java\jdk1.7.0_21\jre\bin\server\jvm.dll
0x000007fef9470000 - 0x000007fef9479000 	C:\Windows\system32\WSOCK32.dll
0x000007fefe8e0000 - 0x000007fefe92d000 	C:\Windows\system32\WS2_32.dll
0x000007feff340000 - 0x000007feff348000 	C:\Windows\system32\NSI.dll
0x000007fefd120000 - 0x000007fefd15b000 	C:\Windows\system32\WINMM.dll
0x0000000077360000 - 0x0000000077367000 	C:\Windows\system32\PSAPI.DLL
0x0000000066540000 - 0x000000006654f000 	C:\Program Files\Java\jdk1.7.0_21\jre\bin\verify.dll
0x00000000630b0000 - 0x00000000630d8000 	C:\Program Files\Java\jdk1.7.0_21\jre\bin\java.dll
0x0000000063090000 - 0x00000000630a5000 	C:\Program Files\Java\jdk1.7.0_21\jre\bin\zip.dll
0x000007fefa7c0000 - 0x000007fefa7d0000 	D:\Program Files (x86)\JetBrains\IntelliJ IDEA 13.0\bin\breakgen64.dll
0x00000000610f0000 - 0x0000000061109000 	C:\Program Files\Java\jdk1.7.0_21\jre\bin\net.dll
0x000007fefc580000 - 0x000007fefc5d5000 	C:\Windows\system32\mswsock.dll
0x000007fefc570000 - 0x000007fefc577000 	C:\Windows\System32\wship6.dll
0x0000000054650000 - 0x00000000547e3000 	C:\Program Files\Java\jdk1.7.0_21\jre\bin\awt.dll
0x000007feff3d0000 - 0x000007feff4a7000 	C:\Windows\system32\OLEAUT32.dll
0x000007fefd6a0000 - 0x000007fefd8a3000 	C:\Windows\system32\ole32.dll
0x000000005ec10000 - 0x000000005ec40000 	C:\Program Files\Java\jdk1.7.0_21\jre\bin\jpeg.dll
0x00000000548f0000 - 0x0000000054988000 	C:\Windows\System32\msvcp100.dll
0x000007fee5fb0000 - 0x000007fee6222000 	D:\workspace\dandan\opencv\build\x64\vc10\bin\opencv_core248.dll
0x000007fef5be0000 - 0x000007fef5c7a000 	C:\Users\pairwinter\AppData\Local\Temp\javacpp40822468291138\jniopencv_core.dll
0x000007fef4c60000 - 0x000007fef4d85000 	C:\Windows\system32\dbghelp.dll

VM Arguments:
jvm_args: -Didea.launcher.port=7540 -Didea.launcher.bin.path=D:\Program Files (x86)\JetBrains\IntelliJ IDEA 13.0\bin -Dfile.encoding=UTF-8 
java_command: com.intellij.rt.execution.application.AppMain com.wendy.plsa.BuildKmeans
Launcher Type: SUN_STANDARD

Environment Variables:
JAVA_HOME=C:\Program Files\Java\jdk1.6.0_30
PATH=C:\Program Files (x86)\AMD APP\bin\x86_64;C:\Program Files (x86)\AMD APP\bin\x86;C:\Users\pairwinter\Documents\AMD APP\bin\x86_64;C:\Users\pairwinter\Documents\AMD APP\bin\x86;C:\Program Files\Common Files\Microsoft Shared\Windows Live;C:\Program Files (x86)\Common Files\Microsoft Shared\Windows Live;C:\Windows\system32;C:\Windows;C:\Windows\System32\Wbem;C:\Windows\System32\WindowsPowerShell\v1.0\;C:\Program Files\Intel\WiFi\bin\;C:\Program Files\Common Files\Intel\WirelessCommon\;C:\Program Files (x86)\ATI Technologies\ATI.ACE\Core-Static;C:\Program Files\Java\jdk1.6.0_30\bin;D:\tools\javatools\apache-maven\apache-maven-3.0.4\bin;D:\tools\database\mongodb\bin;C:\Program Files (x86)\Windows Live\Shared;D:\tools\javatools\spring-roo-1.2.3.RELEASE\bin;D:\tools\android\android-sdk\platform-tools;C:\Program Files\nodejs\;D:\Program Files\TortoiseSVN\bin;C:\Program Files\Java\jdk1.6.0_30\bin;C:\Users\pairwinter\AppData\Roaming\npm;C:\Program Files (x86)\Git\bin;D:\workspace\dandan\opencv\build\x64\vc10\bin
USERNAME=pairwinter
OS=Windows_NT
PROCESSOR_IDENTIFIER=Intel64 Family 6 Model 37 Stepping 2, GenuineIntel



---------------  S Y S T E M  ---------------

OS: Windows 7 , 64 bit Build 7601 Service Pack 1

CPU:total 4 (2 cores per cpu, 2 threads per core) family 6 model 37 stepping 2, cmov, cx8, fxsr, mmx, sse, sse2, sse3, ssse3, sse4.1, sse4.2, popcnt, ht, tsc, tscinvbit

Memory: 4k page, physical 6083048k(790464k free), swap 12164232k(5100748k free)

vm_info: Java HotSpot(TM) 64-Bit Server VM (23.21-b01) for windows-amd64 JRE (1.7.0_21-b11), built on Apr  4 2013 08:11:28 by "java_re" with unknown MS VC++:1600

time: Thu Apr 03 21:02:09 2014
elapsed time: 13 seconds

