#
# A fatal error has been detected by the Java Runtime Environment:
#
#  EXCEPTION_ACCESS_VIOLATION (0xc0000005) at pc=0x000007fee2d2c96d, pid=1264, tid=15440
#
# JRE version: 7.0_21-b11
# Java VM: Java HotSpot(TM) 64-Bit Server VM (23.21-b01 mixed mode windows-amd64 compressed oops)
# Problematic frame:
# C  [opencv_core248.dll+0x13c96d]  cvKMeans2+0x9ad
#
# Failed to write core dump. Minidumps are not enabled by default on client versions of Windows
#
# If you would like to submit a bug report, please visit:
#   http://bugreport.sun.com/bugreport/crash.jsp
# The crash happened outside the Java Virtual Machine in native code.
# See problematic frame for where to report the bug.
#

---------------  T H R E A D  ---------------

Current thread (0x0000000001c6b000):  JavaThread "main" [_thread_in_native, id=15440, stack(0x00000000026c0000,0x00000000027c0000)]

siginfo: ExceptionCode=0xc0000005, writing address 0x00000000004d0000

Registers:
RAX=0x00000000027be820, RBX=0x000000000c699170, RCX=0x45e5041d1c150000, RDX=0x00000000009952c0
RSP=0x00000000027bebe0, RBP=0x00000000027bece0, RSI=0x00000000004d0000, RDI=0x000000000c699260
R8 =0x000000000000037f, R9 =0xfeeefeeefeeefeee, R10=0x0000000001d40158, R11=0x00000000027beb98
R12=0x000000000000000a, R13=0x00000000027befd0, R14=0x0000000000000000, R15=0x000000000c699170
RIP=0x000007fee2d2c96d, EFLAGS=0x0000000000010206

Top of Stack: (sp=0x00000000027bebe0)
0x00000000027bebe0:   000000000c699170 ffffffffffffffff
0x00000000027bebf0:   000000000c699170 00000000004d0000
0x00000000027bec00:   0000000000000003 0000000000000001
0x00000000027bec10:   00000000027bec30 0000000000000000
0x00000000027bec20:   0000006400000002 3ff0000000000000
0x00000000027bec30:   000007fee2dc0238 0000000000010000
0x00000000027bec40:   00000000027bed30 0000000000000000
0x00000000027bec50:   fffffffffffffffe 000007fee2dac7f8
0x00000000027bec60:   0000000000010000 00000000027bed90
0x00000000027bec70:   0000000000000000 00000000000000a9
0x00000000027bec80:   0000000001c67880 00001532b2b32b35
0x00000000027bec90:   00000000000000b8 000000006e73dc8d
0x00000000027beca0:   0000000001c6b470 000007fee2dc0238
0x00000000027becb0:   0000000000010000 00000000027bedf0
0x00000000027becc0:   0000000000000000 000000006e779bf0
0x00000000027becd0:   0000000242ff4005 0000008000000000 

Instructions: (pc=0x000007fee2d2c96d)
0x000007fee2d2c94d:   00 89 44 24 20 4c 8d 4c 24 40 4c 8d 45 c8 41 8b
0x000007fee2d2c95d:   d4 48 8d 4c 24 78 e8 b8 d6 ff ff 48 85 f6 74 04
0x000007fee2d2c96d:   f2 0f 11 06 48 8b 4d 68 48 85 c9 74 36 83 ca ff
0x000007fee2d2c97d:   e8 0e b2 04 00 83 f8 01 75 29 48 8b 8d 88 00 00 


Register to memory mapping:

RAX=0x00000000027be820 is pointing into the stack for thread: 0x0000000001c6b000
RBX=0x000000000c699170 is an unknown value
RCX=0x45e5041d1c150000 is an unknown value
RDX=0x00000000009952c0 is an unknown value
RSP=0x00000000027bebe0 is pointing into the stack for thread: 0x0000000001c6b000
RBP=0x00000000027bece0 is pointing into the stack for thread: 0x0000000001c6b000
RSI=0x00000000004d0000 is an unknown value
RDI=0x000000000c699260 is an unknown value
R8 =0x000000000000037f is an unknown value
R9 =0xfeeefeeefeeefeee is an unknown value
R10=0x0000000001d40158 is an unknown value
R11=0x00000000027beb98 is pointing into the stack for thread: 0x0000000001c6b000
R12=0x000000000000000a is an unknown value
R13=0x00000000027befd0 is pointing into the stack for thread: 0x0000000001c6b000
R14=0x0000000000000000 is an unknown value
R15=0x000000000c699170 is an unknown value


Stack: [0x00000000026c0000,0x00000000027c0000],  sp=0x00000000027bebe0,  free space=1018k
Native frames: (J=compiled Java code, j=interpreted, Vv=VM code, C=native code)
C  [opencv_core248.dll+0x13c96d]  cvKMeans2+0x9ad

Java frames: (J=compiled Java code, j=interpreted, Vv=VM code)
j  com.googlecode.javacv.cpp.opencv_core.cvKMeans2(Lcom/googlecode/javacv/cpp/opencv_core$CvArr;ILcom/googlecode/javacv/cpp/opencv_core$CvArr;Lcom/googlecode/javacv/cpp/opencv_core$CvTermCriteria;ILcom/googlecode/javacv/cpp/opencv_core$CvRNG;ILcom/googlecode/javacv/cpp/opencv_core$CvArr;[D)I+0
j  com.wendy.plsa.BuildKmeans.main([Ljava/lang/String;)V+136
v  ~StubRoutines::call_stub
j  sun.reflect.NativeMethodAccessorImpl.invoke0(Ljava/lang/reflect/Method;Ljava/lang/Object;[Ljava/lang/Object;)Ljava/lang/Object;+0
j  sun.reflect.NativeMethodAccessorImpl.invoke(Ljava/lang/Object;[Ljava/lang/Object;)Ljava/lang/Object;+87
j  sun.reflect.DelegatingMethodAccessorImpl.invoke(Ljava/lang/Object;[Ljava/lang/Object;)Ljava/lang/Object;+6
j  java.lang.reflect.Method.invoke(Ljava/lang/Object;[Ljava/lang/Object;)Ljava/lang/Object;+57
j  com.intellij.rt.execution.application.AppMain.main([Ljava/lang/String;)V+140
v  ~StubRoutines::call_stub

---------------  P R O C E S S  ---------------

Java Threads: ( => current thread )
  0x000000000c358000 JavaThread "Java2D Disposer" daemon [_thread_blocked, id=12696, stack(0x000000000d000000,0x000000000d100000)]
  0x000000000c357000 JavaThread "Monitor Ctrl-Break" daemon [_thread_in_native, id=14068, stack(0x000000000cbd0000,0x000000000ccd0000)]
  0x000000000a373000 JavaThread "Service Thread" daemon [_thread_blocked, id=15160, stack(0x000000000baf0000,0x000000000bbf0000)]
  0x000000000a372800 JavaThread "C2 CompilerThread1" daemon [_thread_blocked, id=13420, stack(0x000000000b850000,0x000000000b950000)]
  0x000000000a363800 JavaThread "C2 CompilerThread0" daemon [_thread_blocked, id=16500, stack(0x000000000b9a0000,0x000000000baa0000)]
  0x000000000a362000 JavaThread "Attach Listener" daemon [_thread_blocked, id=268, stack(0x000000000b580000,0x000000000b680000)]
  0x000000000a35b000 JavaThread "Signal Dispatcher" daemon [_thread_blocked, id=14480, stack(0x000000000b6c0000,0x000000000b7c0000)]
  0x0000000001d2b000 JavaThread "Finalizer" daemon [_thread_blocked, id=16672, stack(0x000000000b3e0000,0x000000000b4e0000)]
  0x0000000001d23800 JavaThread "Reference Handler" daemon [_thread_blocked, id=9548, stack(0x000000000b2b0000,0x000000000b3b0000)]
=>0x0000000001c6b000 JavaThread "main" [_thread_in_native, id=15440, stack(0x00000000026c0000,0x00000000027c0000)]

Other Threads:
  0x000000000a2b1800 VMThread [stack: 0x000000000b180000,0x000000000b280000] [id=13924]
  0x000000000bbf8800 WatcherThread [stack: 0x000000000c040000,0x000000000c140000] [id=16628]

VM state:not at safepoint (normal execution)

VM Mutex/Monitor currently owned by a thread: None

Heap
 PSYoungGen      total 369920K, used 138531K [0x00000000e10b0000, 0x0000000100000000, 0x0000000100000000)
  eden space 318656K, 32% used [0x00000000e10b0000,0x00000000e764bfa8,0x00000000f47e0000)
  from space 51264K, 67% used [0x00000000f47e0000,0x00000000f698d000,0x00000000f79f0000)
  to   space 53760K, 0% used [0x00000000fcb80000,0x00000000fcb80000,0x0000000100000000)
 ParOldGen       total 94400K, used 49516K [0x00000000a3200000, 0x00000000a8e30000, 0x00000000e10b0000)
  object space 94400K, 52% used [0x00000000a3200000,0x00000000a625b318,0x00000000a8e30000)
 PSPermGen       total 21248K, used 5933K [0x000000009e000000, 0x000000009f4c0000, 0x00000000a3200000)
  object space 21248K, 27% used [0x000000009e000000,0x000000009e5cb5a8,0x000000009f4c0000)

Card table byte_map: [0x00000000057c0000,0x0000000005ae0000] byte_map_base: 0x00000000052d0000

Polling page: 0x0000000000230000

Code Cache  [0x00000000027c0000, 0x0000000002a30000, 0x00000000057c0000)
 total_blobs=418 nmethods=122 adapters=247 free_code_cache=48408Kb largest_free_block=49549824

Compilation events (10 events):
Event: 12.952 Thread 0x000000000a372800  102             java.util.Arrays::copyOfRange (63 bytes)
Event: 12.952 Thread 0x000000000a363800  103             java.net.URI$Parser::charAt (9 bytes)
Event: 12.953 Thread 0x000000000a363800 nmethod 103 0x0000000002878210 code [0x0000000002878360, 0x0000000002878418]
Event: 12.955 Thread 0x000000000a372800 nmethod 102 0x000000000287b010 code [0x000000000287b160, 0x000000000287b358]
Event: 12.955 Thread 0x000000000a363800  104             java.net.URI::match (56 bytes)
Event: 12.956 Thread 0x000000000a363800 nmethod 104 0x000000000287ae10 code [0x000000000287af40, 0x000000000287afb8]
Event: 12.961 Thread 0x000000000a372800  105             java.lang.String::startsWith (7 bytes)
Event: 12.963 Thread 0x000000000a372800 nmethod 105 0x000000000287a810 code [0x000000000287a960, 0x000000000287aa58]
Event: 12.972 Thread 0x000000000a363800  107             com.googlecode.javacpp.IntPointer::put (9 bytes)
Event: 12.972 Thread 0x000000000a363800 nmethod 107 0x000000000287bed0 code [0x000000000287c020, 0x000000000287c0a8]

GC Heap History (10 events):
Event: 5.212 GC heap before
{Heap before GC invocations=10 (full 1):
 PSYoungGen      total 198272K, used 178496K [0x00000000e10b0000, 0x00000000f0a30000, 0x0000000100000000)
  eden space 178496K, 100% used [0x00000000e10b0000,0x00000000ebf00000,0x00000000ebf00000)
  from space 19776K, 0% used [0x00000000ede80000,0x00000000ede80000,0x00000000ef1d0000)
  to   space 32256K, 0% used [0x00000000ebf00000,0x00000000ebf00000,0x00000000ede80000)
 ParOldGen       total 94400K, used 39241K [0x00000000a3200000, 0x00000000a8e30000, 0x00000000e10b0000)
  object space 94400K, 41% used [0x00000000a3200000,0x00000000a5852690,0x00000000a8e30000)
 PSPermGen       total 21248K, used 4665K [0x000000009e000000, 0x000000009f4c0000, 0x00000000a3200000)
  object space 21248K, 21% used [0x000000009e000000,0x000000009e48e420,0x000000009f4c0000)
Event: 5.228 GC heap after
Heap after GC invocations=10 (full 1):
 PSYoungGen      total 210752K, used 32006K [0x00000000e10b0000, 0x00000000f49c0000, 0x0000000100000000)
  eden space 178496K, 0% used [0x00000000e10b0000,0x00000000e10b0000,0x00000000ebf00000)
  from space 32256K, 99% used [0x00000000ebf00000,0x00000000ede41898,0x00000000ede80000)
  to   space 38336K, 0% used [0x00000000f2450000,0x00000000f2450000,0x00000000f49c0000)
 ParOldGen       total 94400K, used 45601K [0x00000000a3200000, 0x00000000a8e30000, 0x00000000e10b0000)
  object space 94400K, 48% used [0x00000000a3200000,0x00000000a5e88710,0x00000000a8e30000)
 PSPermGen       total 21248K, used 4665K [0x000000009e000000, 0x000000009f4c0000, 0x00000000a3200000)
  object space 21248K, 21% used [0x000000009e000000,0x000000009e48e420,0x000000009f4c0000)
}
Event: 6.216 GC heap before
{Heap before GC invocations=11 (full 1):
 PSYoungGen      total 210752K, used 210502K [0x00000000e10b0000, 0x00000000f49c0000, 0x0000000100000000)
  eden space 178496K, 100% used [0x00000000e10b0000,0x00000000ebf00000,0x00000000ebf00000)
  from space 32256K, 99% used [0x00000000ebf00000,0x00000000ede41898,0x00000000ede80000)
  to   space 38336K, 0% used [0x00000000f2450000,0x00000000f2450000,0x00000000f49c0000)
 ParOldGen       total 94400K, used 45601K [0x00000000a3200000, 0x00000000a8e30000, 0x00000000e10b0000)
  object space 94400K, 48% used [0x00000000a3200000,0x00000000a5e88710,0x00000000a8e30000)
 PSPermGen       total 21248K, used 4665K [0x000000009e000000, 0x000000009f4c0000, 0x00000000a3200000)
  object space 21248K, 21% used [0x000000009e000000,0x000000009e48e420,0x000000009f4c0000)
Event: 6.226 GC heap after
Heap after GC invocations=11 (full 1):
 PSYoungGen      total 279552K, used 23401K [0x00000000e10b0000, 0x00000000f4990000, 0x0000000100000000)
  eden space 241408K, 0% used [0x00000000e10b0000,0x00000000e10b0000,0x00000000efc70000)
  from space 38144K, 61% used [0x00000000f2450000,0x00000000f3b2a6c0,0x00000000f4990000)
  to   space 39488K, 0% used [0x00000000efc70000,0x00000000efc70000,0x00000000f2300000)
 ParOldGen       total 94400K, used 45601K [0x00000000a3200000, 0x00000000a8e30000, 0x00000000e10b0000)
  object space 94400K, 48% used [0x00000000a3200000,0x00000000a5e88710,0x00000000a8e30000)
 PSPermGen       total 21248K, used 4665K [0x000000009e000000, 0x000000009f4c0000, 0x00000000a3200000)
  object space 21248K, 21% used [0x000000009e000000,0x000000009e48e420,0x000000009f4c0000)
}
Event: 7.909 GC heap before
{Heap before GC invocations=12 (full 1):
 PSYoungGen      total 279552K, used 264809K [0x00000000e10b0000, 0x00000000f4990000, 0x0000000100000000)
  eden space 241408K, 100% used [0x00000000e10b0000,0x00000000efc70000,0x00000000efc70000)
  from space 38144K, 61% used [0x00000000f2450000,0x00000000f3b2a6c0,0x00000000f4990000)
  to   space 39488K, 0% used [0x00000000efc70000,0x00000000efc70000,0x00000000f2300000)
 ParOldGen       total 94400K, used 45601K [0x00000000a3200000, 0x00000000a8e30000, 0x00000000e10b0000)
  object space 94400K, 48% used [0x00000000a3200000,0x00000000a5e88710,0x00000000a8e30000)
 PSPermGen       total 21248K, used 4665K [0x000000009e000000, 0x000000009f4c0000, 0x00000000a3200000)
  object space 21248K, 21% used [0x000000009e000000,0x000000009e48e750,0x000000009f4c0000)
Event: 7.927 GC heap after
Heap after GC invocations=12 (full 1):
 PSYoungGen      total 280896K, used 39293K [0x00000000e10b0000, 0x00000000fa700000, 0x0000000100000000)
  eden space 241408K, 0% used [0x00000000e10b0000,0x00000000e10b0000,0x00000000efc70000)
  from space 39488K, 99% used [0x00000000efc70000,0x00000000f22cf5d8,0x00000000f2300000)
  to   space 46144K, 0% used [0x00000000f79f0000,0x00000000f79f0000,0x00000000fa700000)
 ParOldGen       total 94400K, used 46852K [0x00000000a3200000, 0x00000000a8e30000, 0x00000000e10b0000)
  object space 94400K, 49% used [0x00000000a3200000,0x00000000a5fc1318,0x00000000a8e30000)
 PSPermGen       total 21248K, used 4665K [0x000000009e000000, 0x000000009f4c0000, 0x00000000a3200000)
  object space 21248K, 21% used [0x000000009e000000,0x000000009e48e750,0x000000009f4c0000)
}
Event: 9.593 GC heap before
{Heap before GC invocations=13 (full 1):
 PSYoungGen      total 280896K, used 280701K [0x00000000e10b0000, 0x00000000fa700000, 0x0000000100000000)
  eden space 241408K, 100% used [0x00000000e10b0000,0x00000000efc70000,0x00000000efc70000)
  from space 39488K, 99% used [0x00000000efc70000,0x00000000f22cf5d8,0x00000000f2300000)
  to   space 46144K, 0% used [0x00000000f79f0000,0x00000000f79f0000,0x00000000fa700000)
 ParOldGen       total 94400K, used 46852K [0x00000000a3200000, 0x00000000a8e30000, 0x00000000e10b0000)
  object space 94400K, 49% used [0x00000000a3200000,0x00000000a5fc1318,0x00000000a8e30000)
 PSPermGen       total 21248K, used 4665K [0x000000009e000000, 0x000000009f4c0000, 0x00000000a3200000)
  object space 21248K, 21% used [0x000000009e000000,0x000000009e48e750,0x000000009f4c0000)
Event: 9.611 GC heap after
Heap after GC invocations=13 (full 1):
 PSYoungGen      total 364800K, used 38849K [0x00000000e10b0000, 0x00000000faed0000, 0x0000000100000000)
  eden space 318656K, 0% used [0x00000000e10b0000,0x00000000e10b0000,0x00000000f47e0000)
  from space 46144K, 84% used [0x00000000f79f0000,0x00000000f9fe0698,0x00000000fa700000)
  to   space 51264K, 0% used [0x00000000f47e0000,0x00000000f47e0000,0x00000000f79f0000)
 ParOldGen       total 94400K, used 48404K [0x00000000a3200000, 0x00000000a8e30000, 0x00000000e10b0000)
  object space 94400K, 51% used [0x00000000a3200000,0x00000000a6145318,0x00000000a8e30000)
 PSPermGen       total 21248K, used 4665K [0x000000009e000000, 0x000000009f4c0000, 0x00000000a3200000)
  object space 21248K, 21% used [0x000000009e000000,0x000000009e48e750,0x000000009f4c0000)
}
Event: 12.147 GC heap before
{Heap before GC invocations=14 (full 1):
 PSYoungGen      total 364800K, used 357505K [0x00000000e10b0000, 0x00000000faed0000, 0x0000000100000000)
  eden space 318656K, 100% used [0x00000000e10b0000,0x00000000f47e0000,0x00000000f47e0000)
  from space 46144K, 84% used [0x00000000f79f0000,0x00000000f9fe0698,0x00000000fa700000)
  to   space 51264K, 0% used [0x00000000f47e0000,0x00000000f47e0000,0x00000000f79f0000)
 ParOldGen       total 94400K, used 48404K [0x00000000a3200000, 0x00000000a8e30000, 0x00000000e10b0000)
  object space 94400K, 51% used [0x00000000a3200000,0x00000000a6145318,0x00000000a8e30000)
 PSPermGen       total 21248K, used 4667K [0x000000009e000000, 0x000000009f4c0000, 0x00000000a3200000)
  object space 21248K, 21% used [0x000000009e000000,0x000000009e48ed88,0x000000009f4c0000)
Event: 12.162 GC heap after
Heap after GC invocations=14 (full 1):
 PSYoungGen      total 369920K, used 34484K [0x00000000e10b0000, 0x0000000100000000, 0x0000000100000000)
  eden space 318656K, 0% used [0x00000000e10b0000,0x00000000e10b0000,0x00000000f47e0000)
  from space 51264K, 67% used [0x00000000f47e0000,0x00000000f698d000,0x00000000f79f0000)
  to   space 53760K, 0% used [0x00000000fcb80000,0x00000000fcb80000,0x0000000100000000)
 ParOldGen       total 94400K, used 49516K [0x00000000a3200000, 0x00000000a8e30000, 0x00000000e10b0000)
  object space 94400K, 52% used [0x00000000a3200000,0x00000000a625b318,0x00000000a8e30000)
 PSPermGen       total 21248K, used 4667K [0x000000009e000000, 0x000000009f4c0000, 0x00000000a3200000)
  object space 21248K, 21% used [0x000000009e000000,0x000000009e48ed88,0x000000009f4c0000)
}

Deoptimization events (4 events):
Event: 0.660 Thread 0x0000000001c6b000 Uncommon trap -83 fr.pc 0x0000000002843cd8
Event: 0.663 Thread 0x0000000001c6b000 Uncommon trap -83 fr.pc 0x0000000002843560
Event: 1.086 Thread 0x0000000001c6b000 Uncommon trap 27 fr.pc 0x000000000284d760
Event: 12.768 Thread 0x0000000001c6b000 Uncommon trap -34 fr.pc 0x0000000002870c18

Internal exceptions (10 events):
Event: 12.922 Thread 0x0000000001c6b000 Threw 0x00000000e7109638 at C:\jdk7u2_64p\jdk7u21\hotspot\src\share\vm\prims\jvm.cpp:1166
Event: 12.923 Thread 0x0000000001c6b000 Threw 0x00000000e710e3a0 at C:\jdk7u2_64p\jdk7u21\hotspot\src\share\vm\prims\jvm.cpp:1166
Event: 12.923 Thread 0x0000000001c6b000 Threw 0x00000000e7112f58 at C:\jdk7u2_64p\jdk7u21\hotspot\src\share\vm\prims\jvm.cpp:1166
Event: 12.924 Thread 0x0000000001c6b000 Threw 0x00000000e7118860 at C:\jdk7u2_64p\jdk7u21\hotspot\src\share\vm\prims\jvm.cpp:1166
Event: 12.924 Thread 0x0000000001c6b000 Threw 0x00000000e711da10 at C:\jdk7u2_64p\jdk7u21\hotspot\src\share\vm\prims\jvm.cpp:1166
Event: 12.957 Thread 0x0000000001c6b000 Threw 0x00000000e718b2e8 at C:\jdk7u2_64p\jdk7u21\hotspot\src\share\vm\prims\jvm.cpp:1166
Event: 12.957 Thread 0x0000000001c6b000 Threw 0x00000000e718f6c8 at C:\jdk7u2_64p\jdk7u21\hotspot\src\share\vm\prims\jvm.cpp:1166
Event: 12.960 Thread 0x0000000001c6b000 Threw 0x00000000e7198e68 at C:\jdk7u2_64p\jdk7u21\hotspot\src\share\vm\prims\jvm.cpp:1166
Event: 12.960 Thread 0x0000000001c6b000 Threw 0x00000000e719dc38 at C:\jdk7u2_64p\jdk7u21\hotspot\src\share\vm\prims\jvm.cpp:1166
Event: 12.962 Thread 0x0000000001c6b000 Threw 0x00000000e71a30b8 at C:\jdk7u2_64p\jdk7u21\hotspot\src\share\vm\prims\jvm.cpp:1166

Events (10 events):
Event: 12.957 loading class 0x000000000c353fc0
Event: 12.957 loading class 0x000000000c353fc0 done
Event: 12.960 loading class 0x000000000c354510
Event: 12.960 loading class 0x000000000c354510 done
Event: 12.960 loading class 0x000000000c3544c0
Event: 12.960 loading class 0x000000000c3544c0 done
Event: 12.962 loading class 0x000000000c1ebb80
Event: 12.962 loading class 0x000000000c1ebb80 done
Event: 12.963 loading class 0x000000000a323f10
Event: 12.964 loading class 0x000000000a323f10 done


Dynamic libraries:
0x000000013f870000 - 0x000000013f8a3000 	C:\Program Files\Java\jdk1.7.0_21\bin\java.exe
0x0000000076e20000 - 0x0000000076fc9000 	C:\Windows\SYSTEM32\ntdll.dll
0x0000000076ac0000 - 0x0000000076bdf000 	C:\Windows\system32\kernel32.dll
0x000007fefcb40000 - 0x000007fefcbab000 	C:\Windows\system32\KERNELBASE.dll
0x000007fefd130000 - 0x000007fefd20b000 	C:\Windows\system32\ADVAPI32.dll
0x000007fefed40000 - 0x000007fefeddf000 	C:\Windows\system32\msvcrt.dll
0x000007feff110000 - 0x000007feff12f000 	C:\Windows\SYSTEM32\sechost.dll
0x000007fefd980000 - 0x000007fefdaad000 	C:\Windows\system32\RPCRT4.dll
0x0000000076d20000 - 0x0000000076e1a000 	C:\Windows\system32\USER32.dll
0x000007fefec30000 - 0x000007fefec97000 	C:\Windows\system32\GDI32.dll
0x000007fefeb50000 - 0x000007fefeb5e000 	C:\Windows\system32\LPK.dll
0x000007fefeb60000 - 0x000007fefec29000 	C:\Windows\system32\USP10.dll
0x000007fefb430000 - 0x000007fefb624000 	C:\Windows\WinSxS\amd64_microsoft.windows.common-controls_6595b64144ccf1df_6.0.7601.17514_none_fa396087175ac9ac\COMCTL32.dll
0x000007fefdbe0000 - 0x000007fefdc51000 	C:\Windows\system32\SHLWAPI.dll
0x000007fefdab0000 - 0x000007fefdade000 	C:\Windows\system32\IMM32.DLL
0x000007fefd2f0000 - 0x000007fefd3f9000 	C:\Windows\system32\MSCTF.dll
0x000000005c240000 - 0x000000005c311000 	C:\Program Files\Java\jdk1.7.0_21\jre\bin\msvcr100.dll
0x000000006e510000 - 0x000000006ec31000 	C:\Program Files\Java\jdk1.7.0_21\jre\bin\server\jvm.dll
0x000007fef90f0000 - 0x000007fef90f9000 	C:\Windows\system32\WSOCK32.dll
0x000007fefd210000 - 0x000007fefd25d000 	C:\Windows\system32\WS2_32.dll
0x000007fefd260000 - 0x000007fefd268000 	C:\Windows\system32\NSI.dll
0x000007fefcaa0000 - 0x000007fefcadb000 	C:\Windows\system32\WINMM.dll
0x0000000076fe0000 - 0x0000000076fe7000 	C:\Windows\system32\PSAPI.DLL
0x0000000068120000 - 0x000000006812f000 	C:\Program Files\Java\jdk1.7.0_21\jre\bin\verify.dll
0x000000005f810000 - 0x000000005f838000 	C:\Program Files\Java\jdk1.7.0_21\jre\bin\java.dll
0x000000005f850000 - 0x000000005f865000 	C:\Program Files\Java\jdk1.7.0_21\jre\bin\zip.dll
0x000007fef9830000 - 0x000007fef9840000 	D:\Program Files (x86)\JetBrains\IntelliJ IDEA 13.0\bin\breakgen64.dll
0x000000005f5e0000 - 0x000000005f5f9000 	C:\Program Files\Java\jdk1.7.0_21\jre\bin\net.dll
0x000007fefc200000 - 0x000007fefc255000 	C:\Windows\system32\mswsock.dll
0x000007fefc1f0000 - 0x000007fefc1f7000 	C:\Windows\System32\wship6.dll
0x000000005b820000 - 0x000000005b9b3000 	C:\Program Files\Java\jdk1.7.0_21\jre\bin\awt.dll
0x000007feff030000 - 0x000007feff107000 	C:\Windows\system32\OLEAUT32.dll
0x000007fefd6d0000 - 0x000007fefd8d3000 	C:\Windows\system32\ole32.dll
0x000000005f580000 - 0x000000005f5b0000 	C:\Program Files\Java\jdk1.7.0_21\jre\bin\jpeg.dll
0x000000005d5d0000 - 0x000000005d668000 	C:\Windows\System32\msvcp100.dll
0x000007fee2bf0000 - 0x000007fee2e62000 	D:\workspace\dandan\opencv\build\x64\vc10\bin\opencv_core248.dll
0x000007fee4ca0000 - 0x000007fee4d3a000 	C:\Users\pairwinter\AppData\Local\Temp\javacpp42565144104460\jniopencv_core.dll
0x000007fef5d10000 - 0x000007fef5e35000 	C:\Windows\system32\dbghelp.dll

VM Arguments:
jvm_args: -Didea.launcher.port=7535 -Didea.launcher.bin.path=D:\Program Files (x86)\JetBrains\IntelliJ IDEA 13.0\bin -Dfile.encoding=UTF-8 
java_command: com.intellij.rt.execution.application.AppMain com.wendy.plsa.BuildKmeans
Launcher Type: SUN_STANDARD

Environment Variables:
JAVA_HOME=C:\Program Files\Java\jdk1.6.0_30
PATH=C:\Program Files (x86)\AMD APP\bin\x86_64;C:\Program Files (x86)\AMD APP\bin\x86;C:\Users\pairwinter\Documents\AMD APP\bin\x86_64;C:\Users\pairwinter\Documents\AMD APP\bin\x86;C:\Program Files\Common Files\Microsoft Shared\Windows Live;C:\Program Files (x86)\Common Files\Microsoft Shared\Windows Live;C:\Windows\system32;C:\Windows;C:\Windows\System32\Wbem;C:\Windows\System32\WindowsPowerShell\v1.0\;C:\Program Files\Intel\WiFi\bin\;C:\Program Files\Common Files\Intel\WirelessCommon\;C:\Program Files (x86)\ATI Technologies\ATI.ACE\Core-Static;C:\Program Files\Java\jdk1.6.0_30\bin;D:\tools\javatools\apache-maven\apache-maven-3.0.4\bin;D:\tools\database\mongodb\bin;C:\Program Files (x86)\Windows Live\Shared;D:\tools\javatools\spring-roo-1.2.3.RELEASE\bin;D:\tools\android\android-sdk\platform-tools;C:\Program Files\nodejs\;D:\Program Files\TortoiseSVN\bin;C:\Program Files\Java\jdk1.6.0_30\bin;C:\Users\pairwinter\AppData\Roaming\npm;C:\Program Files (x86)\Git\bin;D:\workspace\dandan\opencv\build\x64\vc10\bin
USERNAME=pairwinter
OS=Windows_NT
PROCESSOR_IDENTIFIER=Intel64 Family 6 Model 37 Stepping 2, GenuineIntel



---------------  S Y S T E M  ---------------

OS: Windows 7 , 64 bit Build 7601 Service Pack 1

CPU:total 4 (2 cores per cpu, 2 threads per core) family 6 model 37 stepping 2, cmov, cx8, fxsr, mmx, sse, sse2, sse3, ssse3, sse4.1, sse4.2, popcnt, ht, tsc, tscinvbit

Memory: 4k page, physical 6083048k(1255104k free), swap 12164232k(5779372k free)

vm_info: Java HotSpot(TM) 64-Bit Server VM (23.21-b01) for windows-amd64 JRE (1.7.0_21-b11), built on Apr  4 2013 08:11:28 by "java_re" with unknown MS VC++:1600

time: Sun Mar 23 01:10:28 2014
elapsed time: 13 seconds

