#
# A fatal error has been detected by the Java Runtime Environment:
#
#  EXCEPTION_ACCESS_VIOLATION (0xc0000005) at pc=0x000007fee274c96d, pid=760, tid=11452
#
# JRE version: 7.0_21-b11
# Java VM: Java HotSpot(TM) 64-Bit Server VM (23.21-b01 mixed mode windows-amd64 compressed oops)
# Problematic frame:
# C  [opencv_core248.dll+0x13c96d]  cvKMeans2+0x9ad
#
# Failed to write core dump. Minidumps are not enabled by default on client versions of Windows
#
# If you would like to submit a bug report, please visit:
#   http://bugreport.sun.com/bugreport/crash.jsp
# The crash happened outside the Java Virtual Machine in native code.
# See problematic frame for where to report the bug.
#

---------------  T H R E A D  ---------------

Current thread (0x000000000247b000):  JavaThread "main" [_thread_in_native, id=11452, stack(0x00000000026b0000,0x00000000027b0000)]

siginfo: ExceptionCode=0xc0000005, writing address 0x0000000001c00000

Registers:
RAX=0x00000000027ae230, RBX=0x000000000c2b1330, RCX=0x4f284b75c6a60000, RDX=0x00000000009dafe0
RSP=0x00000000027ae5f0, RBP=0x00000000027ae6f0, RSI=0x0000000001c00000, RDI=0x000000000c2b1420
R8 =0x000000000000037f, R9 =0xfeeefeeefeeefeee, R10=0x0000000001c20158, R11=0x00000000027ae5a8
R12=0x000000000000000a, R13=0x00000000027ae9e0, R14=0x0000000000000000, R15=0x000000000c2b1330
RIP=0x000007fee274c96d, EFLAGS=0x0000000000010206

Top of Stack: (sp=0x00000000027ae5f0)
0x00000000027ae5f0:   000000000c2b1330 ffffffffffffffff
0x00000000027ae600:   000000000c2b1330 0000000001c00000
0x00000000027ae610:   0000000000000003 0000000000000001
0x00000000027ae620:   00000000027ae640 0000000000000000
0x00000000027ae630:   0000006400000002 3ff0000000000000
0x00000000027ae640:   000007fee27e0238 0000000000010000
0x00000000027ae650:   00000000027ae740 0000000000000000
0x00000000027ae660:   fffffffffffffffe 000007fee27cc7f8
0x00000000027ae670:   0000000000010000 00000000027ae7a0
0x00000000027ae680:   0000000000000000 00000000000000a9
0x00000000027ae690:   0000000002477850 00001532b2b32b35
0x00000000027ae6a0:   00000000000000b8 000000006e9cdc8d
0x00000000027ae6b0:   000000000247bb80 000007fee27e0238
0x00000000027ae6c0:   0000000000010000 00000000027ae800
0x00000000027ae6d0:   0000000000000000 000000006ea09bf0
0x00000000027ae6e0:   0000000242ff4005 0000008000000000 

Instructions: (pc=0x000007fee274c96d)
0x000007fee274c94d:   00 89 44 24 20 4c 8d 4c 24 40 4c 8d 45 c8 41 8b
0x000007fee274c95d:   d4 48 8d 4c 24 78 e8 b8 d6 ff ff 48 85 f6 74 04
0x000007fee274c96d:   f2 0f 11 06 48 8b 4d 68 48 85 c9 74 36 83 ca ff
0x000007fee274c97d:   e8 0e b2 04 00 83 f8 01 75 29 48 8b 8d 88 00 00 


Register to memory mapping:

RAX=0x00000000027ae230 is pointing into the stack for thread: 0x000000000247b000
RBX=0x000000000c2b1330 is an unknown value
RCX=0x4f284b75c6a60000 is an unknown value
RDX=0x00000000009dafe0 is an unknown value
RSP=0x00000000027ae5f0 is pointing into the stack for thread: 0x000000000247b000
RBP=0x00000000027ae6f0 is pointing into the stack for thread: 0x000000000247b000
RSI=0x0000000001c00000 is an unknown value
RDI=0x000000000c2b1420 is an unknown value
R8 =0x000000000000037f is an unknown value
R9 =0xfeeefeeefeeefeee is an unknown value
R10=0x0000000001c20158 is an unknown value
R11=0x00000000027ae5a8 is pointing into the stack for thread: 0x000000000247b000
R12=0x000000000000000a is an unknown value
R13=0x00000000027ae9e0 is pointing into the stack for thread: 0x000000000247b000
R14=0x0000000000000000 is an unknown value
R15=0x000000000c2b1330 is an unknown value


Stack: [0x00000000026b0000,0x00000000027b0000],  sp=0x00000000027ae5f0,  free space=1017k
Native frames: (J=compiled Java code, j=interpreted, Vv=VM code, C=native code)
C  [opencv_core248.dll+0x13c96d]  cvKMeans2+0x9ad

Java frames: (J=compiled Java code, j=interpreted, Vv=VM code)
j  com.googlecode.javacv.cpp.opencv_core.cvKMeans2(Lcom/googlecode/javacv/cpp/opencv_core$CvArr;ILcom/googlecode/javacv/cpp/opencv_core$CvArr;Lcom/googlecode/javacv/cpp/opencv_core$CvTermCriteria;ILcom/googlecode/javacv/cpp/opencv_core$CvRNG;ILcom/googlecode/javacv/cpp/opencv_core$CvArr;[D)I+0
j  com.wendy.plsa.BuildKmeans.main([Ljava/lang/String;)V+130
v  ~StubRoutines::call_stub
j  sun.reflect.NativeMethodAccessorImpl.invoke0(Ljava/lang/reflect/Method;Ljava/lang/Object;[Ljava/lang/Object;)Ljava/lang/Object;+0
j  sun.reflect.NativeMethodAccessorImpl.invoke(Ljava/lang/Object;[Ljava/lang/Object;)Ljava/lang/Object;+87
j  sun.reflect.DelegatingMethodAccessorImpl.invoke(Ljava/lang/Object;[Ljava/lang/Object;)Ljava/lang/Object;+6
j  java.lang.reflect.Method.invoke(Ljava/lang/Object;[Ljava/lang/Object;)Ljava/lang/Object;+57
j  com.intellij.rt.execution.application.AppMain.main([Ljava/lang/String;)V+140
v  ~StubRoutines::call_stub

---------------  P R O C E S S  ---------------

Java Threads: ( => current thread )
  0x000000000c7b4800 JavaThread "Java2D Disposer" daemon [_thread_blocked, id=9448, stack(0x000000000bad0000,0x000000000bbd0000)]
  0x000000000c702000 JavaThread "Monitor Ctrl-Break" daemon [_thread_in_native, id=11432, stack(0x000000000cd70000,0x000000000ce70000)]
  0x000000000a2e9800 JavaThread "Service Thread" daemon [_thread_blocked, id=9344, stack(0x000000000be70000,0x000000000bf70000)]
  0x000000000a2e8800 JavaThread "C2 CompilerThread1" daemon [_thread_blocked, id=11416, stack(0x000000000bbf0000,0x000000000bcf0000)]
  0x000000000a2d6000 JavaThread "C2 CompilerThread0" daemon [_thread_blocked, id=4424, stack(0x000000000b880000,0x000000000b980000)]
  0x000000000a2d5800 JavaThread "Attach Listener" daemon [_thread_blocked, id=12068, stack(0x000000000b9c0000,0x000000000bac0000)]
  0x000000000a2ce800 JavaThread "Signal Dispatcher" daemon [_thread_blocked, id=1072, stack(0x000000000b620000,0x000000000b720000)]
  0x000000000253e800 JavaThread "Finalizer" daemon [_thread_blocked, id=8528, stack(0x000000000b750000,0x000000000b850000)]
  0x0000000002537800 JavaThread "Reference Handler" daemon [_thread_blocked, id=5152, stack(0x000000000b4a0000,0x000000000b5a0000)]
=>0x000000000247b000 JavaThread "main" [_thread_in_native, id=11452, stack(0x00000000026b0000,0x00000000027b0000)]

Other Threads:
  0x000000000a221800 VMThread [stack: 0x000000000b2a0000,0x000000000b3a0000] [id=5840]
  0x000000000bfa0800 WatcherThread [stack: 0x000000000c460000,0x000000000c560000] [id=9704]

VM state:not at safepoint (normal execution)

VM Mutex/Monitor currently owned by a thread: None

Heap
 PSYoungGen      total 391040K, used 7334K [0x00000000e10b0000, 0x0000000100000000, 0x0000000100000000)
  eden space 355392K, 1% used [0x00000000e10b0000,0x00000000e16799e8,0x00000000f6bc0000)
  from space 35648K, 3% used [0x00000000f6bc0000,0x00000000f6d20000,0x00000000f8e90000)
  to   space 35328K, 0% used [0x00000000fdd80000,0x00000000fdd80000,0x0000000100000000)
 ParOldGen       total 90432K, used 56998K [0x00000000a3200000, 0x00000000a8a50000, 0x00000000e10b0000)
  object space 90432K, 63% used [0x00000000a3200000,0x00000000a69a9b20,0x00000000a8a50000)
 PSPermGen       total 21248K, used 5934K [0x000000009e000000, 0x000000009f4c0000, 0x00000000a3200000)
  object space 21248K, 27% used [0x000000009e000000,0x000000009e5cbac0,0x000000009f4c0000)

Card table byte_map: [0x00000000057b0000,0x0000000005ad0000] byte_map_base: 0x00000000052c0000

Polling page: 0x0000000000230000

Code Cache  [0x00000000027b0000, 0x0000000002a20000, 0x00000000057b0000)
 total_blobs=418 nmethods=122 adapters=247 free_code_cache=48413Kb largest_free_block=49556032

Compilation events (10 events):
Event: 14.195 Thread 0x000000000a2e8800 nmethod 98 0x000000000286bdd0 code [0x000000000286bfa0, 0x000000000286ce00]
Event: 14.197 Thread 0x000000000a2d6000 nmethod 102 0x0000000002862fd0 code [0x0000000002863140, 0x0000000002863328]
Event: 14.204 Thread 0x000000000a2e8800  103             java.lang.String::indexOf (7 bytes)
Event: 14.207 Thread 0x000000000a2e8800 nmethod 103 0x0000000002868c90 code [0x0000000002868de0, 0x0000000002868f48]
Event: 14.211 Thread 0x000000000a2d6000  104             java.net.URI$Parser::charAt (9 bytes)
Event: 14.212 Thread 0x000000000a2d6000 nmethod 104 0x0000000002868950 code [0x0000000002868aa0, 0x0000000002868b58]
Event: 14.214 Thread 0x000000000a2e8800  105             java.net.URI::match (56 bytes)
Event: 14.214 Thread 0x000000000a2e8800 nmethod 105 0x0000000002868750 code [0x0000000002868880, 0x00000000028688f8]
Event: 14.230 Thread 0x000000000a2d6000  107             com.googlecode.javacpp.IntPointer::put (9 bytes)
Event: 14.230 Thread 0x000000000a2d6000 nmethod 107 0x0000000002865a50 code [0x0000000002865ba0, 0x0000000002865c28]

GC Heap History (10 events):
Event: 6.198 GC heap before
{Heap before GC invocations=10 (full 1):
 PSYoungGen      total 208576K, used 186624K [0x00000000e10b0000, 0x00000000efe90000, 0x0000000100000000)
  eden space 186624K, 100% used [0x00000000e10b0000,0x00000000ec6f0000,0x00000000ec6f0000)
  from space 21952K, 0% used [0x00000000ee0a0000,0x00000000ee0a0000,0x00000000ef610000)
  to   space 26304K, 0% used [0x00000000ec6f0000,0x00000000ec6f0000,0x00000000ee0a0000)
 ParOldGen       total 90432K, used 39270K [0x00000000a3200000, 0x00000000a8a50000, 0x00000000e10b0000)
  object space 90432K, 43% used [0x00000000a3200000,0x00000000a58599e8,0x00000000a8a50000)
 PSPermGen       total 21248K, used 4667K [0x000000009e000000, 0x000000009f4c0000, 0x00000000a3200000)
  object space 21248K, 21% used [0x000000009e000000,0x000000009e48ee48,0x000000009f4c0000)
Event: 6.214 GC heap after
Heap after GC invocations=10 (full 1):
 PSYoungGen      total 212928K, used 25646K [0x00000000e10b0000, 0x00000000f5180000, 0x0000000100000000)
  eden space 186624K, 0% used [0x00000000e10b0000,0x00000000e10b0000,0x00000000ec6f0000)
  from space 26304K, 97% used [0x00000000ec6f0000,0x00000000edffb818,0x00000000ee0a0000)
  to   space 30976K, 0% used [0x00000000f3340000,0x00000000f3340000,0x00000000f5180000)
 ParOldGen       total 90432K, used 51990K [0x00000000a3200000, 0x00000000a8a50000, 0x00000000e10b0000)
  object space 90432K, 57% used [0x00000000a3200000,0x00000000a64c5ae8,0x00000000a8a50000)
 PSPermGen       total 21248K, used 4667K [0x000000009e000000, 0x000000009f4c0000, 0x00000000a3200000)
  object space 21248K, 21% used [0x000000009e000000,0x000000009e48ee48,0x000000009f4c0000)
}
Event: 7.211 GC heap before
{Heap before GC invocations=11 (full 1):
 PSYoungGen      total 212928K, used 212270K [0x00000000e10b0000, 0x00000000f5180000, 0x0000000100000000)
  eden space 186624K, 100% used [0x00000000e10b0000,0x00000000ec6f0000,0x00000000ec6f0000)
  from space 26304K, 97% used [0x00000000ec6f0000,0x00000000edffb818,0x00000000ee0a0000)
  to   space 30976K, 0% used [0x00000000f3340000,0x00000000f3340000,0x00000000f5180000)
 ParOldGen       total 90432K, used 51990K [0x00000000a3200000, 0x00000000a8a50000, 0x00000000e10b0000)
  object space 90432K, 57% used [0x00000000a3200000,0x00000000a64c5ae8,0x00000000a8a50000)
 PSPermGen       total 21248K, used 4667K [0x000000009e000000, 0x000000009f4c0000, 0x00000000a3200000)
  object space 21248K, 21% used [0x000000009e000000,0x000000009e48ee48,0x000000009f4c0000)
Event: 7.220 GC heap after
Heap after GC invocations=11 (full 1):
 PSYoungGen      total 291776K, used 18727K [0x00000000e10b0000, 0x00000000f4f60000, 0x0000000100000000)
  eden space 262976K, 0% used [0x00000000e10b0000,0x00000000e10b0000,0x00000000f1180000)
  from space 28800K, 65% used [0x00000000f3340000,0x00000000f4589e60,0x00000000f4f60000)
  to   space 31680K, 0% used [0x00000000f1180000,0x00000000f1180000,0x00000000f3070000)
 ParOldGen       total 90432K, used 51990K [0x00000000a3200000, 0x00000000a8a50000, 0x00000000e10b0000)
  object space 90432K, 57% used [0x00000000a3200000,0x00000000a64c5ae8,0x00000000a8a50000)
 PSPermGen       total 21248K, used 4667K [0x000000009e000000, 0x000000009f4c0000, 0x00000000a3200000)
  object space 21248K, 21% used [0x000000009e000000,0x000000009e48ee48,0x000000009f4c0000)
}
Event: 9.166 GC heap before
{Heap before GC invocations=12 (full 1):
 PSYoungGen      total 291776K, used 281703K [0x00000000e10b0000, 0x00000000f4f60000, 0x0000000100000000)
  eden space 262976K, 100% used [0x00000000e10b0000,0x00000000f1180000,0x00000000f1180000)
  from space 28800K, 65% used [0x00000000f3340000,0x00000000f4589e60,0x00000000f4f60000)
  to   space 31680K, 0% used [0x00000000f1180000,0x00000000f1180000,0x00000000f3070000)
 ParOldGen       total 90432K, used 51990K [0x00000000a3200000, 0x00000000a8a50000, 0x00000000e10b0000)
  object space 90432K, 57% used [0x00000000a3200000,0x00000000a64c5ae8,0x00000000a8a50000)
 PSPermGen       total 21248K, used 4668K [0x000000009e000000, 0x000000009f4c0000, 0x00000000a3200000)
  object space 21248K, 21% used [0x000000009e000000,0x000000009e48f178,0x000000009f4c0000)
Event: 9.179 GC heap after
Heap after GC invocations=12 (full 1):
 PSYoungGen      total 294656K, used 29809K [0x00000000e10b0000, 0x00000000fbbb0000, 0x0000000100000000)
  eden space 262976K, 0% used [0x00000000e10b0000,0x00000000e10b0000,0x00000000f1180000)
  from space 31680K, 94% used [0x00000000f1180000,0x00000000f2e9c730,0x00000000f3070000)
  to   space 36288K, 0% used [0x00000000f9840000,0x00000000f9840000,0x00000000fbbb0000)
 ParOldGen       total 90432K, used 53233K [0x00000000a3200000, 0x00000000a8a50000, 0x00000000e10b0000)
  object space 90432K, 58% used [0x00000000a3200000,0x00000000a65fc6f0,0x00000000a8a50000)
 PSPermGen       total 21248K, used 4668K [0x000000009e000000, 0x000000009f4c0000, 0x00000000a3200000)
  object space 21248K, 21% used [0x000000009e000000,0x000000009e48f178,0x000000009f4c0000)
}
Event: 11.149 GC heap before
{Heap before GC invocations=13 (full 1):
 PSYoungGen      total 294656K, used 292745K [0x00000000e10b0000, 0x00000000fbbb0000, 0x0000000100000000)
  eden space 262976K, 99% used [0x00000000e10b0000,0x00000000f1175ee8,0x00000000f1180000)
  from space 31680K, 94% used [0x00000000f1180000,0x00000000f2e9c730,0x00000000f3070000)
  to   space 36288K, 0% used [0x00000000f9840000,0x00000000f9840000,0x00000000fbbb0000)
 ParOldGen       total 90432K, used 53233K [0x00000000a3200000, 0x00000000a8a50000, 0x00000000e10b0000)
  object space 90432K, 58% used [0x00000000a3200000,0x00000000a65fc6f0,0x00000000a8a50000)
 PSPermGen       total 21248K, used 4669K [0x000000009e000000, 0x000000009f4c0000, 0x00000000a3200000)
  object space 21248K, 21% used [0x000000009e000000,0x000000009e48f7b0,0x000000009f4c0000)
Event: 11.152 GC heap after
Heap after GC invocations=13 (full 1):
 PSYoungGen      total 381120K, used 4551K [0x00000000e10b0000, 0x00000000fb160000, 0x0000000100000000)
  eden space 355392K, 0% used [0x00000000e10b0000,0x00000000e10b0000,0x00000000f6bc0000)
  from space 25728K, 17% used [0x00000000f9840000,0x00000000f9cb1c70,0x00000000fb160000)
  to   space 35648K, 0% used [0x00000000f6bc0000,0x00000000f6bc0000,0x00000000f8e90000)
 ParOldGen       total 90432K, used 54785K [0x00000000a3200000, 0x00000000a8a50000, 0x00000000e10b0000)
  object space 90432K, 60% used [0x00000000a3200000,0x00000000a67806f0,0x00000000a8a50000)
 PSPermGen       total 21248K, used 4669K [0x000000009e000000, 0x000000009f4c0000, 0x00000000a3200000)
  object space 21248K, 21% used [0x000000009e000000,0x000000009e48f7b0,0x000000009f4c0000)
}
Event: 14.033 GC heap before
{Heap before GC invocations=14 (full 1):
 PSYoungGen      total 381120K, used 359943K [0x00000000e10b0000, 0x00000000fb160000, 0x0000000100000000)
  eden space 355392K, 100% used [0x00000000e10b0000,0x00000000f6bc0000,0x00000000f6bc0000)
  from space 25728K, 17% used [0x00000000f9840000,0x00000000f9cb1c70,0x00000000fb160000)
  to   space 35648K, 0% used [0x00000000f6bc0000,0x00000000f6bc0000,0x00000000f8e90000)
 ParOldGen       total 90432K, used 54785K [0x00000000a3200000, 0x00000000a8a50000, 0x00000000e10b0000)
  object space 90432K, 60% used [0x00000000a3200000,0x00000000a67806f0,0x00000000a8a50000)
 PSPermGen       total 21248K, used 5256K [0x000000009e000000, 0x000000009f4c0000, 0x00000000a3200000)
  object space 21248K, 24% used [0x000000009e000000,0x000000009e522378,0x000000009f4c0000)
Event: 14.044 GC heap after
Heap after GC invocations=14 (full 1):
 PSYoungGen      total 391040K, used 1408K [0x00000000e10b0000, 0x0000000100000000, 0x0000000100000000)
  eden space 355392K, 0% used [0x00000000e10b0000,0x00000000e10b0000,0x00000000f6bc0000)
  from space 35648K, 3% used [0x00000000f6bc0000,0x00000000f6d20000,0x00000000f8e90000)
  to   space 35328K, 0% used [0x00000000fdd80000,0x00000000fdd80000,0x0000000100000000)
 ParOldGen       total 90432K, used 56998K [0x00000000a3200000, 0x00000000a8a50000, 0x00000000e10b0000)
  object space 90432K, 63% used [0x00000000a3200000,0x00000000a69a9b20,0x00000000a8a50000)
 PSPermGen       total 21248K, used 5256K [0x000000009e000000, 0x000000009f4c0000, 0x00000000a3200000)
  object space 21248K, 24% used [0x000000009e000000,0x000000009e522378,0x000000009f4c0000)
}

Deoptimization events (4 events):
Event: 1.095 Thread 0x000000000247b000 Uncommon trap -83 fr.pc 0x0000000002837218
Event: 1.100 Thread 0x000000000247b000 Uncommon trap -83 fr.pc 0x0000000002837de0
Event: 1.648 Thread 0x000000000247b000 Uncommon trap 27 fr.pc 0x0000000002840560
Event: 14.027 Thread 0x000000000247b000 Uncommon trap -34 fr.pc 0x0000000002864698

Internal exceptions (10 events):
Event: 14.181 Thread 0x000000000247b000 Threw 0x00000000e13ad1b8 at C:\jdk7u2_64p\jdk7u21\hotspot\src\share\vm\prims\jvm.cpp:1166
Event: 14.181 Thread 0x000000000247b000 Threw 0x00000000e13b1f20 at C:\jdk7u2_64p\jdk7u21\hotspot\src\share\vm\prims\jvm.cpp:1166
Event: 14.182 Thread 0x000000000247b000 Threw 0x00000000e13b6ad8 at C:\jdk7u2_64p\jdk7u21\hotspot\src\share\vm\prims\jvm.cpp:1166
Event: 14.182 Thread 0x000000000247b000 Threw 0x00000000e13bc3e0 at C:\jdk7u2_64p\jdk7u21\hotspot\src\share\vm\prims\jvm.cpp:1166
Event: 14.183 Thread 0x000000000247b000 Threw 0x00000000e13c1658 at C:\jdk7u2_64p\jdk7u21\hotspot\src\share\vm\prims\jvm.cpp:1166
Event: 14.215 Thread 0x000000000247b000 Threw 0x00000000e142ee50 at C:\jdk7u2_64p\jdk7u21\hotspot\src\share\vm\prims\jvm.cpp:1166
Event: 14.215 Thread 0x000000000247b000 Threw 0x00000000e1433230 at C:\jdk7u2_64p\jdk7u21\hotspot\src\share\vm\prims\jvm.cpp:1166
Event: 14.218 Thread 0x000000000247b000 Threw 0x00000000e143c9d0 at C:\jdk7u2_64p\jdk7u21\hotspot\src\share\vm\prims\jvm.cpp:1166
Event: 14.219 Thread 0x000000000247b000 Threw 0x00000000e14417a0 at C:\jdk7u2_64p\jdk7u21\hotspot\src\share\vm\prims\jvm.cpp:1166
Event: 14.220 Thread 0x000000000247b000 Threw 0x00000000e1446c20 at C:\jdk7u2_64p\jdk7u21\hotspot\src\share\vm\prims\jvm.cpp:1166

Events (10 events):
Event: 14.215 loading class 0x000000000c7761a0
Event: 14.215 loading class 0x000000000c7761a0 done
Event: 14.218 loading class 0x000000000c7766f0
Event: 14.218 loading class 0x000000000c7766f0 done
Event: 14.219 loading class 0x000000000c7766a0
Event: 14.219 loading class 0x000000000c7766a0 done
Event: 14.220 loading class 0x000000000c727010
Event: 14.220 loading class 0x000000000c727010 done
Event: 14.221 loading class 0x000000000a24f010
Event: 14.221 loading class 0x000000000a24f010 done


Dynamic libraries:
0x000000013fc20000 - 0x000000013fc53000 	C:\Program Files\Java\jdk1.7.0_21\bin\java.exe
0x00000000771a0000 - 0x0000000077349000 	C:\Windows\SYSTEM32\ntdll.dll
0x0000000076f40000 - 0x000000007705f000 	C:\Windows\system32\kernel32.dll
0x000007fefcf70000 - 0x000007fefcfdb000 	C:\Windows\system32\KERNELBASE.dll
0x000007fefd8d0000 - 0x000007fefd9ab000 	C:\Windows\system32\ADVAPI32.dll
0x000007fefe840000 - 0x000007fefe8df000 	C:\Windows\system32\msvcrt.dll
0x000007fefd680000 - 0x000007fefd69f000 	C:\Windows\SYSTEM32\sechost.dll
0x000007fefd450000 - 0x000007fefd57d000 	C:\Windows\system32\RPCRT4.dll
0x0000000076e40000 - 0x0000000076f3a000 	C:\Windows\system32\USER32.dll
0x000007feff360000 - 0x000007feff3c7000 	C:\Windows\system32\GDI32.dll
0x000007feff350000 - 0x000007feff35e000 	C:\Windows\system32\LPK.dll
0x000007fefe930000 - 0x000007fefe9f9000 	C:\Windows\system32\USP10.dll
0x000007fefb7b0000 - 0x000007fefb9a4000 	C:\Windows\WinSxS\amd64_microsoft.windows.common-controls_6595b64144ccf1df_6.0.7601.17514_none_fa396087175ac9ac\COMCTL32.dll
0x000007fefedc0000 - 0x000007fefee31000 	C:\Windows\system32\SHLWAPI.dll
0x000007fefeb10000 - 0x000007fefeb3e000 	C:\Windows\system32\IMM32.DLL
0x000007fefea00000 - 0x000007fefeb09000 	C:\Windows\system32\MSCTF.dll
0x000000005ec40000 - 0x000000005ed11000 	C:\Program Files\Java\jdk1.7.0_21\jre\bin\msvcr100.dll
0x000000006e7a0000 - 0x000000006eec1000 	C:\Program Files\Java\jdk1.7.0_21\jre\bin\server\jvm.dll
0x000007fef9470000 - 0x000007fef9479000 	C:\Windows\system32\WSOCK32.dll
0x000007fefe8e0000 - 0x000007fefe92d000 	C:\Windows\system32\WS2_32.dll
0x000007feff340000 - 0x000007feff348000 	C:\Windows\system32\NSI.dll
0x000007fefd120000 - 0x000007fefd15b000 	C:\Windows\system32\WINMM.dll
0x0000000077360000 - 0x0000000077367000 	C:\Windows\system32\PSAPI.DLL
0x0000000066540000 - 0x000000006654f000 	C:\Program Files\Java\jdk1.7.0_21\jre\bin\verify.dll
0x00000000630b0000 - 0x00000000630d8000 	C:\Program Files\Java\jdk1.7.0_21\jre\bin\java.dll
0x0000000063090000 - 0x00000000630a5000 	C:\Program Files\Java\jdk1.7.0_21\jre\bin\zip.dll
0x000007fefaaa0000 - 0x000007fefaab0000 	D:\Program Files (x86)\JetBrains\IntelliJ IDEA 13.0\bin\breakgen64.dll
0x00000000610f0000 - 0x0000000061109000 	C:\Program Files\Java\jdk1.7.0_21\jre\bin\net.dll
0x000007fefc580000 - 0x000007fefc5d5000 	C:\Windows\system32\mswsock.dll
0x000007fefc570000 - 0x000007fefc577000 	C:\Windows\System32\wship6.dll
0x00000000547f0000 - 0x0000000054983000 	C:\Program Files\Java\jdk1.7.0_21\jre\bin\awt.dll
0x000007feff3d0000 - 0x000007feff4a7000 	C:\Windows\system32\OLEAUT32.dll
0x000007fefd6a0000 - 0x000007fefd8a3000 	C:\Windows\system32\ole32.dll
0x0000000060ef0000 - 0x0000000060f20000 	C:\Program Files\Java\jdk1.7.0_21\jre\bin\jpeg.dll
0x000000005b380000 - 0x000000005b418000 	C:\Windows\System32\msvcp100.dll
0x000007fee2610000 - 0x000007fee2882000 	D:\workspace\dandan\opencv\build\x64\vc10\bin\opencv_core248.dll
0x000007fef5130000 - 0x000007fef51ca000 	C:\Users\pairwinter\AppData\Local\Temp\javacpp40068787481600\jniopencv_core.dll
0x000007fef4c60000 - 0x000007fef4d85000 	C:\Windows\system32\dbghelp.dll

VM Arguments:
jvm_args: -Didea.launcher.port=7539 -Didea.launcher.bin.path=D:\Program Files (x86)\JetBrains\IntelliJ IDEA 13.0\bin -Dfile.encoding=UTF-8 
java_command: com.intellij.rt.execution.application.AppMain com.wendy.plsa.BuildKmeans
Launcher Type: SUN_STANDARD

Environment Variables:
JAVA_HOME=C:\Program Files\Java\jdk1.6.0_30
PATH=C:\Program Files (x86)\AMD APP\bin\x86_64;C:\Program Files (x86)\AMD APP\bin\x86;C:\Users\pairwinter\Documents\AMD APP\bin\x86_64;C:\Users\pairwinter\Documents\AMD APP\bin\x86;C:\Program Files\Common Files\Microsoft Shared\Windows Live;C:\Program Files (x86)\Common Files\Microsoft Shared\Windows Live;C:\Windows\system32;C:\Windows;C:\Windows\System32\Wbem;C:\Windows\System32\WindowsPowerShell\v1.0\;C:\Program Files\Intel\WiFi\bin\;C:\Program Files\Common Files\Intel\WirelessCommon\;C:\Program Files (x86)\ATI Technologies\ATI.ACE\Core-Static;C:\Program Files\Java\jdk1.6.0_30\bin;D:\tools\javatools\apache-maven\apache-maven-3.0.4\bin;D:\tools\database\mongodb\bin;C:\Program Files (x86)\Windows Live\Shared;D:\tools\javatools\spring-roo-1.2.3.RELEASE\bin;D:\tools\android\android-sdk\platform-tools;C:\Program Files\nodejs\;D:\Program Files\TortoiseSVN\bin;C:\Program Files\Java\jdk1.6.0_30\bin;C:\Users\pairwinter\AppData\Roaming\npm;C:\Program Files (x86)\Git\bin;D:\workspace\dandan\opencv\build\x64\vc10\bin
USERNAME=pairwinter
OS=Windows_NT
PROCESSOR_IDENTIFIER=Intel64 Family 6 Model 37 Stepping 2, GenuineIntel



---------------  S Y S T E M  ---------------

OS: Windows 7 , 64 bit Build 7601 Service Pack 1

CPU:total 4 (2 cores per cpu, 2 threads per core) family 6 model 37 stepping 2, cmov, cx8, fxsr, mmx, sse, sse2, sse3, ssse3, sse4.1, sse4.2, popcnt, ht, tsc, tscinvbit

Memory: 4k page, physical 6083048k(989088k free), swap 12164232k(5292572k free)

vm_info: Java HotSpot(TM) 64-Bit Server VM (23.21-b01) for windows-amd64 JRE (1.7.0_21-b11), built on Apr  4 2013 08:11:28 by "java_re" with unknown MS VC++:1600

time: Thu Apr 03 20:49:35 2014
elapsed time: 15 seconds

