#
# A fatal error has been detected by the Java Runtime Environment:
#
#  EXCEPTION_ACCESS_VIOLATION (0xc0000005) at pc=0x000007fee4e6c96d, pid=16588, tid=17364
#
# JRE version: 7.0_21-b11
# Java VM: Java HotSpot(TM) 64-Bit Server VM (23.21-b01 mixed mode windows-amd64 compressed oops)
# Problematic frame:
# C  [opencv_core248.dll+0x13c96d]  cvKMeans2+0x9ad
#
# Failed to write core dump. Minidumps are not enabled by default on client versions of Windows
#
# If you would like to submit a bug report, please visit:
#   http://bugreport.sun.com/bugreport/crash.jsp
# The crash happened outside the Java Virtual Machine in native code.
# See problematic frame for where to report the bug.
#

---------------  T H R E A D  ---------------

Current thread (0x000000000237b000):  JavaThread "main" [_thread_in_native, id=17364, stack(0x0000000002600000,0x0000000002700000)]

siginfo: ExceptionCode=0xc0000005, writing address 0x0000000000520000

Registers:
RAX=0x00000000026fe780, RBX=0x000000000c366c50, RCX=0x46b6317392440000, RDX=0x0000000000818b60
RSP=0x00000000026feb40, RBP=0x00000000026fec40, RSI=0x0000000000520000, RDI=0x000000000c6fed80
R8 =0x000000000000037f, R9 =0xfeeefeeefeeefeee, R10=0x0000000002480158, R11=0x00000000026feaf8
R12=0x000000000000000a, R13=0x00000000026fef30, R14=0x0000000000000000, R15=0x000000000c366c50
RIP=0x000007fee4e6c96d, EFLAGS=0x0000000000010206

Top of Stack: (sp=0x00000000026feb40)
0x00000000026feb40:   000000000c366c50 ffffffffffffffff
0x00000000026feb50:   000000000c366c50 0000000000520000
0x00000000026feb60:   0000000000000003 0000000000000001
0x00000000026feb70:   00000000026feb90 0000000000000000
0x00000000026feb80:   0000006400000002 3ff0000000000000
0x00000000026feb90:   000007fee4f00238 0000000000010000
0x00000000026feba0:   00000000026fec90 0000000000000000
0x00000000026febb0:   fffffffffffffffe 000007fee4eec7f8
0x00000000026febc0:   0000000000010000 00000000026fecf0
0x00000000026febd0:   0000000000000000 00000000000000a9
0x00000000026febe0:   0000000002377880 00001532b2b32b35
0x00000000026febf0:   00000000000000b8 000000006efadc8d
0x00000000026fec00:   000000000237b5a0 000007fee4f00238
0x00000000026fec10:   0000000000010000 00000000026fed50
0x00000000026fec20:   0000000000000000 000000006efe9bf0
0x00000000026fec30:   0000000242ff4005 0000008000000000 

Instructions: (pc=0x000007fee4e6c96d)
0x000007fee4e6c94d:   00 89 44 24 20 4c 8d 4c 24 40 4c 8d 45 c8 41 8b
0x000007fee4e6c95d:   d4 48 8d 4c 24 78 e8 b8 d6 ff ff 48 85 f6 74 04
0x000007fee4e6c96d:   f2 0f 11 06 48 8b 4d 68 48 85 c9 74 36 83 ca ff
0x000007fee4e6c97d:   e8 0e b2 04 00 83 f8 01 75 29 48 8b 8d 88 00 00 


Register to memory mapping:

RAX=0x00000000026fe780 is pointing into the stack for thread: 0x000000000237b000
RBX=0x000000000c366c50 is an unknown value
RCX=0x46b6317392440000 is an unknown value
RDX=0x0000000000818b60 is an unknown value
RSP=0x00000000026feb40 is pointing into the stack for thread: 0x000000000237b000
RBP=0x00000000026fec40 is pointing into the stack for thread: 0x000000000237b000
RSI=0x0000000000520000 is an unknown value
RDI=0x000000000c6fed80 is an unknown value
R8 =0x000000000000037f is an unknown value
R9 =0xfeeefeeefeeefeee is an unknown value
R10=0x0000000002480158 is an unknown value
R11=0x00000000026feaf8 is pointing into the stack for thread: 0x000000000237b000
R12=0x000000000000000a is an unknown value
R13=0x00000000026fef30 is pointing into the stack for thread: 0x000000000237b000
R14=0x0000000000000000 is an unknown value
R15=0x000000000c366c50 is an unknown value


Stack: [0x0000000002600000,0x0000000002700000],  sp=0x00000000026feb40,  free space=1018k
Native frames: (J=compiled Java code, j=interpreted, Vv=VM code, C=native code)
C  [opencv_core248.dll+0x13c96d]  cvKMeans2+0x9ad

Java frames: (J=compiled Java code, j=interpreted, Vv=VM code)
j  com.googlecode.javacv.cpp.opencv_core.cvKMeans2(Lcom/googlecode/javacv/cpp/opencv_core$CvArr;ILcom/googlecode/javacv/cpp/opencv_core$CvArr;Lcom/googlecode/javacv/cpp/opencv_core$CvTermCriteria;ILcom/googlecode/javacv/cpp/opencv_core$CvRNG;ILcom/googlecode/javacv/cpp/opencv_core$CvArr;[D)I+0
j  com.wendy.plsa.BuildKmeans.main([Ljava/lang/String;)V+130
v  ~StubRoutines::call_stub
j  sun.reflect.NativeMethodAccessorImpl.invoke0(Ljava/lang/reflect/Method;Ljava/lang/Object;[Ljava/lang/Object;)Ljava/lang/Object;+0
j  sun.reflect.NativeMethodAccessorImpl.invoke(Ljava/lang/Object;[Ljava/lang/Object;)Ljava/lang/Object;+87
j  sun.reflect.DelegatingMethodAccessorImpl.invoke(Ljava/lang/Object;[Ljava/lang/Object;)Ljava/lang/Object;+6
j  java.lang.reflect.Method.invoke(Ljava/lang/Object;[Ljava/lang/Object;)Ljava/lang/Object;+57
j  com.intellij.rt.execution.application.AppMain.main([Ljava/lang/String;)V+140
v  ~StubRoutines::call_stub

---------------  P R O C E S S  ---------------

Java Threads: ( => current thread )
  0x000000000c786800 JavaThread "Java2D Disposer" daemon [_thread_blocked, id=14616, stack(0x000000000cfd0000,0x000000000d0d0000)]
  0x000000000c782800 JavaThread "Monitor Ctrl-Break" daemon [_thread_in_native, id=11024, stack(0x000000000bbb0000,0x000000000bcb0000)]
  0x000000000a4ce000 JavaThread "Service Thread" daemon [_thread_blocked, id=18796, stack(0x000000000bf00000,0x000000000c000000)]
  0x000000000a4cc800 JavaThread "C2 CompilerThread1" daemon [_thread_blocked, id=17476, stack(0x000000000bd00000,0x000000000be00000)]
  0x000000000a4c3800 JavaThread "C2 CompilerThread0" daemon [_thread_blocked, id=17292, stack(0x000000000ba70000,0x000000000bb70000)]
  0x000000000a4c2000 JavaThread "Attach Listener" daemon [_thread_blocked, id=8960, stack(0x000000000b8e0000,0x000000000b9e0000)]
  0x000000000a4bb000 JavaThread "Signal Dispatcher" daemon [_thread_blocked, id=11624, stack(0x000000000b7d0000,0x000000000b8d0000)]
  0x000000000243b000 JavaThread "Finalizer" daemon [_thread_blocked, id=14812, stack(0x000000000b600000,0x000000000b700000)]
  0x0000000002433800 JavaThread "Reference Handler" daemon [_thread_blocked, id=15768, stack(0x000000000b490000,0x000000000b590000)]
=>0x000000000237b000 JavaThread "main" [_thread_in_native, id=17364, stack(0x0000000002600000,0x0000000002700000)]

Other Threads:
  0x000000000a411800 VMThread [stack: 0x000000000b2f0000,0x000000000b3f0000] [id=18256]
  0x000000000a4ff000 WatcherThread [stack: 0x000000000c4f0000,0x000000000c5f0000] [id=14100]

VM state:not at safepoint (normal execution)

VM Mutex/Monitor currently owned by a thread: None

Heap
 PSYoungGen      total 401920K, used 61620K [0x00000000e10b0000, 0x0000000100000000, 0x0000000100000000)
  eden space 357376K, 9% used [0x00000000e10b0000,0x00000000e3318208,0x00000000f6db0000)
  from space 44544K, 59% used [0x00000000f6db0000,0x00000000f8775148,0x00000000f9930000)
  to   space 44800K, 0% used [0x00000000fd440000,0x00000000fd440000,0x0000000100000000)
 ParOldGen       total 90176K, used 47933K [0x00000000a3200000, 0x00000000a8a10000, 0x00000000e10b0000)
  object space 90176K, 53% used [0x00000000a3200000,0x00000000a60cf698,0x00000000a8a10000)
 PSPermGen       total 21248K, used 5932K [0x000000009e000000, 0x000000009f4c0000, 0x00000000a3200000)
  object space 21248K, 27% used [0x000000009e000000,0x000000009e5cb3d0,0x000000009f4c0000)

Card table byte_map: [0x00000000057c0000,0x0000000005ae0000] byte_map_base: 0x00000000052d0000

Polling page: 0x0000000000130000

Code Cache  [0x0000000002700000, 0x0000000002970000, 0x0000000005700000)
 total_blobs=417 nmethods=121 adapters=247 free_code_cache=48420Kb largest_free_block=49564800

Compilation events (10 events):
Event: 14.234 Thread 0x000000000a4c3800  102             java.util.Arrays::copyOfRange (63 bytes)
Event: 14.237 Thread 0x000000000a4c3800 nmethod 102 0x00000000027b8e10 code [0x00000000027b8f60, 0x00000000027b9158]
Event: 14.240 Thread 0x000000000a4cc800  103             java.lang.String::indexOf (7 bytes)
Event: 14.243 Thread 0x000000000a4cc800 nmethod 103 0x00000000027b84d0 code [0x00000000027b8620, 0x00000000027b8788]
Event: 14.252 Thread 0x000000000a4c3800  104             java.net.URI$Parser::charAt (9 bytes)
Event: 14.253 Thread 0x000000000a4c3800 nmethod 104 0x00000000027b8190 code [0x00000000027b82e0, 0x00000000027b8398]
Event: 14.256 Thread 0x000000000a4c3800  105             java.net.URI::match (56 bytes)
Event: 14.257 Thread 0x000000000a4c3800 nmethod 105 0x00000000027b8b50 code [0x00000000027b8c80, 0x00000000027b8cf8]
Event: 14.313 Thread 0x000000000a4cc800  107             com.googlecode.javacpp.IntPointer::put (9 bytes)
Event: 14.314 Thread 0x000000000a4cc800 nmethod 107 0x00000000027bb0d0 code [0x00000000027bb220, 0x00000000027bb2a8]

GC Heap History (10 events):
Event: 5.548 GC heap before
{Heap before GC invocations=10 (full 1):
 PSYoungGen      total 202880K, used 179648K [0x00000000e10b0000, 0x00000000f0eb0000, 0x0000000100000000)
  eden space 179648K, 100% used [0x00000000e10b0000,0x00000000ec020000,0x00000000ec020000)
  from space 23232K, 0% used [0x00000000ee1e0000,0x00000000ee1e0000,0x00000000ef890000)
  to   space 34560K, 0% used [0x00000000ec020000,0x00000000ec020000,0x00000000ee1e0000)
 ParOldGen       total 90176K, used 39256K [0x00000000a3200000, 0x00000000a8a10000, 0x00000000e10b0000)
  object space 90176K, 43% used [0x00000000a3200000,0x00000000a5856230,0x00000000a8a10000)
 PSPermGen       total 21248K, used 4665K [0x000000009e000000, 0x000000009f4c0000, 0x00000000a3200000)
  object space 21248K, 21% used [0x000000009e000000,0x000000009e48e6a0,0x000000009f4c0000)
Event: 5.578 GC heap after
Heap after GC invocations=10 (full 1):
 PSYoungGen      total 214208K, used 33596K [0x00000000e10b0000, 0x00000000f5ae0000, 0x0000000100000000)
  eden space 179648K, 0% used [0x00000000e10b0000,0x00000000e10b0000,0x00000000ec020000)
  from space 34560K, 97% used [0x00000000ec020000,0x00000000ee0ef0b8,0x00000000ee1e0000)
  to   space 40448K, 0% used [0x00000000f3360000,0x00000000f3360000,0x00000000f5ae0000)
 ParOldGen       total 90176K, used 44026K [0x00000000a3200000, 0x00000000a8a10000, 0x00000000e10b0000)
  object space 90176K, 48% used [0x00000000a3200000,0x00000000a5cfea90,0x00000000a8a10000)
 PSPermGen       total 21248K, used 4665K [0x000000009e000000, 0x000000009f4c0000, 0x00000000a3200000)
  object space 21248K, 21% used [0x000000009e000000,0x000000009e48e6a0,0x000000009f4c0000)
}
Event: 6.562 GC heap before
{Heap before GC invocations=11 (full 1):
 PSYoungGen      total 214208K, used 213244K [0x00000000e10b0000, 0x00000000f5ae0000, 0x0000000100000000)
  eden space 179648K, 100% used [0x00000000e10b0000,0x00000000ec020000,0x00000000ec020000)
  from space 34560K, 97% used [0x00000000ec020000,0x00000000ee0ef0b8,0x00000000ee1e0000)
  to   space 40448K, 0% used [0x00000000f3360000,0x00000000f3360000,0x00000000f5ae0000)
 ParOldGen       total 90176K, used 44026K [0x00000000a3200000, 0x00000000a8a10000, 0x00000000e10b0000)
  object space 90176K, 48% used [0x00000000a3200000,0x00000000a5cfea90,0x00000000a8a10000)
 PSPermGen       total 21248K, used 4665K [0x000000009e000000, 0x000000009f4c0000, 0x00000000a3200000)
  object space 21248K, 21% used [0x000000009e000000,0x000000009e48e6a0,0x000000009f4c0000)
Event: 6.598 GC heap after
Heap after GC invocations=11 (full 1):
 PSYoungGen      total 296640K, used 25016K [0x00000000e10b0000, 0x00000000f5df0000, 0x0000000100000000)
  eden space 256192K, 0% used [0x00000000e10b0000,0x00000000e10b0000,0x00000000f0ae0000)
  from space 40448K, 61% used [0x00000000f3360000,0x00000000f4bce078,0x00000000f5ae0000)
  to   space 41472K, 0% used [0x00000000f0ae0000,0x00000000f0ae0000,0x00000000f3360000)
 ParOldGen       total 90176K, used 44026K [0x00000000a3200000, 0x00000000a8a10000, 0x00000000e10b0000)
  object space 90176K, 48% used [0x00000000a3200000,0x00000000a5cfea90,0x00000000a8a10000)
 PSPermGen       total 21248K, used 4665K [0x000000009e000000, 0x000000009f4c0000, 0x00000000a3200000)
  object space 21248K, 21% used [0x000000009e000000,0x000000009e48e6a0,0x000000009f4c0000)
}
Event: 8.546 GC heap before
{Heap before GC invocations=12 (full 1):
 PSYoungGen      total 296640K, used 281208K [0x00000000e10b0000, 0x00000000f5df0000, 0x0000000100000000)
  eden space 256192K, 100% used [0x00000000e10b0000,0x00000000f0ae0000,0x00000000f0ae0000)
  from space 40448K, 61% used [0x00000000f3360000,0x00000000f4bce078,0x00000000f5ae0000)
  to   space 41472K, 0% used [0x00000000f0ae0000,0x00000000f0ae0000,0x00000000f3360000)
 ParOldGen       total 90176K, used 44026K [0x00000000a3200000, 0x00000000a8a10000, 0x00000000e10b0000)
  object space 90176K, 48% used [0x00000000a3200000,0x00000000a5cfea90,0x00000000a8a10000)
 PSPermGen       total 21248K, used 4666K [0x000000009e000000, 0x000000009f4c0000, 0x00000000a3200000)
  object space 21248K, 21% used [0x000000009e000000,0x000000009e48e9d0,0x000000009f4c0000)
Event: 8.569 GC heap after
Heap after GC invocations=12 (full 1):
 PSYoungGen      total 297664K, used 26509K [0x00000000e10b0000, 0x00000000fc680000, 0x0000000100000000)
  eden space 256192K, 0% used [0x00000000e10b0000,0x00000000e10b0000,0x00000000f0ae0000)
  from space 41472K, 63% used [0x00000000f0ae0000,0x00000000f24c34d8,0x00000000f3360000)
  to   space 42688K, 0% used [0x00000000f9cd0000,0x00000000f9cd0000,0x00000000fc680000)
 ParOldGen       total 90176K, used 45269K [0x00000000a3200000, 0x00000000a8a10000, 0x00000000e10b0000)
  object space 90176K, 50% used [0x00000000a3200000,0x00000000a5e35698,0x00000000a8a10000)
 PSPermGen       total 21248K, used 4666K [0x000000009e000000, 0x000000009f4c0000, 0x00000000a3200000)
  object space 21248K, 21% used [0x000000009e000000,0x000000009e48e9d0,0x000000009f4c0000)
}
Event: 10.823 GC heap before
{Heap before GC invocations=13 (full 1):
 PSYoungGen      total 297664K, used 282701K [0x00000000e10b0000, 0x00000000fc680000, 0x0000000100000000)
  eden space 256192K, 100% used [0x00000000e10b0000,0x00000000f0ae0000,0x00000000f0ae0000)
  from space 41472K, 63% used [0x00000000f0ae0000,0x00000000f24c34d8,0x00000000f3360000)
  to   space 42688K, 0% used [0x00000000f9cd0000,0x00000000f9cd0000,0x00000000fc680000)
 ParOldGen       total 90176K, used 45269K [0x00000000a3200000, 0x00000000a8a10000, 0x00000000e10b0000)
  object space 90176K, 50% used [0x00000000a3200000,0x00000000a5e35698,0x00000000a8a10000)
 PSPermGen       total 21248K, used 4666K [0x000000009e000000, 0x000000009f4c0000, 0x00000000a3200000)
  object space 21248K, 21% used [0x000000009e000000,0x000000009e48e9d0,0x000000009f4c0000)
Event: 10.846 GC heap after
Heap after GC invocations=13 (full 1):
 PSYoungGen      total 398208K, used 29341K [0x00000000e10b0000, 0x00000000fc4b0000, 0x0000000100000000)
  eden space 357376K, 0% used [0x00000000e10b0000,0x00000000e10b0000,0x00000000f6db0000)
  from space 40832K, 71% used [0x00000000f9cd0000,0x00000000fb977658,0x00000000fc4b0000)
  to   space 44544K, 0% used [0x00000000f6db0000,0x00000000f6db0000,0x00000000f9930000)
 ParOldGen       total 90176K, used 46821K [0x00000000a3200000, 0x00000000a8a10000, 0x00000000e10b0000)
  object space 90176K, 51% used [0x00000000a3200000,0x00000000a5fb9698,0x00000000a8a10000)
 PSPermGen       total 21248K, used 4666K [0x000000009e000000, 0x000000009f4c0000, 0x00000000a3200000)
  object space 21248K, 21% used [0x000000009e000000,0x000000009e48e9d0,0x000000009f4c0000)
}
Event: 13.775 GC heap before
{Heap before GC invocations=14 (full 1):
 PSYoungGen      total 398208K, used 386717K [0x00000000e10b0000, 0x00000000fc4b0000, 0x0000000100000000)
  eden space 357376K, 100% used [0x00000000e10b0000,0x00000000f6db0000,0x00000000f6db0000)
  from space 40832K, 71% used [0x00000000f9cd0000,0x00000000fb977658,0x00000000fc4b0000)
  to   space 44544K, 0% used [0x00000000f6db0000,0x00000000f6db0000,0x00000000f9930000)
 ParOldGen       total 90176K, used 46821K [0x00000000a3200000, 0x00000000a8a10000, 0x00000000e10b0000)
  object space 90176K, 51% used [0x00000000a3200000,0x00000000a5fb9698,0x00000000a8a10000)
 PSPermGen       total 21248K, used 4668K [0x000000009e000000, 0x000000009f4c0000, 0x00000000a3200000)
  object space 21248K, 21% used [0x000000009e000000,0x000000009e48f008,0x000000009f4c0000)
Event: 13.799 GC heap after
Heap after GC invocations=14 (full 1):
 PSYoungGen      total 401920K, used 26388K [0x00000000e10b0000, 0x0000000100000000, 0x0000000100000000)
  eden space 357376K, 0% used [0x00000000e10b0000,0x00000000e10b0000,0x00000000f6db0000)
  from space 44544K, 59% used [0x00000000f6db0000,0x00000000f8775148,0x00000000f9930000)
  to   space 44800K, 0% used [0x00000000fd440000,0x00000000fd440000,0x0000000100000000)
 ParOldGen       total 90176K, used 47933K [0x00000000a3200000, 0x00000000a8a10000, 0x00000000e10b0000)
  object space 90176K, 53% used [0x00000000a3200000,0x00000000a60cf698,0x00000000a8a10000)
 PSPermGen       total 21248K, used 4668K [0x000000009e000000, 0x000000009f4c0000, 0x00000000a3200000)
  object space 21248K, 21% used [0x000000009e000000,0x000000009e48f008,0x000000009f4c0000)
}

Deoptimization events (4 events):
Event: 0.754 Thread 0x000000000237b000 Uncommon trap -83 fr.pc 0x000000000277f5d8
Event: 0.759 Thread 0x000000000237b000 Uncommon trap -83 fr.pc 0x0000000002777f20
Event: 1.188 Thread 0x000000000237b000 Uncommon trap 27 fr.pc 0x000000000278d320
Event: 13.995 Thread 0x000000000237b000 Uncommon trap -34 fr.pc 0x00000000027aedd8

Internal exceptions (10 events):
Event: 14.211 Thread 0x000000000237b000 Threw 0x00000000e2c5c028 at C:\jdk7u2_64p\jdk7u21\hotspot\src\share\vm\prims\jvm.cpp:1166
Event: 14.212 Thread 0x000000000237b000 Threw 0x00000000e2c60d90 at C:\jdk7u2_64p\jdk7u21\hotspot\src\share\vm\prims\jvm.cpp:1166
Event: 14.212 Thread 0x000000000237b000 Threw 0x00000000e2c65948 at C:\jdk7u2_64p\jdk7u21\hotspot\src\share\vm\prims\jvm.cpp:1166
Event: 14.213 Thread 0x000000000237b000 Threw 0x00000000e2c6b250 at C:\jdk7u2_64p\jdk7u21\hotspot\src\share\vm\prims\jvm.cpp:1166
Event: 14.214 Thread 0x000000000237b000 Threw 0x00000000e2c704c8 at C:\jdk7u2_64p\jdk7u21\hotspot\src\share\vm\prims\jvm.cpp:1166
Event: 14.258 Thread 0x000000000237b000 Threw 0x00000000e2cddd88 at C:\jdk7u2_64p\jdk7u21\hotspot\src\share\vm\prims\jvm.cpp:1166
Event: 14.258 Thread 0x000000000237b000 Threw 0x00000000e2ce2168 at C:\jdk7u2_64p\jdk7u21\hotspot\src\share\vm\prims\jvm.cpp:1166
Event: 14.262 Thread 0x000000000237b000 Threw 0x00000000e2ceb908 at C:\jdk7u2_64p\jdk7u21\hotspot\src\share\vm\prims\jvm.cpp:1166
Event: 14.263 Thread 0x000000000237b000 Threw 0x00000000e2cf06d8 at C:\jdk7u2_64p\jdk7u21\hotspot\src\share\vm\prims\jvm.cpp:1166
Event: 14.293 Thread 0x000000000237b000 Threw 0x00000000e2cf5b58 at C:\jdk7u2_64p\jdk7u21\hotspot\src\share\vm\prims\jvm.cpp:1166

Events (10 events):
Event: 14.258 loading class 0x000000000c7636b0
Event: 14.258 loading class 0x000000000c7636b0 done
Event: 14.262 loading class 0x000000000c763c00
Event: 14.262 loading class 0x000000000c763c00 done
Event: 14.263 loading class 0x000000000c763bb0
Event: 14.263 loading class 0x000000000c763bb0 done
Event: 14.292 loading class 0x000000000c2a8f40
Event: 14.292 loading class 0x000000000c2a8f40 done
Event: 14.304 loading class 0x000000000a4838b0
Event: 14.304 loading class 0x000000000a4838b0 done


Dynamic libraries:
0x000000013ff20000 - 0x000000013ff53000 	C:\Program Files\Java\jdk1.7.0_21\bin\java.exe
0x0000000076e20000 - 0x0000000076fc9000 	C:\Windows\SYSTEM32\ntdll.dll
0x0000000076ac0000 - 0x0000000076bdf000 	C:\Windows\system32\kernel32.dll
0x000007fefcb40000 - 0x000007fefcbab000 	C:\Windows\system32\KERNELBASE.dll
0x000007fefd130000 - 0x000007fefd20b000 	C:\Windows\system32\ADVAPI32.dll
0x000007fefed40000 - 0x000007fefeddf000 	C:\Windows\system32\msvcrt.dll
0x000007feff110000 - 0x000007feff12f000 	C:\Windows\SYSTEM32\sechost.dll
0x000007fefd980000 - 0x000007fefdaad000 	C:\Windows\system32\RPCRT4.dll
0x0000000076d20000 - 0x0000000076e1a000 	C:\Windows\system32\USER32.dll
0x000007fefec30000 - 0x000007fefec97000 	C:\Windows\system32\GDI32.dll
0x000007fefeb50000 - 0x000007fefeb5e000 	C:\Windows\system32\LPK.dll
0x000007fefeb60000 - 0x000007fefec29000 	C:\Windows\system32\USP10.dll
0x000007fefb430000 - 0x000007fefb624000 	C:\Windows\WinSxS\amd64_microsoft.windows.common-controls_6595b64144ccf1df_6.0.7601.17514_none_fa396087175ac9ac\COMCTL32.dll
0x000007fefdbe0000 - 0x000007fefdc51000 	C:\Windows\system32\SHLWAPI.dll
0x000007fefdab0000 - 0x000007fefdade000 	C:\Windows\system32\IMM32.DLL
0x000007fefd2f0000 - 0x000007fefd3f9000 	C:\Windows\system32\MSCTF.dll
0x0000000058420000 - 0x00000000584f1000 	C:\Program Files\Java\jdk1.7.0_21\jre\bin\msvcr100.dll
0x000000006ed80000 - 0x000000006f4a1000 	C:\Program Files\Java\jdk1.7.0_21\jre\bin\server\jvm.dll
0x000007fef90f0000 - 0x000007fef90f9000 	C:\Windows\system32\WSOCK32.dll
0x000007fefd210000 - 0x000007fefd25d000 	C:\Windows\system32\WS2_32.dll
0x000007fefd260000 - 0x000007fefd268000 	C:\Windows\system32\NSI.dll
0x000007fefcaa0000 - 0x000007fefcadb000 	C:\Windows\system32\WINMM.dll
0x0000000076fe0000 - 0x0000000076fe7000 	C:\Windows\system32\PSAPI.DLL
0x0000000063080000 - 0x000000006308f000 	C:\Program Files\Java\jdk1.7.0_21\jre\bin\verify.dll
0x000000005d5c0000 - 0x000000005d5e8000 	C:\Program Files\Java\jdk1.7.0_21\jre\bin\java.dll
0x000000005f850000 - 0x000000005f865000 	C:\Program Files\Java\jdk1.7.0_21\jre\bin\zip.dll
0x000007fef6a80000 - 0x000007fef6a90000 	D:\Program Files (x86)\JetBrains\IntelliJ IDEA 13.0\bin\breakgen64.dll
0x000000005f7d0000 - 0x000000005f7e9000 	C:\Program Files\Java\jdk1.7.0_21\jre\bin\net.dll
0x000007fefc200000 - 0x000007fefc255000 	C:\Windows\system32\mswsock.dll
0x000007fefc1f0000 - 0x000007fefc1f7000 	C:\Windows\System32\wship6.dll
0x00000000572c0000 - 0x0000000057453000 	C:\Program Files\Java\jdk1.7.0_21\jre\bin\awt.dll
0x000007feff030000 - 0x000007feff107000 	C:\Windows\system32\OLEAUT32.dll
0x000007fefd6d0000 - 0x000007fefd8d3000 	C:\Windows\system32\ole32.dll
0x000000005d540000 - 0x000000005d570000 	C:\Program Files\Java\jdk1.7.0_21\jre\bin\jpeg.dll
0x000000005d4a0000 - 0x000000005d538000 	C:\Windows\System32\msvcp100.dll
0x000007fee4d30000 - 0x000007fee4fa2000 	D:\workspace\dandan\opencv\build\x64\vc10\bin\opencv_core248.dll
0x000007fee6ea0000 - 0x000007fee6f3a000 	C:\Users\pairwinter\AppData\Local\Temp\javacpp105883667723524\jniopencv_core.dll
0x000007fef5d10000 - 0x000007fef5e35000 	C:\Windows\system32\dbghelp.dll

VM Arguments:
jvm_args: -Didea.launcher.port=7535 -Didea.launcher.bin.path=D:\Program Files (x86)\JetBrains\IntelliJ IDEA 13.0\bin -Dfile.encoding=UTF-8 
java_command: com.intellij.rt.execution.application.AppMain com.wendy.plsa.BuildKmeans
Launcher Type: SUN_STANDARD

Environment Variables:
JAVA_HOME=C:\Program Files\Java\jdk1.6.0_30
PATH=C:\Program Files (x86)\AMD APP\bin\x86_64;C:\Program Files (x86)\AMD APP\bin\x86;C:\Users\pairwinter\Documents\AMD APP\bin\x86_64;C:\Users\pairwinter\Documents\AMD APP\bin\x86;C:\Program Files\Common Files\Microsoft Shared\Windows Live;C:\Program Files (x86)\Common Files\Microsoft Shared\Windows Live;C:\Windows\system32;C:\Windows;C:\Windows\System32\Wbem;C:\Windows\System32\WindowsPowerShell\v1.0\;C:\Program Files\Intel\WiFi\bin\;C:\Program Files\Common Files\Intel\WirelessCommon\;C:\Program Files (x86)\ATI Technologies\ATI.ACE\Core-Static;C:\Program Files\Java\jdk1.6.0_30\bin;D:\tools\javatools\apache-maven\apache-maven-3.0.4\bin;D:\tools\database\mongodb\bin;C:\Program Files (x86)\Windows Live\Shared;D:\tools\javatools\spring-roo-1.2.3.RELEASE\bin;D:\tools\android\android-sdk\platform-tools;C:\Program Files\nodejs\;D:\Program Files\TortoiseSVN\bin;C:\Program Files\Java\jdk1.6.0_30\bin;C:\Users\pairwinter\AppData\Roaming\npm;C:\Program Files (x86)\Git\bin;D:\workspace\dandan\opencv\build\x64\vc10\bin
USERNAME=pairwinter
OS=Windows_NT
PROCESSOR_IDENTIFIER=Intel64 Family 6 Model 37 Stepping 2, GenuineIntel



---------------  S Y S T E M  ---------------

OS: Windows 7 , 64 bit Build 7601 Service Pack 1

CPU:total 4 (2 cores per cpu, 2 threads per core) family 6 model 37 stepping 2, cmov, cx8, fxsr, mmx, sse, sse2, sse3, ssse3, sse4.1, sse4.2, popcnt, ht, tsc, tscinvbit

Memory: 4k page, physical 6083048k(877096k free), swap 12164232k(5227424k free)

vm_info: Java HotSpot(TM) 64-Bit Server VM (23.21-b01) for windows-amd64 JRE (1.7.0_21-b11), built on Apr  4 2013 08:11:28 by "java_re" with unknown MS VC++:1600

time: Sun Mar 23 18:45:48 2014
elapsed time: 15 seconds

