#
# A fatal error has been detected by the Java Runtime Environment:
#
#  EXCEPTION_ACCESS_VIOLATION (0xc0000005) at pc=0x000007fee31dc96d, pid=9992, tid=17372
#
# JRE version: 7.0_21-b11
# Java VM: Java HotSpot(TM) 64-Bit Server VM (23.21-b01 mixed mode windows-amd64 compressed oops)
# Problematic frame:
# C  [opencv_core248.dll+0x13c96d]  cvKMeans2+0x9ad
#
# Failed to write core dump. Minidumps are not enabled by default on client versions of Windows
#
# If you would like to submit a bug report, please visit:
#   http://bugreport.sun.com/bugreport/crash.jsp
# The crash happened outside the Java Virtual Machine in native code.
# See problematic frame for where to report the bug.
#

---------------  T H R E A D  ---------------

Current thread (0x0000000001bfb000):  JavaThread "main" [_thread_in_native, id=17372, stack(0x0000000002530000,0x0000000002630000)]

siginfo: ExceptionCode=0xc0000005, writing address 0x0000000002480000

Registers:
RAX=0x000000000262e5c0, RBX=0x000000000c0fcf70, RCX=0x46b67876f3980000, RDX=0x0000000000966bb0
RSP=0x000000000262e980, RBP=0x000000000262ea80, RSI=0x0000000002480000, RDI=0x000000000c559e30
R8 =0x000000000000037f, R9 =0xfeeefeeefeeefeee, R10=0x0000000001bb0158, R11=0x000000000262e938
R12=0x000000000000000a, R13=0x000000000262ed70, R14=0x0000000000000000, R15=0x000000000c0fcf70
RIP=0x000007fee31dc96d, EFLAGS=0x0000000000010206

Top of Stack: (sp=0x000000000262e980)
0x000000000262e980:   000000000c0fcf70 ffffffffffffffff
0x000000000262e990:   000000000c0fcf70 0000000002480000
0x000000000262e9a0:   0000000000000003 0000000000000001
0x000000000262e9b0:   000000000262e9d0 0000000000000000
0x000000000262e9c0:   0000006400000002 3ff0000000000000
0x000000000262e9d0:   000007fee3270238 0000000000010000
0x000000000262e9e0:   000000000262ead0 0000000000000000
0x000000000262e9f0:   fffffffffffffffe 000007fee325c7f8
0x000000000262ea00:   0000000000010000 000000000262eb30
0x000000000262ea10:   0000000000000000 00000000000000a9
0x000000000262ea20:   0000000001bf7880 00001532b2b32b35
0x000000000262ea30:   00000000000000b8 000000006e14dc8d
0x000000000262ea40:   0000000001bfb5a0 000007fee3270238
0x000000000262ea50:   0000000000010000 000000000262eb90
0x000000000262ea60:   0000000000000000 000000006e189bf0
0x000000000262ea70:   0000000242ff4005 0000008000000000 

Instructions: (pc=0x000007fee31dc96d)
0x000007fee31dc94d:   00 89 44 24 20 4c 8d 4c 24 40 4c 8d 45 c8 41 8b
0x000007fee31dc95d:   d4 48 8d 4c 24 78 e8 b8 d6 ff ff 48 85 f6 74 04
0x000007fee31dc96d:   f2 0f 11 06 48 8b 4d 68 48 85 c9 74 36 83 ca ff
0x000007fee31dc97d:   e8 0e b2 04 00 83 f8 01 75 29 48 8b 8d 88 00 00 


Register to memory mapping:

RAX=0x000000000262e5c0 is pointing into the stack for thread: 0x0000000001bfb000
RBX=0x000000000c0fcf70 is an unknown value
RCX=0x46b67876f3980000 is an unknown value
RDX=0x0000000000966bb0 is an unknown value
RSP=0x000000000262e980 is pointing into the stack for thread: 0x0000000001bfb000
RBP=0x000000000262ea80 is pointing into the stack for thread: 0x0000000001bfb000
RSI=0x0000000002480000 is an unknown value
RDI=0x000000000c559e30 is an unknown value
R8 =0x000000000000037f is an unknown value
R9 =0xfeeefeeefeeefeee is an unknown value
R10=0x0000000001bb0158 is an unknown value
R11=0x000000000262e938 is pointing into the stack for thread: 0x0000000001bfb000
R12=0x000000000000000a is an unknown value
R13=0x000000000262ed70 is pointing into the stack for thread: 0x0000000001bfb000
R14=0x0000000000000000 is an unknown value
R15=0x000000000c0fcf70 is an unknown value


Stack: [0x0000000002530000,0x0000000002630000],  sp=0x000000000262e980,  free space=1018k
Native frames: (J=compiled Java code, j=interpreted, Vv=VM code, C=native code)
C  [opencv_core248.dll+0x13c96d]  cvKMeans2+0x9ad

Java frames: (J=compiled Java code, j=interpreted, Vv=VM code)
j  com.googlecode.javacv.cpp.opencv_core.cvKMeans2(Lcom/googlecode/javacv/cpp/opencv_core$CvArr;ILcom/googlecode/javacv/cpp/opencv_core$CvArr;Lcom/googlecode/javacv/cpp/opencv_core$CvTermCriteria;ILcom/googlecode/javacv/cpp/opencv_core$CvRNG;ILcom/googlecode/javacv/cpp/opencv_core$CvArr;[D)I+0
j  com.wendy.plsa.BuildKmeans.main([Ljava/lang/String;)V+130
v  ~StubRoutines::call_stub
j  sun.reflect.NativeMethodAccessorImpl.invoke0(Ljava/lang/reflect/Method;Ljava/lang/Object;[Ljava/lang/Object;)Ljava/lang/Object;+0
j  sun.reflect.NativeMethodAccessorImpl.invoke(Ljava/lang/Object;[Ljava/lang/Object;)Ljava/lang/Object;+87
j  sun.reflect.DelegatingMethodAccessorImpl.invoke(Ljava/lang/Object;[Ljava/lang/Object;)Ljava/lang/Object;+6
j  java.lang.reflect.Method.invoke(Ljava/lang/Object;[Ljava/lang/Object;)Ljava/lang/Object;+57
j  com.intellij.rt.execution.application.AppMain.main([Ljava/lang/String;)V+140
v  ~StubRoutines::call_stub

---------------  P R O C E S S  ---------------

Java Threads: ( => current thread )
  0x000000000c501000 JavaThread "Java2D Disposer" daemon [_thread_blocked, id=17240, stack(0x000000000cd40000,0x000000000ce40000)]
  0x000000000c3d6000 JavaThread "Monitor Ctrl-Break" daemon [_thread_in_native, id=11700, stack(0x000000000cc30000,0x000000000cd30000)]
  0x000000000a2c7000 JavaThread "Service Thread" daemon [_thread_blocked, id=12580, stack(0x000000000b3c0000,0x000000000b4c0000)]
  0x000000000a2c5000 JavaThread "C2 CompilerThread1" daemon [_thread_blocked, id=13556, stack(0x000000000bbe0000,0x000000000bce0000)]
  0x000000000a2c3800 JavaThread "C2 CompilerThread0" daemon [_thread_blocked, id=15560, stack(0x000000000ba70000,0x000000000bb70000)]
  0x000000000a2c2000 JavaThread "Attach Listener" daemon [_thread_blocked, id=13240, stack(0x000000000b8c0000,0x000000000b9c0000)]
  0x000000000a2bb000 JavaThread "Signal Dispatcher" daemon [_thread_blocked, id=10324, stack(0x000000000b6c0000,0x000000000b7c0000)]
  0x0000000001cbb000 JavaThread "Finalizer" daemon [_thread_blocked, id=13508, stack(0x000000000b530000,0x000000000b630000)]
  0x0000000001cb3800 JavaThread "Reference Handler" daemon [_thread_blocked, id=11468, stack(0x000000000b290000,0x000000000b390000)]
=>0x0000000001bfb000 JavaThread "main" [_thread_in_native, id=17372, stack(0x0000000002530000,0x0000000002630000)]

Other Threads:
  0x000000000a212000 VMThread [stack: 0x000000000b170000,0x000000000b270000] [id=18224]
  0x000000000a2c8000 WatcherThread [stack: 0x000000000be00000,0x000000000bf00000] [id=14168]

VM state:not at safepoint (normal execution)

VM Mutex/Monitor currently owned by a thread: None

Heap
 PSYoungGen      total 452416K, used 396571K [0x00000000e10b0000, 0x0000000100000000, 0x0000000100000000)
  eden space 396736K, 92% used [0x00000000e10b0000,0x00000000f78d88f8,0x00000000f9420000)
  from space 55680K, 49% used [0x00000000fc9a0000,0x00000000fe4be400,0x0000000100000000)
  to   space 54784K, 0% used [0x00000000f9420000,0x00000000f9420000,0x00000000fc9a0000)
 ParOldGen       total 85824K, used 42619K [0x00000000a3200000, 0x00000000a85d0000, 0x00000000e10b0000)
  object space 85824K, 49% used [0x00000000a3200000,0x00000000a5b9ec40,0x00000000a85d0000)
 PSPermGen       total 21248K, used 5932K [0x000000009e000000, 0x000000009f4c0000, 0x00000000a3200000)
  object space 21248K, 27% used [0x000000009e000000,0x000000009e5cb3d0,0x000000009f4c0000)

Card table byte_map: [0x0000000005630000,0x0000000005950000] byte_map_base: 0x0000000005140000

Polling page: 0x0000000001b60000

Code Cache  [0x0000000002630000, 0x00000000028a0000, 0x0000000005630000)
 total_blobs=419 nmethods=123 adapters=247 free_code_cache=48404Kb largest_free_block=49546560

Compilation events (10 events):
Event: 13.392 Thread 0x000000000a2c5000 nmethod 98 0x00000000026ea850 code [0x00000000026eaa20, 0x00000000026eb880]
Event: 13.393 Thread 0x000000000a2c3800 nmethod 102 0x00000000026ec790 code [0x00000000026ec900, 0x00000000026ecae8]
Event: 13.399 Thread 0x000000000a2c5000  103             java.lang.String::indexOf (7 bytes)
Event: 13.401 Thread 0x000000000a2c5000 nmethod 103 0x00000000026ea410 code [0x00000000026ea560, 0x00000000026ea6c8]
Event: 13.406 Thread 0x000000000a2c3800  104             java.net.URI$Parser::charAt (9 bytes)
Event: 13.407 Thread 0x000000000a2c3800 nmethod 104 0x00000000026ec450 code [0x00000000026ec5a0, 0x00000000026ec658]
Event: 13.409 Thread 0x000000000a2c5000  105             java.net.URI::match (56 bytes)
Event: 13.410 Thread 0x000000000a2c5000 nmethod 105 0x00000000026ec250 code [0x00000000026ec380, 0x00000000026ec3f8]
Event: 13.426 Thread 0x000000000a2c3800  107             com.googlecode.javacpp.IntPointer::put (9 bytes)
Event: 13.427 Thread 0x000000000a2c3800 nmethod 107 0x00000000026e9090 code [0x00000000026e91e0, 0x00000000026e9268]

GC Heap History (10 events):
Event: 3.502 GC heap before
{Heap before GC invocations=7 (full 1):
 PSYoungGen      total 199744K, used 21690K [0x00000000e10b0000, 0x00000000f0ed0000, 0x0000000100000000)
  eden space 178048K, 0% used [0x00000000e10b0000,0x00000000e10b0000,0x00000000ebe90000)
  from space 21696K, 99% used [0x00000000ee060000,0x00000000ef58ead8,0x00000000ef590000)
  to   space 34624K, 0% used [0x00000000ebe90000,0x00000000ebe90000,0x00000000ee060000)
 ParOldGen       total 63424K, used 50154K [0x00000000a3200000, 0x00000000a6ff0000, 0x00000000e10b0000)
  object space 63424K, 79% used [0x00000000a3200000,0x00000000a62fa838,0x00000000a6ff0000)
 PSPermGen       total 21248K, used 4666K [0x000000009e000000, 0x000000009f4c0000, 0x00000000a3200000)
  object space 21248K, 21% used [0x000000009e000000,0x000000009e48ead8,0x000000009f4c0000)
Event: 3.537 GC heap after
Heap after GC invocations=7 (full 1):
 PSYoungGen      total 199744K, used 0K [0x00000000e10b0000, 0x00000000f0ed0000, 0x0000000100000000)
  eden space 178048K, 0% used [0x00000000e10b0000,0x00000000e10b0000,0x00000000ebe90000)
  from space 21696K, 0% used [0x00000000ee060000,0x00000000ee060000,0x00000000ef590000)
  to   space 34624K, 0% used [0x00000000ebe90000,0x00000000ebe90000,0x00000000ee060000)
 ParOldGen       total 85824K, used 34157K [0x00000000a3200000, 0x00000000a85d0000, 0x00000000e10b0000)
  object space 85824K, 39% used [0x00000000a3200000,0x00000000a535b610,0x00000000a85d0000)
 PSPermGen       total 21248K, used 4664K [0x000000009e000000, 0x000000009f4c0000, 0x00000000a3200000)
  object space 21248K, 21% used [0x000000009e000000,0x000000009e48e2d0,0x000000009f4c0000)
}
Event: 4.962 GC heap before
{Heap before GC invocations=8 (full 1):
 PSYoungGen      total 199744K, used 178048K [0x00000000e10b0000, 0x00000000f0ed0000, 0x0000000100000000)
  eden space 178048K, 100% used [0x00000000e10b0000,0x00000000ebe90000,0x00000000ebe90000)
  from space 21696K, 0% used [0x00000000ee060000,0x00000000ee060000,0x00000000ef590000)
  to   space 34624K, 0% used [0x00000000ebe90000,0x00000000ebe90000,0x00000000ee060000)
 ParOldGen       total 85824K, used 34157K [0x00000000a3200000, 0x00000000a85d0000, 0x00000000e10b0000)
  object space 85824K, 39% used [0x00000000a3200000,0x00000000a535b610,0x00000000a85d0000)
 PSPermGen       total 21248K, used 4665K [0x000000009e000000, 0x000000009f4c0000, 0x00000000a3200000)
  object space 21248K, 21% used [0x000000009e000000,0x000000009e48e6a0,0x000000009f4c0000)
Event: 4.977 GC heap after
Heap after GC invocations=8 (full 1):
 PSYoungGen      total 212672K, used 27275K [0x00000000e10b0000, 0x00000000f82e0000, 0x0000000100000000)
  eden space 178048K, 0% used [0x00000000e10b0000,0x00000000e10b0000,0x00000000ebe90000)
  from space 34624K, 78% used [0x00000000ebe90000,0x00000000ed932ea0,0x00000000ee060000)
  to   space 38976K, 0% used [0x00000000f5cd0000,0x00000000f5cd0000,0x00000000f82e0000)
 ParOldGen       total 85824K, used 34157K [0x00000000a3200000, 0x00000000a85d0000, 0x00000000e10b0000)
  object space 85824K, 39% used [0x00000000a3200000,0x00000000a535b610,0x00000000a85d0000)
 PSPermGen       total 21248K, used 4665K [0x000000009e000000, 0x000000009f4c0000, 0x00000000a3200000)
  object space 21248K, 21% used [0x000000009e000000,0x000000009e48e6a0,0x000000009f4c0000)
}
Event: 6.166 GC heap before
{Heap before GC invocations=9 (full 1):
 PSYoungGen      total 212672K, used 205323K [0x00000000e10b0000, 0x00000000f82e0000, 0x0000000100000000)
  eden space 178048K, 100% used [0x00000000e10b0000,0x00000000ebe90000,0x00000000ebe90000)
  from space 34624K, 78% used [0x00000000ebe90000,0x00000000ed932ea0,0x00000000ee060000)
  to   space 38976K, 0% used [0x00000000f5cd0000,0x00000000f5cd0000,0x00000000f82e0000)
 ParOldGen       total 85824K, used 34157K [0x00000000a3200000, 0x00000000a85d0000, 0x00000000e10b0000)
  object space 85824K, 39% used [0x00000000a3200000,0x00000000a535b610,0x00000000a85d0000)
 PSPermGen       total 21248K, used 4665K [0x000000009e000000, 0x000000009f4c0000, 0x00000000a3200000)
  object space 21248K, 21% used [0x000000009e000000,0x000000009e48e6a0,0x000000009f4c0000)
Event: 6.183 GC heap after
Heap after GC invocations=9 (full 1):
 PSYoungGen      total 331392K, used 38974K [0x00000000e10b0000, 0x00000000f9020000, 0x0000000100000000)
  eden space 292416K, 0% used [0x00000000e10b0000,0x00000000e10b0000,0x00000000f2e40000)
  from space 38976K, 99% used [0x00000000f5cd0000,0x00000000f82df918,0x00000000f82e0000)
  to   space 47680K, 0% used [0x00000000f2e40000,0x00000000f2e40000,0x00000000f5cd0000)
 ParOldGen       total 85824K, used 36267K [0x00000000a3200000, 0x00000000a85d0000, 0x00000000e10b0000)
  object space 85824K, 42% used [0x00000000a3200000,0x00000000a556ae30,0x00000000a85d0000)
 PSPermGen       total 21248K, used 4665K [0x000000009e000000, 0x000000009f4c0000, 0x00000000a3200000)
  object space 21248K, 21% used [0x000000009e000000,0x000000009e48e6a0,0x000000009f4c0000)
}
Event: 8.272 GC heap before
{Heap before GC invocations=10 (full 1):
 PSYoungGen      total 331392K, used 331390K [0x00000000e10b0000, 0x00000000f9020000, 0x0000000100000000)
  eden space 292416K, 100% used [0x00000000e10b0000,0x00000000f2e40000,0x00000000f2e40000)
  from space 38976K, 99% used [0x00000000f5cd0000,0x00000000f82df918,0x00000000f82e0000)
  to   space 47680K, 0% used [0x00000000f2e40000,0x00000000f2e40000,0x00000000f5cd0000)
 ParOldGen       total 85824K, used 36267K [0x00000000a3200000, 0x00000000a85d0000, 0x00000000e10b0000)
  object space 85824K, 42% used [0x00000000a3200000,0x00000000a556ae30,0x00000000a85d0000)
 PSPermGen       total 21248K, used 4666K [0x000000009e000000, 0x000000009f4c0000, 0x00000000a3200000)
  object space 21248K, 21% used [0x000000009e000000,0x000000009e48e9d0,0x000000009f4c0000)
Event: 8.293 GC heap after
Heap after GC invocations=10 (full 1):
 PSYoungGen      total 340096K, used 45607K [0x00000000e10b0000, 0x0000000100000000, 0x0000000100000000)
  eden space 292416K, 0% used [0x00000000e10b0000,0x00000000e10b0000,0x00000000f2e40000)
  from space 47680K, 95% used [0x00000000f2e40000,0x00000000f5ac9fe0,0x00000000f5cd0000)
  to   space 55680K, 0% used [0x00000000fc9a0000,0x00000000fc9a0000,0x0000000100000000)
 ParOldGen       total 85824K, used 36267K [0x00000000a3200000, 0x00000000a85d0000, 0x00000000e10b0000)
  object space 85824K, 42% used [0x00000000a3200000,0x00000000a556ae30,0x00000000a85d0000)
 PSPermGen       total 21248K, used 4666K [0x000000009e000000, 0x000000009f4c0000, 0x00000000a3200000)
  object space 21248K, 21% used [0x000000009e000000,0x000000009e48e9d0,0x000000009f4c0000)
}
Event: 10.330 GC heap before
{Heap before GC invocations=11 (full 1):
 PSYoungGen      total 340096K, used 338023K [0x00000000e10b0000, 0x0000000100000000, 0x0000000100000000)
  eden space 292416K, 100% used [0x00000000e10b0000,0x00000000f2e40000,0x00000000f2e40000)
  from space 47680K, 95% used [0x00000000f2e40000,0x00000000f5ac9fe0,0x00000000f5cd0000)
  to   space 55680K, 0% used [0x00000000fc9a0000,0x00000000fc9a0000,0x0000000100000000)
 ParOldGen       total 85824K, used 36267K [0x00000000a3200000, 0x00000000a85d0000, 0x00000000e10b0000)
  object space 85824K, 42% used [0x00000000a3200000,0x00000000a556ae30,0x00000000a85d0000)
 PSPermGen       total 21248K, used 4666K [0x000000009e000000, 0x000000009f4c0000, 0x00000000a3200000)
  object space 21248K, 21% used [0x000000009e000000,0x000000009e48e9d0,0x000000009f4c0000)
Event: 10.347 GC heap after
Heap after GC invocations=11 (full 1):
 PSYoungGen      total 452416K, used 27769K [0x00000000e10b0000, 0x0000000100000000, 0x0000000100000000)
  eden space 396736K, 0% used [0x00000000e10b0000,0x00000000e10b0000,0x00000000f9420000)
  from space 55680K, 49% used [0x00000000fc9a0000,0x00000000fe4be400,0x0000000100000000)
  to   space 54784K, 0% used [0x00000000f9420000,0x00000000f9420000,0x00000000fc9a0000)
 ParOldGen       total 85824K, used 42619K [0x00000000a3200000, 0x00000000a85d0000, 0x00000000e10b0000)
  object space 85824K, 49% used [0x00000000a3200000,0x00000000a5b9ec40,0x00000000a85d0000)
 PSPermGen       total 21248K, used 4666K [0x000000009e000000, 0x000000009f4c0000, 0x00000000a3200000)
  object space 21248K, 21% used [0x000000009e000000,0x000000009e48e9d0,0x000000009f4c0000)
}

Deoptimization events (4 events):
Event: 0.670 Thread 0x0000000001bfb000 Uncommon trap -83 fr.pc 0x00000000026b5c18
Event: 0.672 Thread 0x0000000001bfb000 Uncommon trap -83 fr.pc 0x00000000026a9de0
Event: 1.125 Thread 0x0000000001bfb000 Uncommon trap 27 fr.pc 0x00000000026be020
Event: 13.145 Thread 0x0000000001bfb000 Uncommon trap -34 fr.pc 0x00000000026e2e18

Internal exceptions (10 events):
Event: 13.372 Thread 0x0000000001bfb000 Threw 0x00000000f74bdc68 at C:\jdk7u2_64p\jdk7u21\hotspot\src\share\vm\prims\jvm.cpp:1166
Event: 13.373 Thread 0x0000000001bfb000 Threw 0x00000000f74c29d0 at C:\jdk7u2_64p\jdk7u21\hotspot\src\share\vm\prims\jvm.cpp:1166
Event: 13.373 Thread 0x0000000001bfb000 Threw 0x00000000f74c7588 at C:\jdk7u2_64p\jdk7u21\hotspot\src\share\vm\prims\jvm.cpp:1166
Event: 13.374 Thread 0x0000000001bfb000 Threw 0x00000000f74cce90 at C:\jdk7u2_64p\jdk7u21\hotspot\src\share\vm\prims\jvm.cpp:1166
Event: 13.374 Thread 0x0000000001bfb000 Threw 0x00000000f74d2108 at C:\jdk7u2_64p\jdk7u21\hotspot\src\share\vm\prims\jvm.cpp:1166
Event: 13.411 Thread 0x0000000001bfb000 Threw 0x00000000f753f9c8 at C:\jdk7u2_64p\jdk7u21\hotspot\src\share\vm\prims\jvm.cpp:1166
Event: 13.411 Thread 0x0000000001bfb000 Threw 0x00000000f7543da8 at C:\jdk7u2_64p\jdk7u21\hotspot\src\share\vm\prims\jvm.cpp:1166
Event: 13.414 Thread 0x0000000001bfb000 Threw 0x00000000f754d548 at C:\jdk7u2_64p\jdk7u21\hotspot\src\share\vm\prims\jvm.cpp:1166
Event: 13.415 Thread 0x0000000001bfb000 Threw 0x00000000f7552318 at C:\jdk7u2_64p\jdk7u21\hotspot\src\share\vm\prims\jvm.cpp:1166
Event: 13.416 Thread 0x0000000001bfb000 Threw 0x00000000f7557798 at C:\jdk7u2_64p\jdk7u21\hotspot\src\share\vm\prims\jvm.cpp:1166

Events (10 events):
Event: 13.411 loading class 0x000000000c3bfb40
Event: 13.411 loading class 0x000000000c3bfb40 done
Event: 13.414 loading class 0x000000000c3c0090
Event: 13.414 loading class 0x000000000c3c0090 done
Event: 13.415 loading class 0x000000000c3c0040
Event: 13.415 loading class 0x000000000c3c0040 done
Event: 13.416 loading class 0x000000000c288a70
Event: 13.416 loading class 0x000000000c288a70 done
Event: 13.418 loading class 0x000000000a2838f0
Event: 13.418 loading class 0x000000000a2838f0 done


Dynamic libraries:
0x000000013fba0000 - 0x000000013fbd3000 	C:\Program Files\Java\jdk1.7.0_21\bin\java.exe
0x0000000076e20000 - 0x0000000076fc9000 	C:\Windows\SYSTEM32\ntdll.dll
0x0000000076ac0000 - 0x0000000076bdf000 	C:\Windows\system32\kernel32.dll
0x000007fefcb40000 - 0x000007fefcbab000 	C:\Windows\system32\KERNELBASE.dll
0x000007fefd130000 - 0x000007fefd20b000 	C:\Windows\system32\ADVAPI32.dll
0x000007fefed40000 - 0x000007fefeddf000 	C:\Windows\system32\msvcrt.dll
0x000007feff110000 - 0x000007feff12f000 	C:\Windows\SYSTEM32\sechost.dll
0x000007fefd980000 - 0x000007fefdaad000 	C:\Windows\system32\RPCRT4.dll
0x0000000076d20000 - 0x0000000076e1a000 	C:\Windows\system32\USER32.dll
0x000007fefec30000 - 0x000007fefec97000 	C:\Windows\system32\GDI32.dll
0x000007fefeb50000 - 0x000007fefeb5e000 	C:\Windows\system32\LPK.dll
0x000007fefeb60000 - 0x000007fefec29000 	C:\Windows\system32\USP10.dll
0x000007fefb430000 - 0x000007fefb624000 	C:\Windows\WinSxS\amd64_microsoft.windows.common-controls_6595b64144ccf1df_6.0.7601.17514_none_fa396087175ac9ac\COMCTL32.dll
0x000007fefdbe0000 - 0x000007fefdc51000 	C:\Windows\system32\SHLWAPI.dll
0x000007fefdab0000 - 0x000007fefdade000 	C:\Windows\system32\IMM32.DLL
0x000007fefd2f0000 - 0x000007fefd3f9000 	C:\Windows\system32\MSCTF.dll
0x000000006dd50000 - 0x000000006de21000 	C:\Program Files\Java\jdk1.7.0_21\jre\bin\msvcr100.dll
0x000000006df20000 - 0x000000006e641000 	C:\Program Files\Java\jdk1.7.0_21\jre\bin\server\jvm.dll
0x000007fef90f0000 - 0x000007fef90f9000 	C:\Windows\system32\WSOCK32.dll
0x000007fefd210000 - 0x000007fefd25d000 	C:\Windows\system32\WS2_32.dll
0x000007fefd260000 - 0x000007fefd268000 	C:\Windows\system32\NSI.dll
0x000007fefcaa0000 - 0x000007fefcadb000 	C:\Windows\system32\WINMM.dll
0x0000000076fe0000 - 0x0000000076fe7000 	C:\Windows\system32\PSAPI.DLL
0x000000006dd40000 - 0x000000006dd4f000 	C:\Program Files\Java\jdk1.7.0_21\jre\bin\verify.dll
0x000000006dd10000 - 0x000000006dd38000 	C:\Program Files\Java\jdk1.7.0_21\jre\bin\java.dll
0x000000006dcf0000 - 0x000000006dd05000 	C:\Program Files\Java\jdk1.7.0_21\jre\bin\zip.dll
0x000007fef9830000 - 0x000007fef9840000 	D:\Program Files (x86)\JetBrains\IntelliJ IDEA 13.0\bin\breakgen64.dll
0x000000006dcd0000 - 0x000000006dce9000 	C:\Program Files\Java\jdk1.7.0_21\jre\bin\net.dll
0x000007fefc200000 - 0x000007fefc255000 	C:\Windows\system32\mswsock.dll
0x000007fefc1f0000 - 0x000007fefc1f7000 	C:\Windows\System32\wship6.dll
0x000000006db30000 - 0x000000006dcc3000 	C:\Program Files\Java\jdk1.7.0_21\jre\bin\awt.dll
0x000007feff030000 - 0x000007feff107000 	C:\Windows\system32\OLEAUT32.dll
0x000007fefd6d0000 - 0x000007fefd8d3000 	C:\Windows\system32\ole32.dll
0x000000006db00000 - 0x000000006db30000 	C:\Program Files\Java\jdk1.7.0_21\jre\bin\jpeg.dll
0x000000005c1f0000 - 0x000000005c288000 	C:\Windows\System32\msvcp100.dll
0x000007fee30a0000 - 0x000007fee3312000 	D:\workspace\dandan\opencv\build\x64\vc10\bin\opencv_core248.dll
0x000007fee6ea0000 - 0x000007fee6f3a000 	C:\Users\pairwinter\AppData\Local\Temp\javacpp105962011965317\jniopencv_core.dll
0x000007fef5d10000 - 0x000007fef5e35000 	C:\Windows\system32\dbghelp.dll

VM Arguments:
jvm_args: -Didea.launcher.port=7536 -Didea.launcher.bin.path=D:\Program Files (x86)\JetBrains\IntelliJ IDEA 13.0\bin -Dfile.encoding=UTF-8 
java_command: com.intellij.rt.execution.application.AppMain com.wendy.plsa.BuildKmeans
Launcher Type: SUN_STANDARD

Environment Variables:
JAVA_HOME=C:\Program Files\Java\jdk1.6.0_30
PATH=C:\Program Files (x86)\AMD APP\bin\x86_64;C:\Program Files (x86)\AMD APP\bin\x86;C:\Users\pairwinter\Documents\AMD APP\bin\x86_64;C:\Users\pairwinter\Documents\AMD APP\bin\x86;C:\Program Files\Common Files\Microsoft Shared\Windows Live;C:\Program Files (x86)\Common Files\Microsoft Shared\Windows Live;C:\Windows\system32;C:\Windows;C:\Windows\System32\Wbem;C:\Windows\System32\WindowsPowerShell\v1.0\;C:\Program Files\Intel\WiFi\bin\;C:\Program Files\Common Files\Intel\WirelessCommon\;C:\Program Files (x86)\ATI Technologies\ATI.ACE\Core-Static;C:\Program Files\Java\jdk1.6.0_30\bin;D:\tools\javatools\apache-maven\apache-maven-3.0.4\bin;D:\tools\database\mongodb\bin;C:\Program Files (x86)\Windows Live\Shared;D:\tools\javatools\spring-roo-1.2.3.RELEASE\bin;D:\tools\android\android-sdk\platform-tools;C:\Program Files\nodejs\;D:\Program Files\TortoiseSVN\bin;C:\Program Files\Java\jdk1.6.0_30\bin;C:\Users\pairwinter\AppData\Roaming\npm;C:\Program Files (x86)\Git\bin;D:\workspace\dandan\opencv\build\x64\vc10\bin
USERNAME=pairwinter
OS=Windows_NT
PROCESSOR_IDENTIFIER=Intel64 Family 6 Model 37 Stepping 2, GenuineIntel



---------------  S Y S T E M  ---------------

OS: Windows 7 , 64 bit Build 7601 Service Pack 1

CPU:total 4 (2 cores per cpu, 2 threads per core) family 6 model 37 stepping 2, cmov, cx8, fxsr, mmx, sse, sse2, sse3, ssse3, sse4.1, sse4.2, popcnt, ht, tsc, tscinvbit

Memory: 4k page, physical 6083048k(918896k free), swap 12164232k(5458876k free)

vm_info: Java HotSpot(TM) 64-Bit Server VM (23.21-b01) for windows-amd64 JRE (1.7.0_21-b11), built on Apr  4 2013 08:11:28 by "java_re" with unknown MS VC++:1600

time: Sun Mar 23 18:47:06 2014
elapsed time: 14 seconds

