#
# A fatal error has been detected by the Java Runtime Environment:
#
#  EXCEPTION_ACCESS_VIOLATION (0xc0000005) at pc=0x000007fee31dc96d, pid=10888, tid=11148
#
# JRE version: 7.0_21-b11
# Java VM: Java HotSpot(TM) 64-Bit Server VM (23.21-b01 mixed mode windows-amd64 compressed oops)
# Problematic frame:
# C  [opencv_core248.dll+0x13c96d]  cvKMeans2+0x9ad
#
# Failed to write core dump. Minidumps are not enabled by default on client versions of Windows
#
# If you would like to submit a bug report, please visit:
#   http://bugreport.sun.com/bugreport/crash.jsp
# The crash happened outside the Java Virtual Machine in native code.
# See problematic frame for where to report the bug.
#

---------------  T H R E A D  ---------------

Current thread (0x000000000230b000):  JavaThread "main" [_thread_in_native, id=11148, stack(0x0000000002670000,0x0000000002770000)]

siginfo: ExceptionCode=0xc0000005, writing address 0x00000000002f0000

Registers:
RAX=0x000000000276e140, RBX=0x000000000bfcaac0, RCX=0x5b7f57d63b2f0000, RDX=0x00000000009826e0
RSP=0x000000000276e500, RBP=0x000000000276e600, RSI=0x00000000002f0000, RDI=0x000000000bfcabb0
R8 =0x000000000000037f, R9 =0xfeeefeeefeeefeee, R10=0x0000000002490158, R11=0x000000000276e4b8
R12=0x000000000000000a, R13=0x000000000276e8f0, R14=0x0000000000000000, R15=0x000000000bfcaac0
RIP=0x000007fee31dc96d, EFLAGS=0x0000000000010206

Top of Stack: (sp=0x000000000276e500)
0x000000000276e500:   000000000bfcaac0 ffffffffffffffff
0x000000000276e510:   000000000bfcaac0 00000000002f0000
0x000000000276e520:   0000000000000003 0000000000000001
0x000000000276e530:   000000000276e550 0000000000000000
0x000000000276e540:   0000006400000002 3ff0000000000000
0x000000000276e550:   000007fee3270238 0000000000010000
0x000000000276e560:   000000000276e650 0000000000000000
0x000000000276e570:   fffffffffffffffe 000007fee325c7f8
0x000000000276e580:   0000000000010000 000000000276e6b0
0x000000000276e590:   0000000000000000 00000000000000a9
0x000000000276e5a0:   0000000002307850 00001532b2b32b35
0x000000000276e5b0:   00000000000000b8 000000006e81dc8d
0x000000000276e5c0:   000000000230bb80 000007fee3270238
0x000000000276e5d0:   0000000000010000 000000000276e710
0x000000000276e5e0:   0000000000000000 000000006e859bf0
0x000000000276e5f0:   0000000242ff4005 0000008000000000 

Instructions: (pc=0x000007fee31dc96d)
0x000007fee31dc94d:   00 89 44 24 20 4c 8d 4c 24 40 4c 8d 45 c8 41 8b
0x000007fee31dc95d:   d4 48 8d 4c 24 78 e8 b8 d6 ff ff 48 85 f6 74 04
0x000007fee31dc96d:   f2 0f 11 06 48 8b 4d 68 48 85 c9 74 36 83 ca ff
0x000007fee31dc97d:   e8 0e b2 04 00 83 f8 01 75 29 48 8b 8d 88 00 00 


Register to memory mapping:

RAX=0x000000000276e140 is pointing into the stack for thread: 0x000000000230b000
RBX=0x000000000bfcaac0 is an unknown value
RCX=0x5b7f57d63b2f0000 is an unknown value
RDX=0x00000000009826e0 is an unknown value
RSP=0x000000000276e500 is pointing into the stack for thread: 0x000000000230b000
RBP=0x000000000276e600 is pointing into the stack for thread: 0x000000000230b000
RSI=0x00000000002f0000 is an unknown value
RDI=0x000000000bfcabb0 is an unknown value
R8 =0x000000000000037f is an unknown value
R9 =0xfeeefeeefeeefeee is an unknown value
R10=0x0000000002490158 is an unknown value
R11=0x000000000276e4b8 is pointing into the stack for thread: 0x000000000230b000
R12=0x000000000000000a is an unknown value
R13=0x000000000276e8f0 is pointing into the stack for thread: 0x000000000230b000
R14=0x0000000000000000 is an unknown value
R15=0x000000000bfcaac0 is an unknown value


Stack: [0x0000000002670000,0x0000000002770000],  sp=0x000000000276e500,  free space=1017k
Native frames: (J=compiled Java code, j=interpreted, Vv=VM code, C=native code)
C  [opencv_core248.dll+0x13c96d]  cvKMeans2+0x9ad

Java frames: (J=compiled Java code, j=interpreted, Vv=VM code)
j  com.googlecode.javacv.cpp.opencv_core.cvKMeans2(Lcom/googlecode/javacv/cpp/opencv_core$CvArr;ILcom/googlecode/javacv/cpp/opencv_core$CvArr;Lcom/googlecode/javacv/cpp/opencv_core$CvTermCriteria;ILcom/googlecode/javacv/cpp/opencv_core$CvRNG;ILcom/googlecode/javacv/cpp/opencv_core$CvArr;[D)I+0
J  com.wendy.plsa.BuildKmeans.main([Ljava/lang/String;)V
v  ~StubRoutines::call_stub
j  sun.reflect.NativeMethodAccessorImpl.invoke0(Ljava/lang/reflect/Method;Ljava/lang/Object;[Ljava/lang/Object;)Ljava/lang/Object;+0
j  sun.reflect.NativeMethodAccessorImpl.invoke(Ljava/lang/Object;[Ljava/lang/Object;)Ljava/lang/Object;+87
j  sun.reflect.DelegatingMethodAccessorImpl.invoke(Ljava/lang/Object;[Ljava/lang/Object;)Ljava/lang/Object;+6
j  java.lang.reflect.Method.invoke(Ljava/lang/Object;[Ljava/lang/Object;)Ljava/lang/Object;+57
j  com.intellij.rt.execution.application.AppMain.main([Ljava/lang/String;)V+140
v  ~StubRoutines::call_stub

---------------  P R O C E S S  ---------------

Java Threads: ( => current thread )
  0x000000000c5c5000 JavaThread "Java2D Disposer" daemon [_thread_blocked, id=9404, stack(0x000000000cd80000,0x000000000ce80000)]
  0x000000000c562800 JavaThread "Monitor Ctrl-Break" daemon [_thread_in_native, id=10476, stack(0x000000000cc20000,0x000000000cd20000)]
  0x000000000a44d800 JavaThread "Service Thread" daemon [_thread_blocked, id=6324, stack(0x000000000beb0000,0x000000000bfb0000)]
  0x000000000a44c800 JavaThread "C2 CompilerThread1" daemon [_thread_blocked, id=10920, stack(0x000000000bcc0000,0x000000000bdc0000)]
  0x000000000a443800 JavaThread "C2 CompilerThread0" daemon [_thread_blocked, id=8644, stack(0x000000000bac0000,0x000000000bbc0000)]
  0x000000000a442800 JavaThread "Attach Listener" daemon [_thread_blocked, id=8496, stack(0x000000000b260000,0x000000000b360000)]
  0x000000000a43b000 JavaThread "Signal Dispatcher" daemon [_thread_blocked, id=11072, stack(0x000000000b900000,0x000000000ba00000)]
  0x00000000023cb800 JavaThread "Finalizer" daemon [_thread_blocked, id=9784, stack(0x000000000b760000,0x000000000b860000)]
  0x000000000a393800 JavaThread "Reference Handler" daemon [_thread_blocked, id=11160, stack(0x000000000b5e0000,0x000000000b6e0000)]
=>0x000000000230b000 JavaThread "main" [_thread_in_native, id=11148, stack(0x0000000002670000,0x0000000002770000)]

Other Threads:
  0x000000000a392000 VMThread [stack: 0x000000000b3a0000,0x000000000b4a0000] [id=11032]
  0x000000000a47f000 WatcherThread [stack: 0x000000000bbc0000,0x000000000bcc0000] [id=11176]

VM state:not at safepoint (normal execution)

VM Mutex/Monitor currently owned by a thread: None

Heap
 PSYoungGen      total 382976K, used 172550K [0x00000000e10b0000, 0x0000000100000000, 0x0000000100000000)
  eden space 332032K, 41% used [0x00000000e10b0000,0x00000000e975cac0,0x00000000f54f0000)
  from space 50944K, 68% used [0x00000000f54f0000,0x00000000f76c5000,0x00000000f86b0000)
  to   space 53056K, 0% used [0x00000000fcc30000,0x00000000fcc30000,0x0000000100000000)
 ParOldGen       total 93184K, used 49532K [0x00000000a3200000, 0x00000000a8d00000, 0x00000000e10b0000)
  object space 93184K, 53% used [0x00000000a3200000,0x00000000a625f008,0x00000000a8d00000)
 PSPermGen       total 21248K, used 5934K [0x000000009e000000, 0x000000009f4c0000, 0x00000000a3200000)
  object space 21248K, 27% used [0x000000009e000000,0x000000009e5cbb50,0x000000009f4c0000)

Card table byte_map: [0x0000000005770000,0x0000000005a90000] byte_map_base: 0x0000000005280000

Polling page: 0x0000000000140000

Code Cache  [0x0000000002770000, 0x00000000029e0000, 0x0000000005770000)
 total_blobs=418 nmethods=122 adapters=247 free_code_cache=48389Kb largest_free_block=49539008

Compilation events (10 events):
Event: 12.889 Thread 0x000000000a443800  102             java.net.URI$Parser::charAt (9 bytes)
Event: 12.890 Thread 0x000000000a443800 nmethod 102 0x000000000282d850 code [0x000000000282d9a0, 0x000000000282da58]
Event: 12.892 Thread 0x000000000a44c800  103             java.net.URI::match (56 bytes)
Event: 12.893 Thread 0x000000000a44c800 nmethod 103 0x0000000002829bd0 code [0x0000000002829d00, 0x0000000002829d78]
Event: 12.934 Thread 0x000000000a443800  104             java.util.ArrayList::size (5 bytes)
Event: 12.934 Thread 0x000000000a443800 nmethod 104 0x0000000002829790 code [0x00000000028298c0, 0x0000000002829918]
Event: 12.985 Thread 0x000000000a44c800  106             com.googlecode.javacpp.IntPointer::put (7 bytes)
Event: 12.986 Thread 0x000000000a44c800 nmethod 106 0x00000000028315d0 code [0x0000000002831720, 0x00000000028317a8]
Event: 12.989 Thread 0x000000000a443800   15 %           com.wendy.plsa.BuildKmeans::main @ 93 (165 bytes)
Event: 13.004 Thread 0x000000000a443800 nmethod 15% 0x000000000282eed0 code [0x000000000282f0a0, 0x000000000282f740]

GC Heap History (10 events):
Event: 5.291 GC heap before
{Heap before GC invocations=10 (full 1):
 PSYoungGen      total 202112K, used 180032K [0x00000000e10b0000, 0x00000000f0bb0000, 0x0000000100000000)
  eden space 180032K, 100% used [0x00000000e10b0000,0x00000000ec080000,0x00000000ec080000)
  from space 22080K, 0% used [0x00000000ee0c0000,0x00000000ee0c0000,0x00000000ef650000)
  to   space 33024K, 0% used [0x00000000ec080000,0x00000000ec080000,0x00000000ee0c0000)
 ParOldGen       total 93184K, used 39270K [0x00000000a3200000, 0x00000000a8d00000, 0x00000000e10b0000)
  object space 93184K, 42% used [0x00000000a3200000,0x00000000a58599d8,0x00000000a8d00000)
 PSPermGen       total 21248K, used 4667K [0x000000009e000000, 0x000000009f4c0000, 0x00000000a3200000)
  object space 21248K, 21% used [0x000000009e000000,0x000000009e48ee50,0x000000009f4c0000)
Event: 5.317 GC heap after
Heap after GC invocations=10 (full 1):
 PSYoungGen      total 213056K, used 32038K [0x00000000e10b0000, 0x00000000f4ca0000, 0x0000000100000000)
  eden space 180032K, 0% used [0x00000000e10b0000,0x00000000e10b0000,0x00000000ec080000)
  from space 33024K, 97% used [0x00000000ec080000,0x00000000edfc9898,0x00000000ee0c0000)
  to   space 38400K, 0% used [0x00000000f2720000,0x00000000f2720000,0x00000000f4ca0000)
 ParOldGen       total 93184K, used 45630K [0x00000000a3200000, 0x00000000a8d00000, 0x00000000e10b0000)
  object space 93184K, 48% used [0x00000000a3200000,0x00000000a5e8fa58,0x00000000a8d00000)
 PSPermGen       total 21248K, used 4667K [0x000000009e000000, 0x000000009f4c0000, 0x00000000a3200000)
  object space 21248K, 21% used [0x000000009e000000,0x000000009e48ee50,0x000000009f4c0000)
}
Event: 6.274 GC heap before
{Heap before GC invocations=11 (full 1):
 PSYoungGen      total 213056K, used 212070K [0x00000000e10b0000, 0x00000000f4ca0000, 0x0000000100000000)
  eden space 180032K, 100% used [0x00000000e10b0000,0x00000000ec080000,0x00000000ec080000)
  from space 33024K, 97% used [0x00000000ec080000,0x00000000edfc9898,0x00000000ee0c0000)
  to   space 38400K, 0% used [0x00000000f2720000,0x00000000f2720000,0x00000000f4ca0000)
 ParOldGen       total 93184K, used 45630K [0x00000000a3200000, 0x00000000a8d00000, 0x00000000e10b0000)
  object space 93184K, 48% used [0x00000000a3200000,0x00000000a5e8fa58,0x00000000a8d00000)
 PSPermGen       total 21248K, used 4667K [0x000000009e000000, 0x000000009f4c0000, 0x00000000a3200000)
  object space 21248K, 21% used [0x000000009e000000,0x000000009e48ee50,0x000000009f4c0000)
Event: 6.296 GC heap after
Heap after GC invocations=11 (full 1):
 PSYoungGen      total 283264K, used 26613K [0x00000000e10b0000, 0x00000000f5140000, 0x0000000100000000)
  eden space 244864K, 0% used [0x00000000e10b0000,0x00000000e10b0000,0x00000000effd0000)
  from space 38400K, 69% used [0x00000000f2720000,0x00000000f411d700,0x00000000f4ca0000)
  to   space 40256K, 0% used [0x00000000effd0000,0x00000000effd0000,0x00000000f2720000)
 ParOldGen       total 93184K, used 45630K [0x00000000a3200000, 0x00000000a8d00000, 0x00000000e10b0000)
  object space 93184K, 48% used [0x00000000a3200000,0x00000000a5e8fa58,0x00000000a8d00000)
 PSPermGen       total 21248K, used 4667K [0x000000009e000000, 0x000000009f4c0000, 0x00000000a3200000)
  object space 21248K, 21% used [0x000000009e000000,0x000000009e48ee50,0x000000009f4c0000)
}
Event: 7.932 GC heap before
{Heap before GC invocations=12 (full 1):
 PSYoungGen      total 283264K, used 271477K [0x00000000e10b0000, 0x00000000f5140000, 0x0000000100000000)
  eden space 244864K, 100% used [0x00000000e10b0000,0x00000000effd0000,0x00000000effd0000)
  from space 38400K, 69% used [0x00000000f2720000,0x00000000f411d700,0x00000000f4ca0000)
  to   space 40256K, 0% used [0x00000000effd0000,0x00000000effd0000,0x00000000f2720000)
 ParOldGen       total 93184K, used 45630K [0x00000000a3200000, 0x00000000a8d00000, 0x00000000e10b0000)
  object space 93184K, 48% used [0x00000000a3200000,0x00000000a5e8fa58,0x00000000a8d00000)
 PSPermGen       total 21248K, used 4668K [0x000000009e000000, 0x000000009f4c0000, 0x00000000a3200000)
  object space 21248K, 21% used [0x000000009e000000,0x000000009e48f180,0x000000009f4c0000)
Event: 7.966 GC heap after
Heap after GC invocations=12 (full 1):
 PSYoungGen      total 285120K, used 39326K [0x00000000e10b0000, 0x00000000fb3e0000, 0x0000000100000000)
  eden space 244864K, 0% used [0x00000000e10b0000,0x00000000e10b0000,0x00000000effd0000)
  from space 40256K, 97% used [0x00000000effd0000,0x00000000f2637918,0x00000000f2720000)
  to   space 46272K, 0% used [0x00000000f86b0000,0x00000000f86b0000,0x00000000fb3e0000)
 ParOldGen       total 93184K, used 46876K [0x00000000a3200000, 0x00000000a8d00000, 0x00000000e10b0000)
  object space 93184K, 50% used [0x00000000a3200000,0x00000000a5fc7008,0x00000000a8d00000)
 PSPermGen       total 21248K, used 4668K [0x000000009e000000, 0x000000009f4c0000, 0x00000000a3200000)
  object space 21248K, 21% used [0x000000009e000000,0x000000009e48f180,0x000000009f4c0000)
}
Event: 9.592 GC heap before
{Heap before GC invocations=13 (full 1):
 PSYoungGen      total 285120K, used 284190K [0x00000000e10b0000, 0x00000000fb3e0000, 0x0000000100000000)
  eden space 244864K, 100% used [0x00000000e10b0000,0x00000000effd0000,0x00000000effd0000)
  from space 40256K, 97% used [0x00000000effd0000,0x00000000f2637918,0x00000000f2720000)
  to   space 46272K, 0% used [0x00000000f86b0000,0x00000000f86b0000,0x00000000fb3e0000)
 ParOldGen       total 93184K, used 46876K [0x00000000a3200000, 0x00000000a8d00000, 0x00000000e10b0000)
  object space 93184K, 50% used [0x00000000a3200000,0x00000000a5fc7008,0x00000000a8d00000)
 PSPermGen       total 21248K, used 4668K [0x000000009e000000, 0x000000009f4c0000, 0x00000000a3200000)
  object space 21248K, 21% used [0x000000009e000000,0x000000009e48f180,0x000000009f4c0000)
Event: 9.622 GC heap after
Heap after GC invocations=13 (full 1):
 PSYoungGen      total 378304K, used 38849K [0x00000000e10b0000, 0x00000000fbc20000, 0x0000000100000000)
  eden space 332032K, 0% used [0x00000000e10b0000,0x00000000e10b0000,0x00000000f54f0000)
  from space 46272K, 83% used [0x00000000f86b0000,0x00000000faca0698,0x00000000fb3e0000)
  to   space 50944K, 0% used [0x00000000f54f0000,0x00000000f54f0000,0x00000000f86b0000)
 ParOldGen       total 93184K, used 48420K [0x00000000a3200000, 0x00000000a8d00000, 0x00000000e10b0000)
  object space 93184K, 51% used [0x00000000a3200000,0x00000000a6149008,0x00000000a8d00000)
 PSPermGen       total 21248K, used 4668K [0x000000009e000000, 0x000000009f4c0000, 0x00000000a3200000)
  object space 21248K, 21% used [0x000000009e000000,0x000000009e48f180,0x000000009f4c0000)
}
Event: 12.146 GC heap before
{Heap before GC invocations=14 (full 1):
 PSYoungGen      total 378304K, used 370881K [0x00000000e10b0000, 0x00000000fbc20000, 0x0000000100000000)
  eden space 332032K, 100% used [0x00000000e10b0000,0x00000000f54f0000,0x00000000f54f0000)
  from space 46272K, 83% used [0x00000000f86b0000,0x00000000faca0698,0x00000000fb3e0000)
  to   space 50944K, 0% used [0x00000000f54f0000,0x00000000f54f0000,0x00000000f86b0000)
 ParOldGen       total 93184K, used 48420K [0x00000000a3200000, 0x00000000a8d00000, 0x00000000e10b0000)
  object space 93184K, 51% used [0x00000000a3200000,0x00000000a6149008,0x00000000a8d00000)
 PSPermGen       total 21248K, used 4669K [0x000000009e000000, 0x000000009f4c0000, 0x00000000a3200000)
  object space 21248K, 21% used [0x000000009e000000,0x000000009e48f7b8,0x000000009f4c0000)
Event: 12.174 GC heap after
Heap after GC invocations=14 (full 1):
 PSYoungGen      total 382976K, used 34644K [0x00000000e10b0000, 0x0000000100000000, 0x0000000100000000)
  eden space 332032K, 0% used [0x00000000e10b0000,0x00000000e10b0000,0x00000000f54f0000)
  from space 50944K, 68% used [0x00000000f54f0000,0x00000000f76c5000,0x00000000f86b0000)
  to   space 53056K, 0% used [0x00000000fcc30000,0x00000000fcc30000,0x0000000100000000)
 ParOldGen       total 93184K, used 49532K [0x00000000a3200000, 0x00000000a8d00000, 0x00000000e10b0000)
  object space 93184K, 53% used [0x00000000a3200000,0x00000000a625f008,0x00000000a8d00000)
 PSPermGen       total 21248K, used 4669K [0x000000009e000000, 0x000000009f4c0000, 0x00000000a3200000)
  object space 21248K, 21% used [0x000000009e000000,0x000000009e48f7b8,0x000000009f4c0000)
}

Deoptimization events (4 events):
Event: 0.676 Thread 0x000000000230b000 Uncommon trap -83 fr.pc 0x00000000027f2b98
Event: 0.680 Thread 0x000000000230b000 Uncommon trap -83 fr.pc 0x00000000027e4ce0
Event: 1.117 Thread 0x000000000230b000 Uncommon trap 27 fr.pc 0x00000000027fc2e0
Event: 12.653 Thread 0x000000000230b000 Uncommon trap -34 fr.pc 0x0000000002824518

Internal exceptions (10 events):
Event: 12.855 Thread 0x000000000230b000 Threw 0x00000000e5a8e7c8 at C:\jdk7u2_64p\jdk7u21\hotspot\src\share\vm\prims\jvm.cpp:1166
Event: 12.855 Thread 0x000000000230b000 Threw 0x00000000e5a93530 at C:\jdk7u2_64p\jdk7u21\hotspot\src\share\vm\prims\jvm.cpp:1166
Event: 12.856 Thread 0x000000000230b000 Threw 0x00000000e5a980e8 at C:\jdk7u2_64p\jdk7u21\hotspot\src\share\vm\prims\jvm.cpp:1166
Event: 12.857 Thread 0x000000000230b000 Threw 0x00000000e5a9d9f0 at C:\jdk7u2_64p\jdk7u21\hotspot\src\share\vm\prims\jvm.cpp:1166
Event: 12.857 Thread 0x000000000230b000 Threw 0x00000000e5aa2c68 at C:\jdk7u2_64p\jdk7u21\hotspot\src\share\vm\prims\jvm.cpp:1166
Event: 12.893 Thread 0x000000000230b000 Threw 0x00000000e5b103b8 at C:\jdk7u2_64p\jdk7u21\hotspot\src\share\vm\prims\jvm.cpp:1166
Event: 12.894 Thread 0x000000000230b000 Threw 0x00000000e5b14798 at C:\jdk7u2_64p\jdk7u21\hotspot\src\share\vm\prims\jvm.cpp:1166
Event: 12.896 Thread 0x000000000230b000 Threw 0x00000000e5b1df30 at C:\jdk7u2_64p\jdk7u21\hotspot\src\share\vm\prims\jvm.cpp:1166
Event: 12.897 Thread 0x000000000230b000 Threw 0x00000000e5b22d00 at C:\jdk7u2_64p\jdk7u21\hotspot\src\share\vm\prims\jvm.cpp:1166
Event: 12.933 Thread 0x000000000230b000 Threw 0x00000000e5b28180 at C:\jdk7u2_64p\jdk7u21\hotspot\src\share\vm\prims\jvm.cpp:1166

Events (10 events):
Event: 12.894 loading class 0x000000000c628f10
Event: 12.894 loading class 0x000000000c628f10 done
Event: 12.896 loading class 0x000000000c629460
Event: 12.896 loading class 0x000000000c629460 done
Event: 12.897 loading class 0x000000000c629410
Event: 12.897 loading class 0x000000000c629410 done
Event: 12.933 loading class 0x000000000c6a1040
Event: 12.933 loading class 0x000000000c6a1040 done
Event: 12.955 loading class 0x000000000a3bb9c0
Event: 12.975 loading class 0x000000000a3bb9c0 done


Dynamic libraries:
0x000000013fc60000 - 0x000000013fc93000 	C:\Program Files\Java\jdk1.7.0_21\bin\java.exe
0x0000000076f40000 - 0x00000000770e9000 	C:\Windows\SYSTEM32\ntdll.dll
0x0000000076e20000 - 0x0000000076f3f000 	C:\Windows\system32\kernel32.dll
0x000007fefccf0000 - 0x000007fefcd5b000 	C:\Windows\system32\KERNELBASE.dll
0x000007fefd3d0000 - 0x000007fefd4ab000 	C:\Windows\system32\ADVAPI32.dll
0x000007fefd1d0000 - 0x000007fefd26f000 	C:\Windows\system32\msvcrt.dll
0x000007fefd1b0000 - 0x000007fefd1cf000 	C:\Windows\SYSTEM32\sechost.dll
0x000007fefd910000 - 0x000007fefda3d000 	C:\Windows\system32\RPCRT4.dll
0x0000000076be0000 - 0x0000000076cda000 	C:\Windows\system32\USER32.dll
0x000007fefd4b0000 - 0x000007fefd517000 	C:\Windows\system32\GDI32.dll
0x000007fefede0000 - 0x000007fefedee000 	C:\Windows\system32\LPK.dll
0x000007fefec50000 - 0x000007fefed19000 	C:\Windows\system32\USP10.dll
0x000007fefb550000 - 0x000007fefb744000 	C:\Windows\WinSxS\amd64_microsoft.windows.common-controls_6595b64144ccf1df_6.0.7601.17514_none_fa396087175ac9ac\COMCTL32.dll
0x000007fefe830000 - 0x000007fefe8a1000 	C:\Windows\system32\SHLWAPI.dll
0x000007feff220000 - 0x000007feff24e000 	C:\Windows\system32\IMM32.DLL
0x000007fefedf0000 - 0x000007fefeef9000 	C:\Windows\system32\MSCTF.dll
0x000000005f6c0000 - 0x000000005f791000 	C:\Program Files\Java\jdk1.7.0_21\jre\bin\msvcr100.dll
0x000000006e5f0000 - 0x000000006ed11000 	C:\Program Files\Java\jdk1.7.0_21\jre\bin\server\jvm.dll
0x000007fef9210000 - 0x000007fef9219000 	C:\Windows\system32\WSOCK32.dll
0x000007fefeb60000 - 0x000007fefebad000 	C:\Windows\system32\WS2_32.dll
0x000007fefcfc0000 - 0x000007fefcfc8000 	C:\Windows\system32\NSI.dll
0x000007fefcbb0000 - 0x000007fefcbeb000 	C:\Windows\system32\WINMM.dll
0x0000000077100000 - 0x0000000077107000 	C:\Windows\system32\PSAPI.DLL
0x0000000073fd0000 - 0x0000000073fdf000 	C:\Program Files\Java\jdk1.7.0_21\jre\bin\verify.dll
0x0000000073fa0000 - 0x0000000073fc8000 	C:\Program Files\Java\jdk1.7.0_21\jre\bin\java.dll
0x0000000073f80000 - 0x0000000073f95000 	C:\Program Files\Java\jdk1.7.0_21\jre\bin\zip.dll
0x000007fefaaf0000 - 0x000007fefab00000 	D:\Program Files (x86)\JetBrains\IntelliJ IDEA 13.0\bin\breakgen64.dll
0x0000000063470000 - 0x0000000063489000 	C:\Program Files\Java\jdk1.7.0_21\jre\bin\net.dll
0x000007fefc300000 - 0x000007fefc355000 	C:\Windows\system32\mswsock.dll
0x000007fefc2f0000 - 0x000007fefc2f7000 	C:\Windows\System32\wship6.dll
0x00000000616b0000 - 0x0000000061843000 	C:\Program Files\Java\jdk1.7.0_21\jre\bin\awt.dll
0x000007fefd0d0000 - 0x000007fefd1a7000 	C:\Windows\system32\OLEAUT32.dll
0x000007fefd700000 - 0x000007fefd903000 	C:\Windows\system32\ole32.dll
0x000000006a180000 - 0x000000006a1b0000 	C:\Program Files\Java\jdk1.7.0_21\jre\bin\jpeg.dll
0x000000005c3e0000 - 0x000000005c478000 	C:\Windows\System32\msvcp100.dll
0x000007fee30a0000 - 0x000007fee3312000 	D:\workspace\dandan\opencv\build\x64\vc10\bin\opencv_core248.dll
0x000007fee2f80000 - 0x000007fee301a000 	C:\Users\pairwinter\AppData\Local\Temp\javacpp3265642266345\jniopencv_core.dll
0x000007fef6d00000 - 0x000007fef6e25000 	C:\Windows\system32\dbghelp.dll

VM Arguments:
jvm_args: -Didea.launcher.port=7532 -Didea.launcher.bin.path=D:\Program Files (x86)\JetBrains\IntelliJ IDEA 13.0\bin -Dfile.encoding=UTF-8 
java_command: com.intellij.rt.execution.application.AppMain com.wendy.plsa.BuildKmeans
Launcher Type: SUN_STANDARD

Environment Variables:
JAVA_HOME=C:\Program Files\Java\jdk1.6.0_30
PATH=C:\Program Files (x86)\AMD APP\bin\x86_64;C:\Program Files (x86)\AMD APP\bin\x86;C:\Users\pairwinter\Documents\AMD APP\bin\x86_64;C:\Users\pairwinter\Documents\AMD APP\bin\x86;C:\Program Files\Common Files\Microsoft Shared\Windows Live;C:\Program Files (x86)\Common Files\Microsoft Shared\Windows Live;C:\Windows\system32;C:\Windows;C:\Windows\System32\Wbem;C:\Windows\System32\WindowsPowerShell\v1.0\;C:\Program Files\Intel\WiFi\bin\;C:\Program Files\Common Files\Intel\WirelessCommon\;C:\Program Files (x86)\ATI Technologies\ATI.ACE\Core-Static;C:\Program Files\Java\jdk1.6.0_30\bin;D:\tools\javatools\apache-maven\apache-maven-3.0.4\bin;D:\tools\database\mongodb\bin;C:\Program Files (x86)\Windows Live\Shared;D:\tools\javatools\spring-roo-1.2.3.RELEASE\bin;D:\tools\android\android-sdk\platform-tools;C:\Program Files\nodejs\;D:\Program Files\TortoiseSVN\bin;C:\Program Files\Java\jdk1.6.0_30\bin;C:\Users\pairwinter\AppData\Roaming\npm;C:\Program Files (x86)\Git\bin;D:\workspace\dandan\opencv\build\x64\vc10\bin
USERNAME=pairwinter
OS=Windows_NT
PROCESSOR_IDENTIFIER=Intel64 Family 6 Model 37 Stepping 2, GenuineIntel



---------------  S Y S T E M  ---------------

OS: Windows 7 , 64 bit Build 7601 Service Pack 1

CPU:total 4 (2 cores per cpu, 2 threads per core) family 6 model 37 stepping 2, cmov, cx8, fxsr, mmx, sse, sse2, sse3, ssse3, sse4.1, sse4.2, popcnt, ht, tsc, tscinvbit

Memory: 4k page, physical 6083048k(1802124k free), swap 12164232k(6272704k free)

vm_info: Java HotSpot(TM) 64-Bit Server VM (23.21-b01) for windows-amd64 JRE (1.7.0_21-b11), built on Apr  4 2013 08:11:28 by "java_re" with unknown MS VC++:1600

time: Sat Apr 19 11:23:42 2014
elapsed time: 13 seconds

