#
# A fatal error has been detected by the Java Runtime Environment:
#
#  EXCEPTION_ACCESS_VIOLATION (0xc0000005) at pc=0x000007fee31dc96d, pid=11200, tid=14340
#
# JRE version: 7.0_21-b11
# Java VM: Java HotSpot(TM) 64-Bit Server VM (23.21-b01 mixed mode windows-amd64 compressed oops)
# Problematic frame:
# C  [opencv_core248.dll+0x13c96d]  cvKMeans2+0x9ad
#
# Failed to write core dump. Minidumps are not enabled by default on client versions of Windows
#
# If you would like to submit a bug report, please visit:
#   http://bugreport.sun.com/bugreport/crash.jsp
# The crash happened outside the Java Virtual Machine in native code.
# See problematic frame for where to report the bug.
#

---------------  T H R E A D  ---------------

Current thread (0x000000000222b000):  JavaThread "main" [_thread_in_native, id=14340, stack(0x0000000002630000,0x0000000002730000)]

siginfo: ExceptionCode=0xc0000005, writing address 0x0000000002590000

Registers:
RAX=0x000000000272e2f0, RBX=0x000000000c905770, RCX=0x45e41793083a0000, RDX=0x0000000000aee7d0
RSP=0x000000000272e6b0, RBP=0x000000000272e7b0, RSI=0x0000000002590000, RDI=0x000000000c9058b0
R8 =0x000000000000037f, R9 =0xfeeefeeefeeefeee, R10=0x00000000022f0158, R11=0x000000000272e668
R12=0x000000000000000a, R13=0x000000000272eaa0, R14=0x0000000000000000, R15=0x000000000c905770
RIP=0x000007fee31dc96d, EFLAGS=0x0000000000010206

Top of Stack: (sp=0x000000000272e6b0)
0x000000000272e6b0:   000000000c905770 ffffffffffffffff
0x000000000272e6c0:   000000000c905770 0000000002590000
0x000000000272e6d0:   0000000000000003 0000000000000001
0x000000000272e6e0:   000000000272e700 0000000000000000
0x000000000272e6f0:   0000006400000002 3ff0000000000000
0x000000000272e700:   000007fee3270238 0000000000010000
0x000000000272e710:   000000000272e800 0000000000000000
0x000000000272e720:   fffffffffffffffe 000007fee325c7f8
0x000000000272e730:   0000000000010000 000000000272e860
0x000000000272e740:   0000000000000000 00000000000000a9
0x000000000272e750:   0000000002227880 00001532b2b32b35
0x000000000272e760:   00000000000000b8 000000006e25dc8d
0x000000000272e770:   000000000222b470 000007fee3270238
0x000000000272e780:   0000000000010000 000000000272e8c0
0x000000000272e790:   0000000000000000 000000006e299bf0
0x000000000272e7a0:   0000000242ff4005 0000008000000000 

Instructions: (pc=0x000007fee31dc96d)
0x000007fee31dc94d:   00 89 44 24 20 4c 8d 4c 24 40 4c 8d 45 c8 41 8b
0x000007fee31dc95d:   d4 48 8d 4c 24 78 e8 b8 d6 ff ff 48 85 f6 74 04
0x000007fee31dc96d:   f2 0f 11 06 48 8b 4d 68 48 85 c9 74 36 83 ca ff
0x000007fee31dc97d:   e8 0e b2 04 00 83 f8 01 75 29 48 8b 8d 88 00 00 


Register to memory mapping:

RAX=0x000000000272e2f0 is pointing into the stack for thread: 0x000000000222b000
RBX=0x000000000c905770 is an unknown value
RCX=0x45e41793083a0000 is an unknown value
RDX=0x0000000000aee7d0 is an unknown value
RSP=0x000000000272e6b0 is pointing into the stack for thread: 0x000000000222b000
RBP=0x000000000272e7b0 is pointing into the stack for thread: 0x000000000222b000
RSI=0x0000000002590000 is an unknown value
RDI=0x000000000c9058b0 is an unknown value
R8 =0x000000000000037f is an unknown value
R9 =0xfeeefeeefeeefeee is an unknown value
R10=0x00000000022f0158 is an unknown value
R11=0x000000000272e668 is pointing into the stack for thread: 0x000000000222b000
R12=0x000000000000000a is an unknown value
R13=0x000000000272eaa0 is pointing into the stack for thread: 0x000000000222b000
R14=0x0000000000000000 is an unknown value
R15=0x000000000c905770 is an unknown value


Stack: [0x0000000002630000,0x0000000002730000],  sp=0x000000000272e6b0,  free space=1017k
Native frames: (J=compiled Java code, j=interpreted, Vv=VM code, C=native code)
C  [opencv_core248.dll+0x13c96d]  cvKMeans2+0x9ad

Java frames: (J=compiled Java code, j=interpreted, Vv=VM code)
j  com.googlecode.javacv.cpp.opencv_core.cvKMeans2(Lcom/googlecode/javacv/cpp/opencv_core$CvArr;ILcom/googlecode/javacv/cpp/opencv_core$CvArr;Lcom/googlecode/javacv/cpp/opencv_core$CvTermCriteria;ILcom/googlecode/javacv/cpp/opencv_core$CvRNG;ILcom/googlecode/javacv/cpp/opencv_core$CvArr;[D)I+0
j  com.wendy.plsa.BuildKmeans.main([Ljava/lang/String;)V+136
v  ~StubRoutines::call_stub
j  sun.reflect.NativeMethodAccessorImpl.invoke0(Ljava/lang/reflect/Method;Ljava/lang/Object;[Ljava/lang/Object;)Ljava/lang/Object;+0
j  sun.reflect.NativeMethodAccessorImpl.invoke(Ljava/lang/Object;[Ljava/lang/Object;)Ljava/lang/Object;+87
j  sun.reflect.DelegatingMethodAccessorImpl.invoke(Ljava/lang/Object;[Ljava/lang/Object;)Ljava/lang/Object;+6
j  java.lang.reflect.Method.invoke(Ljava/lang/Object;[Ljava/lang/Object;)Ljava/lang/Object;+57
j  com.intellij.rt.execution.application.AppMain.main([Ljava/lang/String;)V+140
v  ~StubRoutines::call_stub

---------------  P R O C E S S  ---------------

Java Threads: ( => current thread )
  0x000000000c40c000 JavaThread "Java2D Disposer" daemon [_thread_blocked, id=12936, stack(0x000000000d040000,0x000000000d140000)]
  0x000000000c68e800 JavaThread "Monitor Ctrl-Break" daemon [_thread_in_native, id=11532, stack(0x000000000be20000,0x000000000bf20000)]
  0x000000000a52d000 JavaThread "Service Thread" daemon [_thread_blocked, id=11572, stack(0x000000000bf40000,0x000000000c040000)]
  0x000000000a52c000 JavaThread "C2 CompilerThread1" daemon [_thread_blocked, id=13220, stack(0x000000000bd00000,0x000000000be00000)]
  0x000000000a527800 JavaThread "C2 CompilerThread0" daemon [_thread_blocked, id=17468, stack(0x000000000baf0000,0x000000000bbf0000)]
  0x000000000a522000 JavaThread "Attach Listener" daemon [_thread_blocked, id=4116, stack(0x000000000b410000,0x000000000b510000)]
  0x000000000a51b000 JavaThread "Signal Dispatcher" daemon [_thread_blocked, id=18744, stack(0x000000000b970000,0x000000000ba70000)]
  0x00000000022eb000 JavaThread "Finalizer" daemon [_thread_blocked, id=6464, stack(0x000000000b700000,0x000000000b800000)]
  0x00000000022e3800 JavaThread "Reference Handler" daemon [_thread_blocked, id=13428, stack(0x000000000b510000,0x000000000b610000)]
=>0x000000000222b000 JavaThread "main" [_thread_in_native, id=14340, stack(0x0000000002630000,0x0000000002730000)]

Other Threads:
  0x000000000a471800 VMThread [stack: 0x000000000b2a0000,0x000000000b3a0000] [id=16208]
  0x000000000c05b000 WatcherThread [stack: 0x000000000c4a0000,0x000000000c5a0000] [id=6392]

VM state:not at safepoint (normal execution)

VM Mutex/Monitor currently owned by a thread: None

Heap
 PSYoungGen      total 379648K, used 67799K [0x00000000e10b0000, 0x0000000100000000, 0x0000000100000000)
  eden space 338176K, 13% used [0x00000000e10b0000,0x00000000e3be5508,0x00000000f5af0000)
  from space 41472K, 56% used [0x00000000f5af0000,0x00000000f71f0800,0x00000000f8370000)
  to   space 41216K, 0% used [0x00000000fd7c0000,0x00000000fd7c0000,0x0000000100000000)
 ParOldGen       total 93056K, used 58326K [0x00000000a3200000, 0x00000000a8ce0000, 0x00000000e10b0000)
  object space 93056K, 62% used [0x00000000a3200000,0x00000000a6af5a40,0x00000000a8ce0000)
 PSPermGen       total 21248K, used 5934K [0x000000009e000000, 0x000000009f4c0000, 0x00000000a3200000)
  object space 21248K, 27% used [0x000000009e000000,0x000000009e5cba80,0x000000009f4c0000)

Card table byte_map: [0x0000000005730000,0x0000000005a50000] byte_map_base: 0x0000000005240000

Polling page: 0x0000000001b60000

Code Cache  [0x0000000002730000, 0x00000000029a0000, 0x0000000005730000)
 total_blobs=430 nmethods=134 adapters=247 free_code_cache=48379Kb largest_free_block=49521280

Compilation events (10 events):
Event: 13.235 Thread 0x000000000a527800  113             java.util.Arrays::copyOfRange (63 bytes)
Event: 13.238 Thread 0x000000000a527800 nmethod 113 0x00000000027e83d0 code [0x00000000027e8520, 0x00000000027e8718]
Event: 13.245 Thread 0x000000000a52c000  114             java.lang.String::indexOf (7 bytes)
Event: 13.249 Thread 0x000000000a52c000 nmethod 114 0x00000000027e7fd0 code [0x00000000027e8120, 0x00000000027e82c8]
Event: 13.254 Thread 0x000000000a527800  115             java.net.URI$Parser::charAt (9 bytes)
Event: 13.255 Thread 0x000000000a527800 nmethod 115 0x00000000027f42d0 code [0x00000000027f4420, 0x00000000027f44d8]
Event: 13.256 Thread 0x000000000a52c000  116             java.net.URI::match (56 bytes)
Event: 13.257 Thread 0x000000000a52c000 nmethod 116 0x00000000027e7dd0 code [0x00000000027e7f00, 0x00000000027e7f78]
Event: 13.273 Thread 0x000000000a527800  118             com.googlecode.javacpp.IntPointer::put (9 bytes)
Event: 13.274 Thread 0x000000000a527800 nmethod 118 0x00000000027e9190 code [0x00000000027e92e0, 0x00000000027e9368]

GC Heap History (10 events):
Event: 5.504 GC heap before
{Heap before GC invocations=10 (full 1):
 PSYoungGen      total 209792K, used 187392K [0x00000000e10b0000, 0x00000000efdf0000, 0x0000000100000000)
  eden space 187392K, 100% used [0x00000000e10b0000,0x00000000ec7b0000,0x00000000ec7b0000)
  from space 22400K, 0% used [0x00000000ee110000,0x00000000ee110000,0x00000000ef6f0000)
  to   space 25984K, 0% used [0x00000000ec7b0000,0x00000000ec7b0000,0x00000000ee110000)
 ParOldGen       total 93056K, used 39241K [0x00000000a3200000, 0x00000000a8ce0000, 0x00000000e10b0000)
  object space 93056K, 42% used [0x00000000a3200000,0x00000000a5852540,0x00000000a8ce0000)
 PSPermGen       total 21248K, used 4665K [0x000000009e000000, 0x000000009f4c0000, 0x00000000a3200000)
  object space 21248K, 21% used [0x000000009e000000,0x000000009e48e420,0x000000009f4c0000)
Event: 5.518 GC heap after
Heap after GC invocations=10 (full 1):
 PSYoungGen      total 213376K, used 25970K [0x00000000e10b0000, 0x00000000f5080000, 0x0000000100000000)
  eden space 187392K, 0% used [0x00000000e10b0000,0x00000000e10b0000,0x00000000ec7b0000)
  from space 25984K, 99% used [0x00000000ec7b0000,0x00000000ee10c920,0x00000000ee110000)
  to   space 35264K, 0% used [0x00000000f2e10000,0x00000000f2e10000,0x00000000f5080000)
 ParOldGen       total 93056K, used 51676K [0x00000000a3200000, 0x00000000a8ce0000, 0x00000000e10b0000)
  object space 93056K, 55% used [0x00000000a3200000,0x00000000a64770f8,0x00000000a8ce0000)
 PSPermGen       total 21248K, used 4665K [0x000000009e000000, 0x000000009f4c0000, 0x00000000a3200000)
  object space 21248K, 21% used [0x000000009e000000,0x000000009e48e420,0x000000009f4c0000)
}
Event: 6.527 GC heap before
{Heap before GC invocations=11 (full 1):
 PSYoungGen      total 213376K, used 213362K [0x00000000e10b0000, 0x00000000f5080000, 0x0000000100000000)
  eden space 187392K, 100% used [0x00000000e10b0000,0x00000000ec7b0000,0x00000000ec7b0000)
  from space 25984K, 99% used [0x00000000ec7b0000,0x00000000ee10c920,0x00000000ee110000)
  to   space 35264K, 0% used [0x00000000f2e10000,0x00000000f2e10000,0x00000000f5080000)
 ParOldGen       total 93056K, used 51676K [0x00000000a3200000, 0x00000000a8ce0000, 0x00000000e10b0000)
  object space 93056K, 55% used [0x00000000a3200000,0x00000000a64770f8,0x00000000a8ce0000)
 PSPermGen       total 21248K, used 4665K [0x000000009e000000, 0x000000009f4c0000, 0x00000000a3200000)
  object space 21248K, 21% used [0x000000009e000000,0x000000009e48e420,0x000000009f4c0000)
Event: 6.536 GC heap after
Heap after GC invocations=11 (full 1):
 PSYoungGen      total 286336K, used 20737K [0x00000000e10b0000, 0x00000000f4de0000, 0x0000000100000000)
  eden space 253760K, 0% used [0x00000000e10b0000,0x00000000e10b0000,0x00000000f0880000)
  from space 32576K, 63% used [0x00000000f2e10000,0x00000000f4250788,0x00000000f4de0000)
  to   space 35520K, 0% used [0x00000000f0880000,0x00000000f0880000,0x00000000f2b30000)
 ParOldGen       total 93056K, used 51676K [0x00000000a3200000, 0x00000000a8ce0000, 0x00000000e10b0000)
  object space 93056K, 55% used [0x00000000a3200000,0x00000000a64770f8,0x00000000a8ce0000)
 PSPermGen       total 21248K, used 4665K [0x000000009e000000, 0x000000009f4c0000, 0x00000000a3200000)
  object space 21248K, 21% used [0x000000009e000000,0x000000009e48e420,0x000000009f4c0000)
}
Event: 8.368 GC heap before
{Heap before GC invocations=12 (full 1):
 PSYoungGen      total 286336K, used 274497K [0x00000000e10b0000, 0x00000000f4de0000, 0x0000000100000000)
  eden space 253760K, 100% used [0x00000000e10b0000,0x00000000f0880000,0x00000000f0880000)
  from space 32576K, 63% used [0x00000000f2e10000,0x00000000f4250788,0x00000000f4de0000)
  to   space 35520K, 0% used [0x00000000f0880000,0x00000000f0880000,0x00000000f2b30000)
 ParOldGen       total 93056K, used 51676K [0x00000000a3200000, 0x00000000a8ce0000, 0x00000000e10b0000)
  object space 93056K, 55% used [0x00000000a3200000,0x00000000a64770f8,0x00000000a8ce0000)
 PSPermGen       total 21248K, used 4665K [0x000000009e000000, 0x000000009f4c0000, 0x00000000a3200000)
  object space 21248K, 21% used [0x000000009e000000,0x000000009e48e750,0x000000009f4c0000)
Event: 8.394 GC heap after
Heap after GC invocations=12 (full 1):
 PSYoungGen      total 289280K, used 30010K [0x00000000e10b0000, 0x00000000fabc0000, 0x0000000100000000)
  eden space 253760K, 0% used [0x00000000e10b0000,0x00000000e10b0000,0x00000000f0880000)
  from space 35520K, 84% used [0x00000000f0880000,0x00000000f25ce8d8,0x00000000f2b30000)
  to   space 38976K, 0% used [0x00000000f85b0000,0x00000000f85b0000,0x00000000fabc0000)
 ParOldGen       total 93056K, used 55458K [0x00000000a3200000, 0x00000000a8ce0000, 0x00000000e10b0000)
  object space 93056K, 59% used [0x00000000a3200000,0x00000000a6828a60,0x00000000a8ce0000)
 PSPermGen       total 21248K, used 4665K [0x000000009e000000, 0x000000009f4c0000, 0x00000000a3200000)
  object space 21248K, 21% used [0x000000009e000000,0x000000009e48e750,0x000000009f4c0000)
}
Event: 10.123 GC heap before
{Heap before GC invocations=13 (full 1):
 PSYoungGen      total 289280K, used 283770K [0x00000000e10b0000, 0x00000000fabc0000, 0x0000000100000000)
  eden space 253760K, 100% used [0x00000000e10b0000,0x00000000f0880000,0x00000000f0880000)
  from space 35520K, 84% used [0x00000000f0880000,0x00000000f25ce8d8,0x00000000f2b30000)
  to   space 38976K, 0% used [0x00000000f85b0000,0x00000000f85b0000,0x00000000fabc0000)
 ParOldGen       total 93056K, used 55458K [0x00000000a3200000, 0x00000000a8ce0000, 0x00000000e10b0000)
  object space 93056K, 59% used [0x00000000a3200000,0x00000000a6828a60,0x00000000a8ce0000)
 PSPermGen       total 21248K, used 4665K [0x000000009e000000, 0x000000009f4c0000, 0x00000000a3200000)
  object space 21248K, 21% used [0x000000009e000000,0x000000009e48e750,0x000000009f4c0000)
Event: 10.136 GC heap after
Heap after GC invocations=13 (full 1):
 PSYoungGen      total 377152K, used 29373K [0x00000000e10b0000, 0x00000000fabf0000, 0x0000000100000000)
  eden space 338176K, 0% used [0x00000000e10b0000,0x00000000e10b0000,0x00000000f5af0000)
  from space 38976K, 75% used [0x00000000f85b0000,0x00000000fa25f658,0x00000000fabc0000)
  to   space 41472K, 0% used [0x00000000f5af0000,0x00000000f5af0000,0x00000000f8370000)
 ParOldGen       total 93056K, used 57214K [0x00000000a3200000, 0x00000000a8ce0000, 0x00000000e10b0000)
  object space 93056K, 61% used [0x00000000a3200000,0x00000000a69dfa40,0x00000000a8ce0000)
 PSPermGen       total 21248K, used 4665K [0x000000009e000000, 0x000000009f4c0000, 0x00000000a3200000)
  object space 21248K, 21% used [0x000000009e000000,0x000000009e48e750,0x000000009f4c0000)
}
Event: 12.692 GC heap before
{Heap before GC invocations=14 (full 1):
 PSYoungGen      total 377152K, used 367549K [0x00000000e10b0000, 0x00000000fabf0000, 0x0000000100000000)
  eden space 338176K, 100% used [0x00000000e10b0000,0x00000000f5af0000,0x00000000f5af0000)
  from space 38976K, 75% used [0x00000000f85b0000,0x00000000fa25f658,0x00000000fabc0000)
  to   space 41472K, 0% used [0x00000000f5af0000,0x00000000f5af0000,0x00000000f8370000)
 ParOldGen       total 93056K, used 57214K [0x00000000a3200000, 0x00000000a8ce0000, 0x00000000e10b0000)
  object space 93056K, 61% used [0x00000000a3200000,0x00000000a69dfa40,0x00000000a8ce0000)
 PSPermGen       total 21248K, used 4667K [0x000000009e000000, 0x000000009f4c0000, 0x00000000a3200000)
  object space 21248K, 21% used [0x000000009e000000,0x000000009e48ed88,0x000000009f4c0000)
Event: 12.703 GC heap after
Heap after GC invocations=14 (full 1):
 PSYoungGen      total 379648K, used 23554K [0x00000000e10b0000, 0x0000000100000000, 0x0000000100000000)
  eden space 338176K, 0% used [0x00000000e10b0000,0x00000000e10b0000,0x00000000f5af0000)
  from space 41472K, 56% used [0x00000000f5af0000,0x00000000f71f0800,0x00000000f8370000)
  to   space 41216K, 0% used [0x00000000fd7c0000,0x00000000fd7c0000,0x0000000100000000)
 ParOldGen       total 93056K, used 58326K [0x00000000a3200000, 0x00000000a8ce0000, 0x00000000e10b0000)
  object space 93056K, 62% used [0x00000000a3200000,0x00000000a6af5a40,0x00000000a8ce0000)
 PSPermGen       total 21248K, used 4667K [0x000000009e000000, 0x000000009f4c0000, 0x00000000a3200000)
  object space 21248K, 21% used [0x000000009e000000,0x000000009e48ed88,0x000000009f4c0000)
}

Deoptimization events (4 events):
Event: 0.686 Thread 0x000000000222b000 Uncommon trap -83 fr.pc 0x00000000027aa918
Event: 0.690 Thread 0x000000000222b000 Uncommon trap -83 fr.pc 0x00000000027b28e0
Event: 1.159 Thread 0x000000000222b000 Uncommon trap 27 fr.pc 0x00000000027b90a0
Event: 13.020 Thread 0x000000000222b000 Uncommon trap -34 fr.pc 0x00000000027d7918

Internal exceptions (10 events):
Event: 13.221 Thread 0x000000000222b000 Threw 0x00000000e37eb520 at C:\jdk7u2_64p\jdk7u21\hotspot\src\share\vm\prims\jvm.cpp:1166
Event: 13.222 Thread 0x000000000222b000 Threw 0x00000000e37f8910 at C:\jdk7u2_64p\jdk7u21\hotspot\src\share\vm\prims\jvm.cpp:1166
Event: 13.222 Thread 0x000000000222b000 Threw 0x00000000e38058c8 at C:\jdk7u2_64p\jdk7u21\hotspot\src\share\vm\prims\jvm.cpp:1166
Event: 13.223 Thread 0x000000000222b000 Threw 0x00000000e38135d0 at C:\jdk7u2_64p\jdk7u21\hotspot\src\share\vm\prims\jvm.cpp:1166
Event: 13.223 Thread 0x000000000222b000 Threw 0x00000000e38203e8 at C:\jdk7u2_64p\jdk7u21\hotspot\src\share\vm\prims\jvm.cpp:1166
Event: 13.258 Thread 0x000000000222b000 Threw 0x00000000e3894948 at C:\jdk7u2_64p\jdk7u21\hotspot\src\share\vm\prims\jvm.cpp:1166
Event: 13.258 Thread 0x000000000222b000 Threw 0x00000000e38a0978 at C:\jdk7u2_64p\jdk7u21\hotspot\src\share\vm\prims\jvm.cpp:1166
Event: 13.261 Thread 0x000000000222b000 Threw 0x00000000e38b2500 at C:\jdk7u2_64p\jdk7u21\hotspot\src\share\vm\prims\jvm.cpp:1166
Event: 13.262 Thread 0x000000000222b000 Threw 0x00000000e38bea28 at C:\jdk7u2_64p\jdk7u21\hotspot\src\share\vm\prims\jvm.cpp:1166
Event: 13.264 Thread 0x000000000222b000 Threw 0x00000000e38cb600 at C:\jdk7u2_64p\jdk7u21\hotspot\src\share\vm\prims\jvm.cpp:1166

Events (10 events):
Event: 13.258 loading class 0x000000000c690e90
Event: 13.258 loading class 0x000000000c690e90 done
Event: 13.261 loading class 0x000000000c6913e0
Event: 13.261 loading class 0x000000000c6913e0 done
Event: 13.262 loading class 0x000000000c691390
Event: 13.262 loading class 0x000000000c691390 done
Event: 13.264 loading class 0x000000000c3a8a10
Event: 13.264 loading class 0x000000000c3a8a10 done
Event: 13.265 loading class 0x000000000a4e3f00
Event: 13.265 loading class 0x000000000a4e3f00 done


Dynamic libraries:
0x000000013f900000 - 0x000000013f933000 	C:\Program Files\Java\jdk1.7.0_21\bin\java.exe
0x0000000076e20000 - 0x0000000076fc9000 	C:\Windows\SYSTEM32\ntdll.dll
0x0000000076ac0000 - 0x0000000076bdf000 	C:\Windows\system32\kernel32.dll
0x000007fefcb40000 - 0x000007fefcbab000 	C:\Windows\system32\KERNELBASE.dll
0x000007fefd130000 - 0x000007fefd20b000 	C:\Windows\system32\ADVAPI32.dll
0x000007fefed40000 - 0x000007fefeddf000 	C:\Windows\system32\msvcrt.dll
0x000007feff110000 - 0x000007feff12f000 	C:\Windows\SYSTEM32\sechost.dll
0x000007fefd980000 - 0x000007fefdaad000 	C:\Windows\system32\RPCRT4.dll
0x0000000076d20000 - 0x0000000076e1a000 	C:\Windows\system32\USER32.dll
0x000007fefec30000 - 0x000007fefec97000 	C:\Windows\system32\GDI32.dll
0x000007fefeb50000 - 0x000007fefeb5e000 	C:\Windows\system32\LPK.dll
0x000007fefeb60000 - 0x000007fefec29000 	C:\Windows\system32\USP10.dll
0x000007fefb430000 - 0x000007fefb624000 	C:\Windows\WinSxS\amd64_microsoft.windows.common-controls_6595b64144ccf1df_6.0.7601.17514_none_fa396087175ac9ac\COMCTL32.dll
0x000007fefdbe0000 - 0x000007fefdc51000 	C:\Windows\system32\SHLWAPI.dll
0x000007fefdab0000 - 0x000007fefdade000 	C:\Windows\system32\IMM32.DLL
0x000007fefd2f0000 - 0x000007fefd3f9000 	C:\Windows\system32\MSCTF.dll
0x000000005c240000 - 0x000000005c311000 	C:\Program Files\Java\jdk1.7.0_21\jre\bin\msvcr100.dll
0x000000006e030000 - 0x000000006e751000 	C:\Program Files\Java\jdk1.7.0_21\jre\bin\server\jvm.dll
0x000007fef90f0000 - 0x000007fef90f9000 	C:\Windows\system32\WSOCK32.dll
0x000007fefd210000 - 0x000007fefd25d000 	C:\Windows\system32\WS2_32.dll
0x000007fefd260000 - 0x000007fefd268000 	C:\Windows\system32\NSI.dll
0x000007fefcaa0000 - 0x000007fefcadb000 	C:\Windows\system32\WINMM.dll
0x0000000076fe0000 - 0x0000000076fe7000 	C:\Windows\system32\PSAPI.DLL
0x0000000068120000 - 0x000000006812f000 	C:\Program Files\Java\jdk1.7.0_21\jre\bin\verify.dll
0x000000005f810000 - 0x000000005f838000 	C:\Program Files\Java\jdk1.7.0_21\jre\bin\java.dll
0x000000005f850000 - 0x000000005f865000 	C:\Program Files\Java\jdk1.7.0_21\jre\bin\zip.dll
0x000007fef80c0000 - 0x000007fef80d0000 	D:\Program Files (x86)\JetBrains\IntelliJ IDEA 13.0\bin\breakgen64.dll
0x000000005f5e0000 - 0x000000005f5f9000 	C:\Program Files\Java\jdk1.7.0_21\jre\bin\net.dll
0x000007fefc200000 - 0x000007fefc255000 	C:\Windows\system32\mswsock.dll
0x000007fefc1f0000 - 0x000007fefc1f7000 	C:\Windows\System32\wship6.dll
0x00000000584b0000 - 0x0000000058643000 	C:\Program Files\Java\jdk1.7.0_21\jre\bin\awt.dll
0x000007feff030000 - 0x000007feff107000 	C:\Windows\system32\OLEAUT32.dll
0x000007fefd6d0000 - 0x000007fefd8d3000 	C:\Windows\system32\ole32.dll
0x000000005f5b0000 - 0x000000005f5e0000 	C:\Program Files\Java\jdk1.7.0_21\jre\bin\jpeg.dll
0x000000005b920000 - 0x000000005b9b8000 	C:\Windows\System32\msvcp100.dll
0x000007fee30a0000 - 0x000007fee3312000 	D:\workspace\dandan\opencv\build\x64\vc10\bin\opencv_core248.dll
0x000007fee4ca0000 - 0x000007fee4d3a000 	C:\Users\pairwinter\AppData\Local\Temp\javacpp41985943842981\jniopencv_core.dll
0x000007fef5d10000 - 0x000007fef5e35000 	C:\Windows\system32\dbghelp.dll

VM Arguments:
jvm_args: -Didea.launcher.port=7534 -Didea.launcher.bin.path=D:\Program Files (x86)\JetBrains\IntelliJ IDEA 13.0\bin -Dfile.encoding=UTF-8 
java_command: com.intellij.rt.execution.application.AppMain com.wendy.plsa.BuildKmeans
Launcher Type: SUN_STANDARD

Environment Variables:
JAVA_HOME=C:\Program Files\Java\jdk1.6.0_30
PATH=C:\Program Files (x86)\AMD APP\bin\x86_64;C:\Program Files (x86)\AMD APP\bin\x86;C:\Users\pairwinter\Documents\AMD APP\bin\x86_64;C:\Users\pairwinter\Documents\AMD APP\bin\x86;C:\Program Files\Common Files\Microsoft Shared\Windows Live;C:\Program Files (x86)\Common Files\Microsoft Shared\Windows Live;C:\Windows\system32;C:\Windows;C:\Windows\System32\Wbem;C:\Windows\System32\WindowsPowerShell\v1.0\;C:\Program Files\Intel\WiFi\bin\;C:\Program Files\Common Files\Intel\WirelessCommon\;C:\Program Files (x86)\ATI Technologies\ATI.ACE\Core-Static;C:\Program Files\Java\jdk1.6.0_30\bin;D:\tools\javatools\apache-maven\apache-maven-3.0.4\bin;D:\tools\database\mongodb\bin;C:\Program Files (x86)\Windows Live\Shared;D:\tools\javatools\spring-roo-1.2.3.RELEASE\bin;D:\tools\android\android-sdk\platform-tools;C:\Program Files\nodejs\;D:\Program Files\TortoiseSVN\bin;C:\Program Files\Java\jdk1.6.0_30\bin;C:\Users\pairwinter\AppData\Roaming\npm;C:\Program Files (x86)\Git\bin;D:\workspace\dandan\opencv\build\x64\vc10\bin
USERNAME=pairwinter
OS=Windows_NT
PROCESSOR_IDENTIFIER=Intel64 Family 6 Model 37 Stepping 2, GenuineIntel



---------------  S Y S T E M  ---------------

OS: Windows 7 , 64 bit Build 7601 Service Pack 1

CPU:total 4 (2 cores per cpu, 2 threads per core) family 6 model 37 stepping 2, cmov, cx8, fxsr, mmx, sse, sse2, sse3, ssse3, sse4.1, sse4.2, popcnt, ht, tsc, tscinvbit

Memory: 4k page, physical 6083048k(1116956k free), swap 12164232k(5666232k free)

vm_info: Java HotSpot(TM) 64-Bit Server VM (23.21-b01) for windows-amd64 JRE (1.7.0_21-b11), built on Apr  4 2013 08:11:28 by "java_re" with unknown MS VC++:1600

time: Sun Mar 23 01:00:49 2014
elapsed time: 14 seconds

