#
# A fatal error has been detected by the Java Runtime Environment:
#
#  EXCEPTION_ACCESS_VIOLATION (0xc0000005) at pc=0x000007fee6c9c96d, pid=13976, tid=17940
#
# JRE version: 7.0_21-b11
# Java VM: Java HotSpot(TM) 64-Bit Server VM (23.21-b01 mixed mode windows-amd64 compressed oops)
# Problematic frame:
# C  [opencv_core248.dll+0x13c96d]  cvKMeans2+0x9ad
#
# Failed to write core dump. Minidumps are not enabled by default on client versions of Windows
#
# If you would like to submit a bug report, please visit:
#   http://bugreport.sun.com/bugreport/crash.jsp
# The crash happened outside the Java Virtual Machine in native code.
# See problematic frame for where to report the bug.
#

---------------  T H R E A D  ---------------

Current thread (0x000000000224b000):  JavaThread "main" [_thread_in_native, id=17940, stack(0x0000000002570000,0x0000000002670000)]

siginfo: ExceptionCode=0xc0000005, writing address 0x00000000002e0000

Registers:
RAX=0x000000000266e880, RBX=0x000000000c50e0a0, RCX=0x460fcdd7f7b10000, RDX=0x0000000000a2c3c0
RSP=0x000000000266ec40, RBP=0x000000000266ed40, RSI=0x00000000002e0000, RDI=0x000000000c50e1e0
R8 =0x000000000000037f, R9 =0xfeeefeeefeeefeee, R10=0x0000000002360158, R11=0x000000000266ebf8
R12=0x000000000000000a, R13=0x000000000266f030, R14=0x0000000000000000, R15=0x000000000c50e0a0
RIP=0x000007fee6c9c96d, EFLAGS=0x0000000000010206

Top of Stack: (sp=0x000000000266ec40)
0x000000000266ec40:   000000000c50e0a0 ffffffffffffffff
0x000000000266ec50:   000000000c50e0a0 00000000002e0000
0x000000000266ec60:   0000000000000003 0000000000000001
0x000000000266ec70:   000000000266ec90 0000000000000000
0x000000000266ec80:   0000006400000002 3ff0000000000000
0x000000000266ec90:   000007fee6d30238 0000000000010000
0x000000000266eca0:   000000000266ed90 0000000000000000
0x000000000266ecb0:   fffffffffffffffe 000007fee6d1c7f8
0x000000000266ecc0:   0000000000010000 000000000266edf0
0x000000000266ecd0:   0000000000000000 00000000000000a9
0x000000000266ece0:   0000000002247880 00001532b2b32b35
0x000000000266ecf0:   00000000000000b8 000000006e0ddc8d
0x000000000266ed00:   000000000224b470 000007fee6d30238
0x000000000266ed10:   0000000000010000 000000000266ee50
0x000000000266ed20:   0000000000000000 000000006e119bf0
0x000000000266ed30:   0000000242ff4005 0000008000000000 

Instructions: (pc=0x000007fee6c9c96d)
0x000007fee6c9c94d:   00 89 44 24 20 4c 8d 4c 24 40 4c 8d 45 c8 41 8b
0x000007fee6c9c95d:   d4 48 8d 4c 24 78 e8 b8 d6 ff ff 48 85 f6 74 04
0x000007fee6c9c96d:   f2 0f 11 06 48 8b 4d 68 48 85 c9 74 36 83 ca ff
0x000007fee6c9c97d:   e8 0e b2 04 00 83 f8 01 75 29 48 8b 8d 88 00 00 


Register to memory mapping:

RAX=0x000000000266e880 is pointing into the stack for thread: 0x000000000224b000
RBX=0x000000000c50e0a0 is an unknown value
RCX=0x460fcdd7f7b10000 is an unknown value
RDX=0x0000000000a2c3c0 is an unknown value
RSP=0x000000000266ec40 is pointing into the stack for thread: 0x000000000224b000
RBP=0x000000000266ed40 is pointing into the stack for thread: 0x000000000224b000
RSI=0x00000000002e0000 is an unknown value
RDI=0x000000000c50e1e0 is an unknown value
R8 =0x000000000000037f is an unknown value
R9 =0xfeeefeeefeeefeee is an unknown value
R10=0x0000000002360158 is an unknown value
R11=0x000000000266ebf8 is pointing into the stack for thread: 0x000000000224b000
R12=0x000000000000000a is an unknown value
R13=0x000000000266f030 is pointing into the stack for thread: 0x000000000224b000
R14=0x0000000000000000 is an unknown value
R15=0x000000000c50e0a0 is an unknown value


Stack: [0x0000000002570000,0x0000000002670000],  sp=0x000000000266ec40,  free space=1019k
Native frames: (J=compiled Java code, j=interpreted, Vv=VM code, C=native code)
C  [opencv_core248.dll+0x13c96d]  cvKMeans2+0x9ad

Java frames: (J=compiled Java code, j=interpreted, Vv=VM code)
j  com.googlecode.javacv.cpp.opencv_core.cvKMeans2(Lcom/googlecode/javacv/cpp/opencv_core$CvArr;ILcom/googlecode/javacv/cpp/opencv_core$CvArr;Lcom/googlecode/javacv/cpp/opencv_core$CvTermCriteria;ILcom/googlecode/javacv/cpp/opencv_core$CvRNG;ILcom/googlecode/javacv/cpp/opencv_core$CvArr;[D)I+0
j  com.wendy.plsa.BuildKmeans.main([Ljava/lang/String;)V+130
v  ~StubRoutines::call_stub
j  sun.reflect.NativeMethodAccessorImpl.invoke0(Ljava/lang/reflect/Method;Ljava/lang/Object;[Ljava/lang/Object;)Ljava/lang/Object;+0
j  sun.reflect.NativeMethodAccessorImpl.invoke(Ljava/lang/Object;[Ljava/lang/Object;)Ljava/lang/Object;+87
j  sun.reflect.DelegatingMethodAccessorImpl.invoke(Ljava/lang/Object;[Ljava/lang/Object;)Ljava/lang/Object;+6
j  java.lang.reflect.Method.invoke(Ljava/lang/Object;[Ljava/lang/Object;)Ljava/lang/Object;+57
j  com.intellij.rt.execution.application.AppMain.main([Ljava/lang/String;)V+140
v  ~StubRoutines::call_stub

---------------  P R O C E S S  ---------------

Java Threads: ( => current thread )
  0x000000000c5d2800 JavaThread "Java2D Disposer" daemon [_thread_blocked, id=18568, stack(0x000000000ce70000,0x000000000cf70000)]
  0x000000000c134800 JavaThread "Monitor Ctrl-Break" daemon [_thread_in_native, id=13956, stack(0x000000000cd20000,0x000000000ce20000)]
  0x000000000a3e9000 JavaThread "Service Thread" daemon [_thread_blocked, id=11220, stack(0x000000000bcb0000,0x000000000bdb0000)]
  0x000000000a3e8800 JavaThread "C2 CompilerThread1" daemon [_thread_blocked, id=16456, stack(0x000000000ba20000,0x000000000bb20000)]
  0x000000000a3e3800 JavaThread "C2 CompilerThread0" daemon [_thread_blocked, id=18152, stack(0x000000000bb20000,0x000000000bc20000)]
  0x000000000a3e2000 JavaThread "Attach Listener" daemon [_thread_blocked, id=11340, stack(0x000000000b5b0000,0x000000000b6b0000)]
  0x000000000a3db000 JavaThread "Signal Dispatcher" daemon [_thread_blocked, id=7320, stack(0x000000000b920000,0x000000000ba20000)]
  0x000000000230b000 JavaThread "Finalizer" daemon [_thread_blocked, id=18072, stack(0x000000000b6e0000,0x000000000b7e0000)]
  0x0000000002303800 JavaThread "Reference Handler" daemon [_thread_blocked, id=13676, stack(0x000000000b480000,0x000000000b580000)]
=>0x000000000224b000 JavaThread "main" [_thread_in_native, id=17940, stack(0x0000000002570000,0x0000000002670000)]

Other Threads:
  0x000000000a331800 VMThread [stack: 0x000000000b2e0000,0x000000000b3e0000] [id=13904]
  0x000000000bdd4800 WatcherThread [stack: 0x000000000c270000,0x000000000c370000] [id=16532]

VM state:not at safepoint (normal execution)

VM Mutex/Monitor currently owned by a thread: None

Heap
 PSYoungGen      total 400832K, used 362280K [0x00000000e10b0000, 0x00000000fc310000, 0x0000000100000000)
  eden space 374528K, 95% used [0x00000000e10b0000,0x00000000f6c72ee8,0x00000000f7e70000)
  from space 26304K, 23% used [0x00000000fa960000,0x00000000faf67490,0x00000000fc310000)
  to   space 35136K, 0% used [0x00000000f7e70000,0x00000000f7e70000,0x00000000fa0c0000)
 ParOldGen       total 91328K, used 54772K [0x00000000a3200000, 0x00000000a8b30000, 0x00000000e10b0000)
  object space 91328K, 59% used [0x00000000a3200000,0x00000000a677d1e8,0x00000000a8b30000)
 PSPermGen       total 21248K, used 5932K [0x000000009e000000, 0x000000009f4c0000, 0x00000000a3200000)
  object space 21248K, 27% used [0x000000009e000000,0x000000009e5cb270,0x000000009f4c0000)

Card table byte_map: [0x0000000005730000,0x0000000005a50000] byte_map_base: 0x0000000005240000

Polling page: 0x0000000000230000

Code Cache  [0x0000000002670000, 0x00000000028e0000, 0x0000000005670000)
 total_blobs=418 nmethods=122 adapters=247 free_code_cache=48408Kb largest_free_block=49544320

Compilation events (10 events):
Event: 13.708 Thread 0x000000000a3e8800 nmethod 101 0x000000000272c1d0 code [0x000000000272c320, 0x000000000272c518]
Event: 13.711 Thread 0x000000000a3e3800 nmethod 102 0x000000000272a250 code [0x000000000272a3a0, 0x000000000272a508]
Event: 13.716 Thread 0x000000000a3e8800  103             java.net.URI$Parser::charAt (9 bytes)
Event: 13.717 Thread 0x000000000a3e8800 nmethod 103 0x000000000272d310 code [0x000000000272d460, 0x000000000272d518]
Event: 13.718 Thread 0x000000000a3e3800  104             java.net.URI::match (56 bytes)
Event: 13.719 Thread 0x000000000a3e3800 nmethod 104 0x000000000272bfd0 code [0x000000000272c100, 0x000000000272c178]
Event: 13.720 Thread 0x000000000a3e8800  105             java.lang.String::startsWith (7 bytes)
Event: 13.722 Thread 0x000000000a3e8800 nmethod 105 0x000000000272bb90 code [0x000000000272bce0, 0x000000000272bdd8]
Event: 13.738 Thread 0x000000000a3e3800  107             com.googlecode.javacpp.IntPointer::put (9 bytes)
Event: 13.739 Thread 0x000000000a3e3800 nmethod 107 0x000000000272df50 code [0x000000000272e0a0, 0x000000000272e128]

GC Heap History (10 events):
Event: 3.823 GC heap before
{Heap before GC invocations=9 (full 1):
 PSYoungGen      total 209344K, used 21611K [0x00000000e10b0000, 0x00000000efdd0000, 0x0000000100000000)
  eden space 187200K, 0% used [0x00000000e10b0000,0x00000000e10b0000,0x00000000ec780000)
  from space 22144K, 97% used [0x00000000ee0d0000,0x00000000ef5eafb8,0x00000000ef670000)
  to   space 25920K, 0% used [0x00000000ec780000,0x00000000ec780000,0x00000000ee0d0000)
 ParOldGen       total 63424K, used 52969K [0x00000000a3200000, 0x00000000a6ff0000, 0x00000000e10b0000)
  object space 63424K, 83% used [0x00000000a3200000,0x00000000a65ba7f8,0x00000000a6ff0000)
 PSPermGen       total 21248K, used 4666K [0x000000009e000000, 0x000000009f4c0000, 0x00000000a3200000)
  object space 21248K, 21% used [0x000000009e000000,0x000000009e48e830,0x000000009f4c0000)
Event: 3.861 GC heap after
Heap after GC invocations=9 (full 1):
 PSYoungGen      total 209344K, used 0K [0x00000000e10b0000, 0x00000000efdd0000, 0x0000000100000000)
  eden space 187200K, 0% used [0x00000000e10b0000,0x00000000e10b0000,0x00000000ec780000)
  from space 22144K, 0% used [0x00000000ee0d0000,0x00000000ee0d0000,0x00000000ef670000)
  to   space 25920K, 0% used [0x00000000ec780000,0x00000000ec780000,0x00000000ee0d0000)
 ParOldGen       total 91328K, used 39241K [0x00000000a3200000, 0x00000000a8b30000, 0x00000000e10b0000)
  object space 91328K, 42% used [0x00000000a3200000,0x00000000a58524e0,0x00000000a8b30000)
 PSPermGen       total 21248K, used 4664K [0x000000009e000000, 0x000000009f4c0000, 0x00000000a3200000)
  object space 21248K, 21% used [0x000000009e000000,0x000000009e48e028,0x000000009f4c0000)
}
Event: 5.431 GC heap before
{Heap before GC invocations=10 (full 1):
 PSYoungGen      total 209344K, used 187200K [0x00000000e10b0000, 0x00000000efdd0000, 0x0000000100000000)
  eden space 187200K, 100% used [0x00000000e10b0000,0x00000000ec780000,0x00000000ec780000)
  from space 22144K, 0% used [0x00000000ee0d0000,0x00000000ee0d0000,0x00000000ef670000)
  to   space 25920K, 0% used [0x00000000ec780000,0x00000000ec780000,0x00000000ee0d0000)
 ParOldGen       total 91328K, used 39241K [0x00000000a3200000, 0x00000000a8b30000, 0x00000000e10b0000)
  object space 91328K, 42% used [0x00000000a3200000,0x00000000a58524e0,0x00000000a8b30000)
 PSPermGen       total 21248K, used 4664K [0x000000009e000000, 0x000000009f4c0000, 0x00000000a3200000)
  object space 21248K, 21% used [0x000000009e000000,0x000000009e48e3f8,0x000000009f4c0000)
Event: 5.459 GC heap after
Heap after GC invocations=10 (full 1):
 PSYoungGen      total 213120K, used 25710K [0x00000000e10b0000, 0x00000000f50a0000, 0x0000000100000000)
  eden space 187200K, 0% used [0x00000000e10b0000,0x00000000e10b0000,0x00000000ec780000)
  from space 25920K, 99% used [0x00000000ec780000,0x00000000ee09b818,0x00000000ee0d0000)
  to   space 30272K, 0% used [0x00000000f3310000,0x00000000f3310000,0x00000000f50a0000)
 ParOldGen       total 91328K, used 51961K [0x00000000a3200000, 0x00000000a8b30000, 0x00000000e10b0000)
  object space 91328K, 56% used [0x00000000a3200000,0x00000000a64be5e0,0x00000000a8b30000)
 PSPermGen       total 21248K, used 4664K [0x000000009e000000, 0x000000009f4c0000, 0x00000000a3200000)
  object space 21248K, 21% used [0x000000009e000000,0x000000009e48e3f8,0x000000009f4c0000)
}
Event: 6.513 GC heap before
{Heap before GC invocations=11 (full 1):
 PSYoungGen      total 213120K, used 212910K [0x00000000e10b0000, 0x00000000f50a0000, 0x0000000100000000)
  eden space 187200K, 100% used [0x00000000e10b0000,0x00000000ec780000,0x00000000ec780000)
  from space 25920K, 99% used [0x00000000ec780000,0x00000000ee09b818,0x00000000ee0d0000)
  to   space 30272K, 0% used [0x00000000f3310000,0x00000000f3310000,0x00000000f50a0000)
 ParOldGen       total 91328K, used 51961K [0x00000000a3200000, 0x00000000a8b30000, 0x00000000e10b0000)
  object space 91328K, 56% used [0x00000000a3200000,0x00000000a64be5e0,0x00000000a8b30000)
 PSPermGen       total 21248K, used 4664K [0x000000009e000000, 0x000000009f4c0000, 0x00000000a3200000)
  object space 21248K, 21% used [0x000000009e000000,0x000000009e48e3f8,0x000000009f4c0000)
Event: 6.556 GC heap after
Heap after GC invocations=11 (full 1):
 PSYoungGen      total 296192K, used 20349K [0x00000000e10b0000, 0x00000000f5600000, 0x0000000100000000)
  eden space 265920K, 0% used [0x00000000e10b0000,0x00000000e10b0000,0x00000000f1460000)
  from space 30272K, 67% used [0x00000000f3310000,0x00000000f46ef680,0x00000000f50a0000)
  to   space 31424K, 0% used [0x00000000f1460000,0x00000000f1460000,0x00000000f3310000)
 ParOldGen       total 91328K, used 51961K [0x00000000a3200000, 0x00000000a8b30000, 0x00000000e10b0000)
  object space 91328K, 56% used [0x00000000a3200000,0x00000000a64be5e0,0x00000000a8b30000)
 PSPermGen       total 21248K, used 4664K [0x000000009e000000, 0x000000009f4c0000, 0x00000000a3200000)
  object space 21248K, 21% used [0x000000009e000000,0x000000009e48e3f8,0x000000009f4c0000)
}
Event: 8.536 GC heap before
{Heap before GC invocations=12 (full 1):
 PSYoungGen      total 296192K, used 286269K [0x00000000e10b0000, 0x00000000f5600000, 0x0000000100000000)
  eden space 265920K, 100% used [0x00000000e10b0000,0x00000000f1460000,0x00000000f1460000)
  from space 30272K, 67% used [0x00000000f3310000,0x00000000f46ef680,0x00000000f50a0000)
  to   space 31424K, 0% used [0x00000000f1460000,0x00000000f1460000,0x00000000f3310000)
 ParOldGen       total 91328K, used 51961K [0x00000000a3200000, 0x00000000a8b30000, 0x00000000e10b0000)
  object space 91328K, 56% used [0x00000000a3200000,0x00000000a64be5e0,0x00000000a8b30000)
 PSPermGen       total 21248K, used 4665K [0x000000009e000000, 0x000000009f4c0000, 0x00000000a3200000)
  object space 21248K, 21% used [0x000000009e000000,0x000000009e48e728,0x000000009f4c0000)
Event: 8.584 GC heap after
Heap after GC invocations=12 (full 1):
 PSYoungGen      total 297344K, used 29873K [0x00000000e10b0000, 0x00000000fcc40000, 0x0000000100000000)
  eden space 265920K, 0% used [0x00000000e10b0000,0x00000000e10b0000,0x00000000f1460000)
  from space 31424K, 95% used [0x00000000f1460000,0x00000000f318c730,0x00000000f3310000)
  to   space 35712K, 0% used [0x00000000fa960000,0x00000000fa960000,0x00000000fcc40000)
 ParOldGen       total 91328K, used 53212K [0x00000000a3200000, 0x00000000a8b30000, 0x00000000e10b0000)
  object space 91328K, 58% used [0x00000000a3200000,0x00000000a65f71e8,0x00000000a8b30000)
 PSPermGen       total 21248K, used 4665K [0x000000009e000000, 0x000000009f4c0000, 0x00000000a3200000)
  object space 21248K, 21% used [0x000000009e000000,0x000000009e48e728,0x000000009f4c0000)
}
Event: 10.396 GC heap before
{Heap before GC invocations=13 (full 1):
 PSYoungGen      total 297344K, used 294689K [0x00000000e10b0000, 0x00000000fcc40000, 0x0000000100000000)
  eden space 265920K, 99% used [0x00000000e10b0000,0x00000000f134be10,0x00000000f1460000)
  from space 31424K, 95% used [0x00000000f1460000,0x00000000f318c730,0x00000000f3310000)
  to   space 35712K, 0% used [0x00000000fa960000,0x00000000fa960000,0x00000000fcc40000)
 ParOldGen       total 91328K, used 53212K [0x00000000a3200000, 0x00000000a8b30000, 0x00000000e10b0000)
  object space 91328K, 58% used [0x00000000a3200000,0x00000000a65f71e8,0x00000000a8b30000)
 PSPermGen       total 21248K, used 4667K [0x000000009e000000, 0x000000009f4c0000, 0x00000000a3200000)
  object space 21248K, 21% used [0x000000009e000000,0x000000009e48ed60,0x000000009f4c0000)
Event: 10.402 GC heap after
Heap after GC invocations=13 (full 1):
 PSYoungGen      total 400832K, used 6173K [0x00000000e10b0000, 0x00000000fc310000, 0x0000000100000000)
  eden space 374528K, 0% used [0x00000000e10b0000,0x00000000e10b0000,0x00000000f7e70000)
  from space 26304K, 23% used [0x00000000fa960000,0x00000000faf67490,0x00000000fc310000)
  to   space 35136K, 0% used [0x00000000f7e70000,0x00000000f7e70000,0x00000000fa0c0000)
 ParOldGen       total 91328K, used 54772K [0x00000000a3200000, 0x00000000a8b30000, 0x00000000e10b0000)
  object space 91328K, 59% used [0x00000000a3200000,0x00000000a677d1e8,0x00000000a8b30000)
 PSPermGen       total 21248K, used 4667K [0x000000009e000000, 0x000000009f4c0000, 0x00000000a3200000)
  object space 21248K, 21% used [0x000000009e000000,0x000000009e48ed60,0x000000009f4c0000)
}

Deoptimization events (4 events):
Event: 0.594 Thread 0x000000000224b000 Uncommon trap -83 fr.pc 0x00000000026f5958
Event: 0.598 Thread 0x000000000224b000 Uncommon trap -83 fr.pc 0x00000000026f51e0
Event: 1.061 Thread 0x000000000224b000 Uncommon trap 27 fr.pc 0x00000000026fe620
Event: 13.367 Thread 0x000000000224b000 Uncommon trap -34 fr.pc 0x0000000002722158

Internal exceptions (10 events):
Event: 13.685 Thread 0x000000000224b000 Threw 0x00000000f6a005f8 at C:\jdk7u2_64p\jdk7u21\hotspot\src\share\vm\prims\jvm.cpp:1166
Event: 13.685 Thread 0x000000000224b000 Threw 0x00000000f6a05360 at C:\jdk7u2_64p\jdk7u21\hotspot\src\share\vm\prims\jvm.cpp:1166
Event: 13.686 Thread 0x000000000224b000 Threw 0x00000000f6a09f18 at C:\jdk7u2_64p\jdk7u21\hotspot\src\share\vm\prims\jvm.cpp:1166
Event: 13.686 Thread 0x000000000224b000 Threw 0x00000000f6a0f820 at C:\jdk7u2_64p\jdk7u21\hotspot\src\share\vm\prims\jvm.cpp:1166
Event: 13.687 Thread 0x000000000224b000 Threw 0x00000000f6a149d0 at C:\jdk7u2_64p\jdk7u21\hotspot\src\share\vm\prims\jvm.cpp:1166
Event: 13.719 Thread 0x000000000224b000 Threw 0x00000000f6a82290 at C:\jdk7u2_64p\jdk7u21\hotspot\src\share\vm\prims\jvm.cpp:1166
Event: 13.720 Thread 0x000000000224b000 Threw 0x00000000f6a86670 at C:\jdk7u2_64p\jdk7u21\hotspot\src\share\vm\prims\jvm.cpp:1166
Event: 13.724 Thread 0x000000000224b000 Threw 0x00000000f6a8fe10 at C:\jdk7u2_64p\jdk7u21\hotspot\src\share\vm\prims\jvm.cpp:1166
Event: 13.725 Thread 0x000000000224b000 Threw 0x00000000f6a94be0 at C:\jdk7u2_64p\jdk7u21\hotspot\src\share\vm\prims\jvm.cpp:1166
Event: 13.728 Thread 0x000000000224b000 Threw 0x00000000f6a9a060 at C:\jdk7u2_64p\jdk7u21\hotspot\src\share\vm\prims\jvm.cpp:1166

Events (10 events):
Event: 13.720 loading class 0x000000000c07c370
Event: 13.720 loading class 0x000000000c07c370 done
Event: 13.724 loading class 0x000000000c07c8c0
Event: 13.724 loading class 0x000000000c07c8c0 done
Event: 13.725 loading class 0x000000000c07c870
Event: 13.725 loading class 0x000000000c07c870 done
Event: 13.728 loading class 0x000000000c44d8c0
Event: 13.728 loading class 0x000000000c44d8c0 done
Event: 13.729 loading class 0x000000000a3a3f00
Event: 13.729 loading class 0x000000000a3a3f00 done


Dynamic libraries:
0x000000013f400000 - 0x000000013f433000 	C:\Program Files\Java\jdk1.7.0_21\bin\java.exe
0x0000000076e20000 - 0x0000000076fc9000 	C:\Windows\SYSTEM32\ntdll.dll
0x0000000076ac0000 - 0x0000000076bdf000 	C:\Windows\system32\kernel32.dll
0x000007fefcb40000 - 0x000007fefcbab000 	C:\Windows\system32\KERNELBASE.dll
0x000007fefd130000 - 0x000007fefd20b000 	C:\Windows\system32\ADVAPI32.dll
0x000007fefed40000 - 0x000007fefeddf000 	C:\Windows\system32\msvcrt.dll
0x000007feff110000 - 0x000007feff12f000 	C:\Windows\SYSTEM32\sechost.dll
0x000007fefd980000 - 0x000007fefdaad000 	C:\Windows\system32\RPCRT4.dll
0x0000000076d20000 - 0x0000000076e1a000 	C:\Windows\system32\USER32.dll
0x000007fefec30000 - 0x000007fefec97000 	C:\Windows\system32\GDI32.dll
0x000007fefeb50000 - 0x000007fefeb5e000 	C:\Windows\system32\LPK.dll
0x000007fefeb60000 - 0x000007fefec29000 	C:\Windows\system32\USP10.dll
0x000007fefb430000 - 0x000007fefb624000 	C:\Windows\WinSxS\amd64_microsoft.windows.common-controls_6595b64144ccf1df_6.0.7601.17514_none_fa396087175ac9ac\COMCTL32.dll
0x000007fefdbe0000 - 0x000007fefdc51000 	C:\Windows\system32\SHLWAPI.dll
0x000007fefdab0000 - 0x000007fefdade000 	C:\Windows\system32\IMM32.DLL
0x000007fefd2f0000 - 0x000007fefd3f9000 	C:\Windows\system32\MSCTF.dll
0x000000005ca80000 - 0x000000005cb51000 	C:\Program Files\Java\jdk1.7.0_21\jre\bin\msvcr100.dll
0x000000006deb0000 - 0x000000006e5d1000 	C:\Program Files\Java\jdk1.7.0_21\jre\bin\server\jvm.dll
0x000007fef90f0000 - 0x000007fef90f9000 	C:\Windows\system32\WSOCK32.dll
0x000007fefd210000 - 0x000007fefd25d000 	C:\Windows\system32\WS2_32.dll
0x000007fefd260000 - 0x000007fefd268000 	C:\Windows\system32\NSI.dll
0x000007fefcaa0000 - 0x000007fefcadb000 	C:\Windows\system32\WINMM.dll
0x0000000076fe0000 - 0x0000000076fe7000 	C:\Windows\system32\PSAPI.DLL
0x000000005f520000 - 0x000000005f52f000 	C:\Program Files\Java\jdk1.7.0_21\jre\bin\verify.dll
0x000000005f2b0000 - 0x000000005f2d8000 	C:\Program Files\Java\jdk1.7.0_21\jre\bin\java.dll
0x000000005f2f0000 - 0x000000005f305000 	C:\Program Files\Java\jdk1.7.0_21\jre\bin\zip.dll
0x000007fefa6f0000 - 0x000007fefa700000 	D:\Program Files (x86)\JetBrains\IntelliJ IDEA 13.0\bin\breakgen64.dll
0x000000005dd30000 - 0x000000005dd49000 	C:\Program Files\Java\jdk1.7.0_21\jre\bin\net.dll
0x000007fefc200000 - 0x000007fefc255000 	C:\Windows\system32\mswsock.dll
0x000007fefc1f0000 - 0x000007fefc1f7000 	C:\Windows\System32\wship6.dll
0x000000005b820000 - 0x000000005b9b3000 	C:\Program Files\Java\jdk1.7.0_21\jre\bin\awt.dll
0x000007feff030000 - 0x000007feff107000 	C:\Windows\system32\OLEAUT32.dll
0x000007fefd6d0000 - 0x000007fefd8d3000 	C:\Windows\system32\ole32.dll
0x000000005df20000 - 0x000000005df50000 	C:\Program Files\Java\jdk1.7.0_21\jre\bin\jpeg.dll
0x000000005d370000 - 0x000000005d408000 	C:\Windows\System32\msvcp100.dll
0x000007fee6b60000 - 0x000007fee6dd2000 	D:\workspace\dandan\opencv\build\x64\vc10\bin\opencv_core248.dll
0x000007fee6ac0000 - 0x000007fee6b5a000 	C:\Users\pairwinter\AppData\Local\Temp\javacpp68726795543970\jniopencv_core.dll
0x000007fef5d10000 - 0x000007fef5e35000 	C:\Windows\system32\dbghelp.dll

VM Arguments:
jvm_args: -Didea.launcher.port=7532 -Didea.launcher.bin.path=D:\Program Files (x86)\JetBrains\IntelliJ IDEA 13.0\bin -Dfile.encoding=UTF-8 
java_command: com.intellij.rt.execution.application.AppMain com.wendy.plsa.BuildKmeans
Launcher Type: SUN_STANDARD

Environment Variables:
JAVA_HOME=C:\Program Files\Java\jdk1.6.0_30
PATH=C:\Program Files (x86)\AMD APP\bin\x86_64;C:\Program Files (x86)\AMD APP\bin\x86;C:\Users\pairwinter\Documents\AMD APP\bin\x86_64;C:\Users\pairwinter\Documents\AMD APP\bin\x86;C:\Program Files\Common Files\Microsoft Shared\Windows Live;C:\Program Files (x86)\Common Files\Microsoft Shared\Windows Live;C:\Windows\system32;C:\Windows;C:\Windows\System32\Wbem;C:\Windows\System32\WindowsPowerShell\v1.0\;C:\Program Files\Intel\WiFi\bin\;C:\Program Files\Common Files\Intel\WirelessCommon\;C:\Program Files (x86)\ATI Technologies\ATI.ACE\Core-Static;C:\Program Files\Java\jdk1.6.0_30\bin;D:\tools\javatools\apache-maven\apache-maven-3.0.4\bin;D:\tools\database\mongodb\bin;C:\Program Files (x86)\Windows Live\Shared;D:\tools\javatools\spring-roo-1.2.3.RELEASE\bin;D:\tools\android\android-sdk\platform-tools;C:\Program Files\nodejs\;D:\Program Files\TortoiseSVN\bin;C:\Program Files\Java\jdk1.6.0_30\bin;C:\Users\pairwinter\AppData\Roaming\npm;C:\Program Files (x86)\Git\bin;D:\workspace\dandan\opencv\build\x64\vc10\bin
USERNAME=pairwinter
OS=Windows_NT
PROCESSOR_IDENTIFIER=Intel64 Family 6 Model 37 Stepping 2, GenuineIntel



---------------  S Y S T E M  ---------------

OS: Windows 7 , 64 bit Build 7601 Service Pack 1

CPU:total 4 (2 cores per cpu, 2 threads per core) family 6 model 37 stepping 2, cmov, cx8, fxsr, mmx, sse, sse2, sse3, ssse3, sse4.1, sse4.2, popcnt, ht, tsc, tscinvbit

Memory: 4k page, physical 6083048k(924636k free), swap 12164232k(5438500k free)

vm_info: Java HotSpot(TM) 64-Bit Server VM (23.21-b01) for windows-amd64 JRE (1.7.0_21-b11), built on Apr  4 2013 08:11:28 by "java_re" with unknown MS VC++:1600

time: Sun Mar 23 08:26:30 2014
elapsed time: 14 seconds

